BUILD: [Thrd:Sequence:Type  ] Message
BUILD: [00:0000000000:PROGC ] Build started with parameters: -c
BUILD: [00:0000000001:PROGC ] Build started in directory: C:\WINCE600\PLATFORM\Z2170P\SRC\BOOTLOADER
BUILD: [00:0000000002:PROGC ] Checking for C:\WINCE600\sdk\bin\i386\srccheck.exe.
BUILD: [00:0000000003:PROGC ] Running passes WCEFILES0, MIDL, MC, ASN, THUNK, PRECOMPHEADER, COMPILE, LIB, LINK, MANAGEDRESX, MANAGEDMOD, MANAGEDDLL, MANAGEDEXE, MANAGEDWIN for ARM.
BUILD: [00:0000000004:PROGC ] Ignoring build database (-c specified).
BUILD: [00:0000000005:PROGC ] Computing include file dependencies:
BUILD: [00:0000000006:PROGC ] Checking for SDK include directory: C:\WINCE600\sdk\CE\inc.
BUILD: [00:0000000007:PROGC ] Scan C:\WINCE600\PLATFORM\Z2170P\SRC\BOOTLOADER\EBOOT\NAND\
BUILD: [00:0000000008:PROGC ] Scan C:\WINCE600\PLATFORM\Z2170P\SRC\BOOTLOADER\EBOOT\SDMEMORY\
BUILD: [00:0000000009:PROGC ] Scan C:\WINCE600\PLATFORM\Z2170P\SRC\BOOTLOADER\STUB\EBOOT\
BUILD: [00:0000000010:PROGC ] Scan C:\WINCE600\PLATFORM\Z2170P\SRC\BOOTLOADER\STUB\XLDR\
BUILD: [00:0000000011:PROGC ] Scan C:\WINCE600\PLATFORM\Z2170P\SRC\BOOTLOADER\DISPLAY\
BUILD: [00:0000000012:PROGC ] Scan C:\WINCE600\PLATFORM\Z2170P\SRC\BOOTLOADER\XLDR\NAND\
BUILD: [00:0000000013:PROGC ] Scan C:\WINCE600\PLATFORM\Z2170P\SRC\BOOTLOADER\XLDR\UART\
BUILD: [00:0000000014:PROGC ] Scan C:\WINCE600\PLATFORM\Z2170P\SRC\BOOTLOADER\XLDR\SDMEMORY\
BUILD: [00:0000000015:PROGC ] Saving C:\WINCE600\PLATFORM\Z2170P\Build.dat.
BUILD: [00:0000000016:INFO  ] Done.
BUILD: [00:0000000017:INFO  ] Will Build C:\WINCE600\PLATFORM\Z2170P\SRC\BOOTLOADER\EBOOT\main.c because target: obj\ARMV4I\retail\main.obj is missing.
BUILD: [00:0000000018:INFO  ] Will Build C:\WINCE600\PLATFORM\Z2170P\SRC\BOOTLOADER\EBOOT\hotkey.c because target: obj\ARMV4I\retail\hotkey.obj is missing.
BUILD: [00:0000000019:INFO  ] Will Build C:\WINCE600\PLATFORM\Z2170P\SRC\BOOTLOADER\EBOOT\map.c because target: obj\ARMV4I\retail\map.obj is missing.
BUILD: [00:0000000020:INFO  ] Will Build C:\WINCE600\PLATFORM\Z2170P\SRC\BOOTLOADER\EBOOT\eth.c because target: obj\ARMV4I\retail\eth.obj is missing.
BUILD: [00:0000000021:INFO  ] Will Build C:\WINCE600\PLATFORM\Z2170P\SRC\BOOTLOADER\EBOOT\menu.c because target: obj\ARMV4I\retail\menu.obj is missing.
BUILD: [00:0000000022:INFO  ] Will Build C:\WINCE600\PLATFORM\Z2170P\SRC\BOOTLOADER\EBOOT\stub.c because target: obj\ARMV4I\retail\stub.obj is missing.
BUILD: [00:0000000023:INFO  ] Will Build C:\WINCE600\PLATFORM\Z2170P\SRC\BOOTLOADER\EBOOT\flashmenu.c because target: obj\ARMV4I\retail\flashmenu.obj is missing.
BUILD: [00:0000000024:INFO  ] Will Build C:\WINCE600\PLATFORM\Z2170P\SRC\BOOTLOADER\EBOOT\mmu.c because target: obj\ARMV4I\retail\mmu.obj is missing.
BUILD: [00:0000000025:INFO  ] Will Build C:\WINCE600\PLATFORM\Z2170P\SRC\BOOTLOADER\EBOOT\NAND\flash.c because target: obj\ARMV4I\retail\flash.obj is missing.
BUILD: [00:0000000026:INFO  ] Will Build C:\WINCE600\PLATFORM\Z2170P\SRC\BOOTLOADER\EBOOT\NAND\cfg.c because target: obj\ARMV4I\retail\cfg.obj is missing.
BUILD: [00:0000000027:INFO  ] Will Build C:\WINCE600\PLATFORM\Z2170P\SRC\BOOTLOADER\EBOOT\startup.s because target: obj\ARMV4I\retail\startup.obj is missing.
BUILD: [00:0000000028:INFO  ] Will Build C:\WINCE600\PLATFORM\Z2170P\SRC\BOOTLOADER\EBOOT\jumpto.s because target: obj\ARMV4I\retail\jumpto.obj is missing.
BUILD: [00:0000000029:INFO  ] Will Build C:\WINCE600\PLATFORM\Z2170P\SRC\BOOTLOADER\EBOOT\NAND\ because target: BootImage is missing.
BUILD: [00:0000000030:PROGC ] Building COMPILE Pass in C:\WINCE600\PLATFORM\Z2170P\SRC\BOOTLOADER\EBOOT\NAND\ directory.
BUILD: [00:0000000031:PROG  ] 'NMAKE.EXE TargetCompilePass  -i -c BUILDMSG=Stop.  BUILDROOT=C:\WINCE600\PLATFORM\Z2170P CLEANBUILD=1 NOLINK=1 NOPASS0=1'
BUILD: [01:0000000032:INFO  ] makefile.def: Including C:\WINCE600\public\common\oak\misc\Sources.default
BUILD: [01:0000000033:INFO  ] makefile.def: BUILDROOT is C:\WINCE600\PLATFORM\Z2170P
BUILD: [01:0000000034:INFO  ] makefile.def: Including C:\WINCE600\PLATFORM\Z2170P\sources.cmn
BUILD: [01:0000000035:INFO  ] makefile.def: Including C:\WINCE600\PLATFORM\Z2170P\SRC\BOOTLOADER\EBOOT\NAND\sources
BUILD: [01:0000000036:INFO  ] makefile.def: Including C:\WINCE600\public\common\oak\misc\Sources.CE
BUILD: [01:0000000037:INFO  ] Directory: C:\WINCE600\PLATFORM\Z2170P\SRC\BOOTLOADER\EBOOT\NAND
BUILD: [01:0000000038:INFO  ] TARGETNAME: ebootnd
BUILD: [01:0000000039:INFO  ] makefile.def: Including C:\WINCE600\public\common\oak\misc\sources.ReleaseType_PLATFORM
BUILD: [01:0000000040:INFO  ] FULLLIBC.LIB found in TARGETLIBS; forcing NOLIBC=1
BUILD: [01:0000000041:INFO  ] FULLLIBC.LIB found in TARGETLIBS; forcing NOCRTDLL=1
BUILD: [01:0000000042:PROGC ] Compiling ..\main.c
BUILD: [01:0000000043:INFO  ] cl -nologo   /Gy -Foobj\ARMV4I\retail\main.obj -c -IARM\ -I. -IC:\WINCE600\platform\COMMON\src\inc -IC:\WINCE600\platform\Z2170P\src\inc -IC:\WINCE600\platform\COMMON\src\soc\COMMON_TI_V1\TRITON\inc -IC:\WINCE600\platform\COMMON\src\soc\COMMON_TI_V1\TPS659xx\inc -IC:\WINCE600\platform\COMMON\src\soc\COMMON_TI_V1\COMMON_TI\inc -IC:\WINCE600\platform\COMMON\src\soc\COMMON_TI_V1\OMAP3530\inc -IC:\WINCE600\platform\Z2170P\src\inc\OEMDefs -IC:\WINCE600\public\common\oak\drivers\block\msflashfmd\inc -I.. -IC:\WINCE600\public\common\sdk\inc -IC:\WINCE600\public\common\oak\inc -IC:\WINCE600\public\common\ddk\inc -IC:\WINCE600\sdk\CE\inc -I.\Resource\0409 -Ox -Os -GF -Zi -FdC:\WINCE600\platform\Z2170P\target\ARMV4I\retail\ebootnd.pdb -D_CRT_SECURE_NO_DEPRECATE -D_USE_32BIT_TIME_T -DUNICODE -D_UNICODE -DUNDER_CE=600 -D_WIN32_WCE=0x600 -DWINCEOEM -DWINCEINTERNAL -DWIN32 -DSTRICT -DARM -DARMV4I -D_ARM_ -DNDEBUG=1  -D_SOC_MODEL=OMAP3530 -D_TRITON_MODEL=TPS659xx -DCEDDK_USEDDKMACRO -D_WINCEOSVER=600 -DBSP_EVM2 -DBSP_OPM_SELECT_37XX=4 -DBSP_OPM_SELECT_35XX=5 -DBSP_RTC_WAKES_CPU -DBSP_SDRAM_BANK1_ENABLE -DCOREDLL -DINTERNATIONAL -DINTLMSG_CODEPAGE=1252 -FAsc -Faobj\ARMV4I\retail\main.cod -WX -QRimplicit-import- -Zi  -Zc:wchar_t- -Zc:forScope- -wd4867 -wd4430 -MT -U_MT -W4 /analyze   /GR- -QRarch4T -DTHUMBSUPPORT -QRinterwork-return  /GS C:\WINCE600\PLATFORM\Z2170P\SRC\BOOTLOADER\EBOOT\NAND\..\main.c
BUILD: [01:0000000044:INFO  ] main.c
BUILD: [01:0000000045:PROGC ] Compiling ..\hotkey.c
BUILD: [01:0000000046:INFO  ] cl -nologo   /Gy -Foobj\ARMV4I\retail\hotkey.obj -c -IARM\ -I. -IC:\WINCE600\platform\COMMON\src\inc -IC:\WINCE600\platform\Z2170P\src\inc -IC:\WINCE600\platform\COMMON\src\soc\COMMON_TI_V1\TRITON\inc -IC:\WINCE600\platform\COMMON\src\soc\COMMON_TI_V1\TPS659xx\inc -IC:\WINCE600\platform\COMMON\src\soc\COMMON_TI_V1\COMMON_TI\inc -IC:\WINCE600\platform\COMMON\src\soc\COMMON_TI_V1\OMAP3530\inc -IC:\WINCE600\platform\Z2170P\src\inc\OEMDefs -IC:\WINCE600\public\common\oak\drivers\block\msflashfmd\inc -I.. -IC:\WINCE600\public\common\sdk\inc -IC:\WINCE600\public\common\oak\inc -IC:\WINCE600\public\common\ddk\inc -IC:\WINCE600\sdk\CE\inc -I.\Resource\0409 -Ox -Os -GF -Zi -FdC:\WINCE600\platform\Z2170P\target\ARMV4I\retail\ebootnd.pdb -D_CRT_SECURE_NO_DEPRECATE -D_USE_32BIT_TIME_T -DUNICODE -D_UNICODE -DUNDER_CE=600 -D_WIN32_WCE=0x600 -DWINCEOEM -DWINCEINTERNAL -DWIN32 -DSTRICT -DARM -DARMV4I -D_ARM_ -DNDEBUG=1  -D_SOC_MODEL=OMAP3530 -D_TRITON_MODEL=TPS659xx -DCEDDK_USEDDKMACRO -D_WINCEOSVER=600 -DBSP_EVM2 -DBSP_OPM_SELECT_37XX=4 -DBSP_OPM_SELECT_35XX=5 -DBSP_RTC_WAKES_CPU -DBSP_SDRAM_BANK1_ENABLE -DCOREDLL -DINTERNATIONAL -DINTLMSG_CODEPAGE=1252 -FAsc -Faobj\ARMV4I\retail\hotkey.cod -WX -QRimplicit-import- -Zi  -Zc:wchar_t- -Zc:forScope- -wd4867 -wd4430 -MT -U_MT -W4 /analyze   /GR- -QRarch4T -DTHUMBSUPPORT -QRinterwork-return  /GS C:\WINCE600\PLATFORM\Z2170P\SRC\BOOTLOADER\EBOOT\NAND\..\hotkey.c
BUILD: [01:0000000047:INFO  ] hotkey.c
BUILD: [01:0000000048:PROGC ] Compiling ..\map.c
BUILD: [01:0000000049:INFO  ] cl -nologo   /Gy -Foobj\ARMV4I\retail\map.obj -c -IARM\ -I. -IC:\WINCE600\platform\COMMON\src\inc -IC:\WINCE600\platform\Z2170P\src\inc -IC:\WINCE600\platform\COMMON\src\soc\COMMON_TI_V1\TRITON\inc -IC:\WINCE600\platform\COMMON\src\soc\COMMON_TI_V1\TPS659xx\inc -IC:\WINCE600\platform\COMMON\src\soc\COMMON_TI_V1\COMMON_TI\inc -IC:\WINCE600\platform\COMMON\src\soc\COMMON_TI_V1\OMAP3530\inc -IC:\WINCE600\platform\Z2170P\src\inc\OEMDefs -IC:\WINCE600\public\common\oak\drivers\block\msflashfmd\inc -I.. -IC:\WINCE600\public\common\sdk\inc -IC:\WINCE600\public\common\oak\inc -IC:\WINCE600\public\common\ddk\inc -IC:\WINCE600\sdk\CE\inc -I.\Resource\0409 -Ox -Os -GF -Zi -FdC:\WINCE600\platform\Z2170P\target\ARMV4I\retail\ebootnd.pdb -D_CRT_SECURE_NO_DEPRECATE -D_USE_32BIT_TIME_T -DUNICODE -D_UNICODE -DUNDER_CE=600 -D_WIN32_WCE=0x600 -DWINCEOEM -DWINCEINTERNAL -DWIN32 -DSTRICT -DARM -DARMV4I -D_ARM_ -DNDEBUG=1  -D_SOC_MODEL=OMAP3530 -D_TRITON_MODEL=TPS659xx -DCEDDK_USEDDKMACRO -D_WINCEOSVER=600 -DBSP_EVM2 -DBSP_OPM_SELECT_37XX=4 -DBSP_OPM_SELECT_35XX=5 -DBSP_RTC_WAKES_CPU -DBSP_SDRAM_BANK1_ENABLE -DCOREDLL -DINTERNATIONAL -DINTLMSG_CODEPAGE=1252 -FAsc -Faobj\ARMV4I\retail\map.cod -WX -QRimplicit-import- -Zi  -Zc:wchar_t- -Zc:forScope- -wd4867 -wd4430 -MT -U_MT -W4 /analyze   /GR- -QRarch4T -DTHUMBSUPPORT -QRinterwork-return  /GS C:\WINCE600\PLATFORM\Z2170P\SRC\BOOTLOADER\EBOOT\NAND\..\map.c
BUILD: [01:0000000050:INFO  ] map.c
BUILD: [01:0000000051:PROGC ] Compiling ..\eth.c
BUILD: [01:0000000052:INFO  ] cl -nologo   /Gy -Foobj\ARMV4I\retail\eth.obj -c -IARM\ -I. -IC:\WINCE600\platform\COMMON\src\inc -IC:\WINCE600\platform\Z2170P\src\inc -IC:\WINCE600\platform\COMMON\src\soc\COMMON_TI_V1\TRITON\inc -IC:\WINCE600\platform\COMMON\src\soc\COMMON_TI_V1\TPS659xx\inc -IC:\WINCE600\platform\COMMON\src\soc\COMMON_TI_V1\COMMON_TI\inc -IC:\WINCE600\platform\COMMON\src\soc\COMMON_TI_V1\OMAP3530\inc -IC:\WINCE600\platform\Z2170P\src\inc\OEMDefs -IC:\WINCE600\public\common\oak\drivers\block\msflashfmd\inc -I.. -IC:\WINCE600\public\common\sdk\inc -IC:\WINCE600\public\common\oak\inc -IC:\WINCE600\public\common\ddk\inc -IC:\WINCE600\sdk\CE\inc -I.\Resource\0409 -Ox -Os -GF -Zi -FdC:\WINCE600\platform\Z2170P\target\ARMV4I\retail\ebootnd.pdb -D_CRT_SECURE_NO_DEPRECATE -D_USE_32BIT_TIME_T -DUNICODE -D_UNICODE -DUNDER_CE=600 -D_WIN32_WCE=0x600 -DWINCEOEM -DWINCEINTERNAL -DWIN32 -DSTRICT -DARM -DARMV4I -D_ARM_ -DNDEBUG=1  -D_SOC_MODEL=OMAP3530 -D_TRITON_MODEL=TPS659xx -DCEDDK_USEDDKMACRO -D_WINCEOSVER=600 -DBSP_EVM2 -DBSP_OPM_SELECT_37XX=4 -DBSP_OPM_SELECT_35XX=5 -DBSP_RTC_WAKES_CPU -DBSP_SDRAM_BANK1_ENABLE -DCOREDLL -DINTERNATIONAL -DINTLMSG_CODEPAGE=1252 -FAsc -Faobj\ARMV4I\retail\eth.cod -WX -QRimplicit-import- -Zi  -Zc:wchar_t- -Zc:forScope- -wd4867 -wd4430 -MT -U_MT -W4 /analyze   /GR- -QRarch4T -DTHUMBSUPPORT -QRinterwork-return  /GS C:\WINCE600\PLATFORM\Z2170P\SRC\BOOTLOADER\EBOOT\NAND\..\eth.c
BUILD: [01:0000000053:INFO  ] eth.c
BUILD: [01:0000000054:PROGC ] Compiling ..\menu.c
BUILD: [01:0000000055:INFO  ] cl -nologo   /Gy -Foobj\ARMV4I\retail\menu.obj -c -IARM\ -I. -IC:\WINCE600\platform\COMMON\src\inc -IC:\WINCE600\platform\Z2170P\src\inc -IC:\WINCE600\platform\COMMON\src\soc\COMMON_TI_V1\TRITON\inc -IC:\WINCE600\platform\COMMON\src\soc\COMMON_TI_V1\TPS659xx\inc -IC:\WINCE600\platform\COMMON\src\soc\COMMON_TI_V1\COMMON_TI\inc -IC:\WINCE600\platform\COMMON\src\soc\COMMON_TI_V1\OMAP3530\inc -IC:\WINCE600\platform\Z2170P\src\inc\OEMDefs -IC:\WINCE600\public\common\oak\drivers\block\msflashfmd\inc -I.. -IC:\WINCE600\public\common\sdk\inc -IC:\WINCE600\public\common\oak\inc -IC:\WINCE600\public\common\ddk\inc -IC:\WINCE600\sdk\CE\inc -I.\Resource\0409 -Ox -Os -GF -Zi -FdC:\WINCE600\platform\Z2170P\target\ARMV4I\retail\ebootnd.pdb -D_CRT_SECURE_NO_DEPRECATE -D_USE_32BIT_TIME_T -DUNICODE -D_UNICODE -DUNDER_CE=600 -D_WIN32_WCE=0x600 -DWINCEOEM -DWINCEINTERNAL -DWIN32 -DSTRICT -DARM -DARMV4I -D_ARM_ -DNDEBUG=1  -D_SOC_MODEL=OMAP3530 -D_TRITON_MODEL=TPS659xx -DCEDDK_USEDDKMACRO -D_WINCEOSVER=600 -DBSP_EVM2 -DBSP_OPM_SELECT_37XX=4 -DBSP_OPM_SELECT_35XX=5 -DBSP_RTC_WAKES_CPU -DBSP_SDRAM_BANK1_ENABLE -DCOREDLL -DINTERNATIONAL -DINTLMSG_CODEPAGE=1252 -FAsc -Faobj\ARMV4I\retail\menu.cod -WX -QRimplicit-import- -Zi  -Zc:wchar_t- -Zc:forScope- -wd4867 -wd4430 -MT -U_MT -W4 /analyze   /GR- -QRarch4T -DTHUMBSUPPORT -QRinterwork-return  /GS C:\WINCE600\PLATFORM\Z2170P\SRC\BOOTLOADER\EBOOT\NAND\..\menu.c
BUILD: [01:0000000056:INFO  ] menu.c
BUILD: [01:0000000057:PROGC ] Compiling ..\stub.c
BUILD: [01:0000000058:INFO  ] cl -nologo   /Gy -Foobj\ARMV4I\retail\stub.obj -c -IARM\ -I. -IC:\WINCE600\platform\COMMON\src\inc -IC:\WINCE600\platform\Z2170P\src\inc -IC:\WINCE600\platform\COMMON\src\soc\COMMON_TI_V1\TRITON\inc -IC:\WINCE600\platform\COMMON\src\soc\COMMON_TI_V1\TPS659xx\inc -IC:\WINCE600\platform\COMMON\src\soc\COMMON_TI_V1\COMMON_TI\inc -IC:\WINCE600\platform\COMMON\src\soc\COMMON_TI_V1\OMAP3530\inc -IC:\WINCE600\platform\Z2170P\src\inc\OEMDefs -IC:\WINCE600\public\common\oak\drivers\block\msflashfmd\inc -I.. -IC:\WINCE600\public\common\sdk\inc -IC:\WINCE600\public\common\oak\inc -IC:\WINCE600\public\common\ddk\inc -IC:\WINCE600\sdk\CE\inc -I.\Resource\0409 -Ox -Os -GF -Zi -FdC:\WINCE600\platform\Z2170P\target\ARMV4I\retail\ebootnd.pdb -D_CRT_SECURE_NO_DEPRECATE -D_USE_32BIT_TIME_T -DUNICODE -D_UNICODE -DUNDER_CE=600 -D_WIN32_WCE=0x600 -DWINCEOEM -DWINCEINTERNAL -DWIN32 -DSTRICT -DARM -DARMV4I -D_ARM_ -DNDEBUG=1  -D_SOC_MODEL=OMAP3530 -D_TRITON_MODEL=TPS659xx -DCEDDK_USEDDKMACRO -D_WINCEOSVER=600 -DBSP_EVM2 -DBSP_OPM_SELECT_37XX=4 -DBSP_OPM_SELECT_35XX=5 -DBSP_RTC_WAKES_CPU -DBSP_SDRAM_BANK1_ENABLE -DCOREDLL -DINTERNATIONAL -DINTLMSG_CODEPAGE=1252 -FAsc -Faobj\ARMV4I\retail\stub.cod -WX -QRimplicit-import- -Zi  -Zc:wchar_t- -Zc:forScope- -wd4867 -wd4430 -MT -U_MT -W4 /analyze   /GR- -QRarch4T -DTHUMBSUPPORT -QRinterwork-return  /GS C:\WINCE600\PLATFORM\Z2170P\SRC\BOOTLOADER\EBOOT\NAND\..\stub.c
BUILD: [01:0000000059:INFO  ] stub.c
BUILD: [01:0000000060:PROGC ] Compiling ..\flashmenu.c
BUILD: [01:0000000061:INFO  ] cl -nologo   /Gy -Foobj\ARMV4I\retail\flashmenu.obj -c -IARM\ -I. -IC:\WINCE600\platform\COMMON\src\inc -IC:\WINCE600\platform\Z2170P\src\inc -IC:\WINCE600\platform\COMMON\src\soc\COMMON_TI_V1\TRITON\inc -IC:\WINCE600\platform\COMMON\src\soc\COMMON_TI_V1\TPS659xx\inc -IC:\WINCE600\platform\COMMON\src\soc\COMMON_TI_V1\COMMON_TI\inc -IC:\WINCE600\platform\COMMON\src\soc\COMMON_TI_V1\OMAP3530\inc -IC:\WINCE600\platform\Z2170P\src\inc\OEMDefs -IC:\WINCE600\public\common\oak\drivers\block\msflashfmd\inc -I.. -IC:\WINCE600\public\common\sdk\inc -IC:\WINCE600\public\common\oak\inc -IC:\WINCE600\public\common\ddk\inc -IC:\WINCE600\sdk\CE\inc -I.\Resource\0409 -Ox -Os -GF -Zi -FdC:\WINCE600\platform\Z2170P\target\ARMV4I\retail\ebootnd.pdb -D_CRT_SECURE_NO_DEPRECATE -D_USE_32BIT_TIME_T -DUNICODE -D_UNICODE -DUNDER_CE=600 -D_WIN32_WCE=0x600 -DWINCEOEM -DWINCEINTERNAL -DWIN32 -DSTRICT -DARM -DARMV4I -D_ARM_ -DNDEBUG=1  -D_SOC_MODEL=OMAP3530 -D_TRITON_MODEL=TPS659xx -DCEDDK_USEDDKMACRO -D_WINCEOSVER=600 -DBSP_EVM2 -DBSP_OPM_SELECT_37XX=4 -DBSP_OPM_SELECT_35XX=5 -DBSP_RTC_WAKES_CPU -DBSP_SDRAM_BANK1_ENABLE -DCOREDLL -DINTERNATIONAL -DINTLMSG_CODEPAGE=1252 -FAsc -Faobj\ARMV4I\retail\flashmenu.cod -WX -QRimplicit-import- -Zi  -Zc:wchar_t- -Zc:forScope- -wd4867 -wd4430 -MT -U_MT -W4 /analyze   /GR- -QRarch4T -DTHUMBSUPPORT -QRinterwork-return  /GS C:\WINCE600\PLATFORM\Z2170P\SRC\BOOTLOADER\EBOOT\NAND\..\flashmenu.c
BUILD: [01:0000000062:INFO  ] flashmenu.c
BUILD: [01:0000000063:PROGC ] Compiling ..\mmu.c
BUILD: [01:0000000064:INFO  ] cl -nologo   /Gy -Foobj\ARMV4I\retail\mmu.obj -c -IARM\ -I. -IC:\WINCE600\platform\COMMON\src\inc -IC:\WINCE600\platform\Z2170P\src\inc -IC:\WINCE600\platform\COMMON\src\soc\COMMON_TI_V1\TRITON\inc -IC:\WINCE600\platform\COMMON\src\soc\COMMON_TI_V1\TPS659xx\inc -IC:\WINCE600\platform\COMMON\src\soc\COMMON_TI_V1\COMMON_TI\inc -IC:\WINCE600\platform\COMMON\src\soc\COMMON_TI_V1\OMAP3530\inc -IC:\WINCE600\platform\Z2170P\src\inc\OEMDefs -IC:\WINCE600\public\common\oak\drivers\block\msflashfmd\inc -I.. -IC:\WINCE600\public\common\sdk\inc -IC:\WINCE600\public\common\oak\inc -IC:\WINCE600\public\common\ddk\inc -IC:\WINCE600\sdk\CE\inc -I.\Resource\0409 -Ox -Os -GF -Zi -FdC:\WINCE600\platform\Z2170P\target\ARMV4I\retail\ebootnd.pdb -D_CRT_SECURE_NO_DEPRECATE -D_USE_32BIT_TIME_T -DUNICODE -D_UNICODE -DUNDER_CE=600 -D_WIN32_WCE=0x600 -DWINCEOEM -DWINCEINTERNAL -DWIN32 -DSTRICT -DARM -DARMV4I -D_ARM_ -DNDEBUG=1  -D_SOC_MODEL=OMAP3530 -D_TRITON_MODEL=TPS659xx -DCEDDK_USEDDKMACRO -D_WINCEOSVER=600 -DBSP_EVM2 -DBSP_OPM_SELECT_37XX=4 -DBSP_OPM_SELECT_35XX=5 -DBSP_RTC_WAKES_CPU -DBSP_SDRAM_BANK1_ENABLE -DCOREDLL -DINTERNATIONAL -DINTLMSG_CODEPAGE=1252 -FAsc -Faobj\ARMV4I\retail\mmu.cod -WX -QRimplicit-import- -Zi  -Zc:wchar_t- -Zc:forScope- -wd4867 -wd4430 -MT -U_MT -W4 /analyze   /GR- -QRarch4T -DTHUMBSUPPORT -QRinterwork-return  /GS C:\WINCE600\PLATFORM\Z2170P\SRC\BOOTLOADER\EBOOT\NAND\..\mmu.c
BUILD: [01:0000000065:INFO  ] mmu.c
BUILD: [01:0000000066:PROGC ] Assembling ..\startup.s
BUILD: [01:0000000067:INFO  ] 	armasm -coff  -list obj\ARMV4I\retail\startup.lst -wi 150 -l 0 -cr -pd "BSP_SDRAM_BANK1_ENABLE SETL {TRUE}"  -i C:\WINCE600\platform\COMMON\src\inc,C:\WINCE600\platform\Z2170P\src\inc,C:\WINCE600\platform\COMMON\src\soc\COMMON_TI_V1\TRITON\inc,C:\WINCE600\platform\COMMON\src\soc\COMMON_TI_V1\TPS659xx\inc,C:\WINCE600\platform\COMMON\src\soc\COMMON_TI_V1\COMMON_TI\inc,C:\WINCE600\platform\COMMON\src\soc\COMMON_TI_V1\OMAP3530\inc,C:\WINCE600\platform\Z2170P\src\inc\OEMDefs,C:\WINCE600\public\common\oak\drivers\block\msflashfmd\inc,..,C:\WINCE600\public\common\sdk\inc,C:\WINCE600\public\common\oak\inc,C:\WINCE600\public\common\ddk\inc,C:\WINCE600\sdk\CE\inc -i arm -arch 4t -pd "Thumbing SETL {FALSE}" -pd "Interworking SETL {TRUE}"  C:\WINCE600\PLATFORM\Z2170P\SRC\BOOTLOADER\EBOOT\NAND\..\startup.s obj\ARMV4I\retail\startup.obj
BUILD: [01:0000000068:INFO  ] Microsoft (R) ARM Macro Assembler Version 14.01.60511
BUILD: [01:0000000069:INFO  ] Copyright (C) Microsoft Corporation.  All rights reserved.
BUILD: [01:0000000070:INFO  ] 
BUILD: [01:0000000071:PROGC ] Assembling ..\jumpto.s
BUILD: [01:0000000072:INFO  ] 	armasm -coff  -list obj\ARMV4I\retail\jumpto.lst -wi 150 -l 0 -cr -pd "BSP_SDRAM_BANK1_ENABLE SETL {TRUE}"  -i C:\WINCE600\platform\COMMON\src\inc,C:\WINCE600\platform\Z2170P\src\inc,C:\WINCE600\platform\COMMON\src\soc\COMMON_TI_V1\TRITON\inc,C:\WINCE600\platform\COMMON\src\soc\COMMON_TI_V1\TPS659xx\inc,C:\WINCE600\platform\COMMON\src\soc\COMMON_TI_V1\COMMON_TI\inc,C:\WINCE600\platform\COMMON\src\soc\COMMON_TI_V1\OMAP3530\inc,C:\WINCE600\platform\Z2170P\src\inc\OEMDefs,C:\WINCE600\public\common\oak\drivers\block\msflashfmd\inc,..,C:\WINCE600\public\common\sdk\inc,C:\WINCE600\public\common\oak\inc,C:\WINCE600\public\common\ddk\inc,C:\WINCE600\sdk\CE\inc -i arm -arch 4t -pd "Thumbing SETL {FALSE}" -pd "Interworking SETL {TRUE}"  C:\WINCE600\PLATFORM\Z2170P\SRC\BOOTLOADER\EBOOT\NAND\..\jumpto.s obj\ARMV4I\retail\jumpto.obj
BUILD: [01:0000000073:INFO  ] Microsoft (R) ARM Macro Assembler Version 14.01.60511
BUILD: [01:0000000074:INFO  ] Copyright (C) Microsoft Corporation.  All rights reserved.
BUILD: [01:0000000075:INFO  ] 
BUILD: [01:0000000076:PROGC ] Compiling .\flash.c
BUILD: [01:0000000077:INFO  ] cl -nologo   /Gy -Foobj\ARMV4I\retail\flash.obj -c -IARM\ -I. -IC:\WINCE600\platform\COMMON\src\inc -IC:\WINCE600\platform\Z2170P\src\inc -IC:\WINCE600\platform\COMMON\src\soc\COMMON_TI_V1\TRITON\inc -IC:\WINCE600\platform\COMMON\src\soc\COMMON_TI_V1\TPS659xx\inc -IC:\WINCE600\platform\COMMON\src\soc\COMMON_TI_V1\COMMON_TI\inc -IC:\WINCE600\platform\COMMON\src\soc\COMMON_TI_V1\OMAP3530\inc -IC:\WINCE600\platform\Z2170P\src\inc\OEMDefs -IC:\WINCE600\public\common\oak\drivers\block\msflashfmd\inc -I.. -IC:\WINCE600\public\common\sdk\inc -IC:\WINCE600\public\common\oak\inc -IC:\WINCE600\public\common\ddk\inc -IC:\WINCE600\sdk\CE\inc -I.\Resource\0409 -Ox -Os -GF -Zi -FdC:\WINCE600\platform\Z2170P\target\ARMV4I\retail\ebootnd.pdb -D_CRT_SECURE_NO_DEPRECATE -D_USE_32BIT_TIME_T -DUNICODE -D_UNICODE -DUNDER_CE=600 -D_WIN32_WCE=0x600 -DWINCEOEM -DWINCEINTERNAL -DWIN32 -DSTRICT -DARM -DARMV4I -D_ARM_ -DNDEBUG=1  -D_SOC_MODEL=OMAP3530 -D_TRITON_MODEL=TPS659xx -DCEDDK_USEDDKMACRO -D_WINCEOSVER=600 -DBSP_EVM2 -DBSP_OPM_SELECT_37XX=4 -DBSP_OPM_SELECT_35XX=5 -DBSP_RTC_WAKES_CPU -DBSP_SDRAM_BANK1_ENABLE -DCOREDLL -DINTERNATIONAL -DINTLMSG_CODEPAGE=1252 -FAsc -Faobj\ARMV4I\retail\flash.cod -WX -QRimplicit-import- -Zi  -Zc:wchar_t- -Zc:forScope- -wd4867 -wd4430 -MT -U_MT -W4 /analyze   /GR- -QRarch4T -DTHUMBSUPPORT -QRinterwork-return  /GS C:\WINCE600\PLATFORM\Z2170P\SRC\BOOTLOADER\EBOOT\NAND\.\flash.c
BUILD: [01:0000000078:INFO  ] flash.c
BUILD: [01:0000000079:PROGC ] Compiling .\cfg.c
BUILD: [01:0000000080:INFO  ] cl -nologo   /Gy -Foobj\ARMV4I\retail\cfg.obj -c -IARM\ -I. -IC:\WINCE600\platform\COMMON\src\inc -IC:\WINCE600\platform\Z2170P\src\inc -IC:\WINCE600\platform\COMMON\src\soc\COMMON_TI_V1\TRITON\inc -IC:\WINCE600\platform\COMMON\src\soc\COMMON_TI_V1\TPS659xx\inc -IC:\WINCE600\platform\COMMON\src\soc\COMMON_TI_V1\COMMON_TI\inc -IC:\WINCE600\platform\COMMON\src\soc\COMMON_TI_V1\OMAP3530\inc -IC:\WINCE600\platform\Z2170P\src\inc\OEMDefs -IC:\WINCE600\public\common\oak\drivers\block\msflashfmd\inc -I.. -IC:\WINCE600\public\common\sdk\inc -IC:\WINCE600\public\common\oak\inc -IC:\WINCE600\public\common\ddk\inc -IC:\WINCE600\sdk\CE\inc -I.\Resource\0409 -Ox -Os -GF -Zi -FdC:\WINCE600\platform\Z2170P\target\ARMV4I\retail\ebootnd.pdb -D_CRT_SECURE_NO_DEPRECATE -D_USE_32BIT_TIME_T -DUNICODE -D_UNICODE -DUNDER_CE=600 -D_WIN32_WCE=0x600 -DWINCEOEM -DWINCEINTERNAL -DWIN32 -DSTRICT -DARM -DARMV4I -D_ARM_ -DNDEBUG=1  -D_SOC_MODEL=OMAP3530 -D_TRITON_MODEL=TPS659xx -DCEDDK_USEDDKMACRO -D_WINCEOSVER=600 -DBSP_EVM2 -DBSP_OPM_SELECT_37XX=4 -DBSP_OPM_SELECT_35XX=5 -DBSP_RTC_WAKES_CPU -DBSP_SDRAM_BANK1_ENABLE -DCOREDLL -DINTERNATIONAL -DINTLMSG_CODEPAGE=1252 -FAsc -Faobj\ARMV4I\retail\cfg.cod -WX -QRimplicit-import- -Zi  -Zc:wchar_t- -Zc:forScope- -wd4867 -wd4430 -MT -U_MT -W4 /analyze   /GR- -QRarch4T -DTHUMBSUPPORT -QRinterwork-return  /GS C:\WINCE600\PLATFORM\Z2170P\SRC\BOOTLOADER\EBOOT\NAND\.\cfg.c
BUILD: [01:0000000081:INFO  ] cfg.c
BUILD: [00:0000000082:INFO  ] Will Build C:\WINCE600\PLATFORM\Z2170P\SRC\BOOTLOADER\EBOOT\main.c because target: obj\ARMV4I\retail\main.obj is missing.
BUILD: [00:0000000083:INFO  ] Will Build C:\WINCE600\PLATFORM\Z2170P\SRC\BOOTLOADER\EBOOT\hotkey.c because target: obj\ARMV4I\retail\hotkey.obj is missing.
BUILD: [00:0000000084:INFO  ] Will Build C:\WINCE600\PLATFORM\Z2170P\SRC\BOOTLOADER\EBOOT\eth.c because target: obj\ARMV4I\retail\eth.obj is missing.
BUILD: [00:0000000085:INFO  ] Will Build C:\WINCE600\PLATFORM\Z2170P\SRC\BOOTLOADER\EBOOT\menu.c because target: obj\ARMV4I\retail\menu.obj is missing.
BUILD: [00:0000000086:INFO  ] Will Build C:\WINCE600\PLATFORM\Z2170P\SRC\BOOTLOADER\EBOOT\stub.c because target: obj\ARMV4I\retail\stub.obj is missing.
BUILD: [00:0000000087:INFO  ] Will Build C:\WINCE600\PLATFORM\Z2170P\SRC\BOOTLOADER\EBOOT\flashmenu.c because target: obj\ARMV4I\retail\flashmenu.obj is missing.
BUILD: [00:0000000088:INFO  ] Will Build C:\WINCE600\PLATFORM\Z2170P\SRC\BOOTLOADER\EBOOT\mmu.c because target: obj\ARMV4I\retail\mmu.obj is missing.
BUILD: [00:0000000089:INFO  ] Will Build C:\WINCE600\PLATFORM\Z2170P\SRC\BOOTLOADER\EBOOT\functionTest.c because target: obj\ARMV4I\retail\functionTest.obj is missing.
BUILD: [00:0000000090:INFO  ] Will Build C:\WINCE600\PLATFORM\Z2170P\SRC\BOOTLOADER\EBOOT\SDMEMORY\flash.c because target: obj\ARMV4I\retail\flash.obj is missing.
BUILD: [00:0000000091:INFO  ] Will Build C:\WINCE600\PLATFORM\Z2170P\SRC\BOOTLOADER\EBOOT\SDMEMORY\cfg.c because target: obj\ARMV4I\retail\cfg.obj is missing.
BUILD: [00:0000000092:INFO  ] Will Build C:\WINCE600\PLATFORM\Z2170P\SRC\BOOTLOADER\EBOOT\startup.s because target: obj\ARMV4I\retail\startup.obj is missing.
BUILD: [00:0000000093:INFO  ] Will Build C:\WINCE600\PLATFORM\Z2170P\SRC\BOOTLOADER\EBOOT\jumpto.s because target: obj\ARMV4I\retail\jumpto.obj is missing.
BUILD: [00:0000000094:INFO  ] Will Build C:\WINCE600\PLATFORM\Z2170P\SRC\BOOTLOADER\EBOOT\SDMEMORY\ because target: BootImage is missing.
BUILD: [00:0000000095:PROGC ] Building COMPILE Pass in C:\WINCE600\PLATFORM\Z2170P\SRC\BOOTLOADER\EBOOT\SDMEMORY\ directory.
BUILD: [00:0000000096:PROG  ] 'NMAKE.EXE TargetCompilePass  -i -c BUILDMSG=Stop.  BUILDROOT=C:\WINCE600\PLATFORM\Z2170P CLEANBUILD=1 NOLINK=1 NOPASS0=1'
BUILD: [01:0000000097:INFO  ] makefile.def: Including C:\WINCE600\public\common\oak\misc\Sources.default
BUILD: [01:0000000098:INFO  ] makefile.def: BUILDROOT is C:\WINCE600\PLATFORM\Z2170P
BUILD: [01:0000000099:INFO  ] makefile.def: Including C:\WINCE600\PLATFORM\Z2170P\sources.cmn
BUILD: [01:0000000100:INFO  ] makefile.def: Including C:\WINCE600\PLATFORM\Z2170P\SRC\BOOTLOADER\EBOOT\SDMEMORY\sources
BUILD: [01:0000000101:INFO  ] makefile.def: Including C:\WINCE600\public\common\oak\misc\Sources.CE
BUILD: [01:0000000102:INFO  ] Directory: C:\WINCE600\PLATFORM\Z2170P\SRC\BOOTLOADER\EBOOT\SDMEMORY
BUILD: [01:0000000103:INFO  ] TARGETNAME: ebootsd
BUILD: [01:0000000104:INFO  ] makefile.def: Including C:\WINCE600\public\common\oak\misc\sources.ReleaseType_PLATFORM
BUILD: [01:0000000105:INFO  ] FULLLIBC.LIB found in TARGETLIBS; forcing NOLIBC=1
BUILD: [01:0000000106:INFO  ] FULLLIBC.LIB found in TARGETLIBS; forcing NOCRTDLL=1
BUILD: [01:0000000107:PROGC ] Compiling ..\main.c
BUILD: [01:0000000108:INFO  ] cl -nologo   /Gy -Foobj\ARMV4I\retail\main.obj -c -IARM\ -I. -IC:\WINCE600\platform\COMMON\src\inc -IC:\WINCE600\platform\Z2170P\src\inc -IC:\WINCE600\platform\COMMON\src\soc\COMMON_TI_V1\TRITON\inc -IC:\WINCE600\platform\COMMON\src\soc\COMMON_TI_V1\TPS659xx\inc -IC:\WINCE600\platform\COMMON\src\soc\COMMON_TI_V1\COMMON_TI\inc -IC:\WINCE600\platform\COMMON\src\soc\COMMON_TI_V1\OMAP3530\inc -IC:\WINCE600\platform\Z2170P\src\inc\OEMDefs -IC:\WINCE600\public\common\oak\drivers\block\msflashfmd\inc -I.. -IC:\WINCE600\public\common\sdk\inc -IC:\WINCE600\public\common\oak\inc -IC:\WINCE600\public\common\ddk\inc -IC:\WINCE600\sdk\CE\inc -I.\Resource\0409 -Ox -Os -GF -Zi -FdC:\WINCE600\platform\Z2170P\target\ARMV4I\retail\ebootsd.pdb -D_CRT_SECURE_NO_DEPRECATE -D_USE_32BIT_TIME_T -DUNICODE -D_UNICODE -DUNDER_CE=600 -D_WIN32_WCE=0x600 -DWINCEOEM -DWINCEINTERNAL -DWIN32 -DSTRICT -DARM -DARMV4I -D_ARM_ -DNDEBUG=1  -D_SOC_MODEL=OMAP3530 -D_TRITON_MODEL=TPS659xx -DCEDDK_USEDDKMACRO -D_WINCEOSVER=600 -DBSP_EVM2 -DBSP_OPM_SELECT_37XX=4 -DBSP_OPM_SELECT_35XX=5 -DBSP_RTC_WAKES_CPU -DBSP_SDRAM_BANK1_ENABLE -DCOREDLL -DBUILDING_EBOOT_SD -DINTERNATIONAL -DINTLMSG_CODEPAGE=1252 -FAsc -Faobj\ARMV4I\retail\main.cod -WX -QRimplicit-import- -Zi  -Zc:wchar_t- -Zc:forScope- -wd4867 -wd4430 -MT -U_MT -W4 /analyze   /GR- -QRarch4T -DTHUMBSUPPORT -QRinterwork-return   C:\WINCE600\PLATFORM\Z2170P\SRC\BOOTLOADER\EBOOT\SDMEMORY\..\main.c
BUILD: [01:0000000109:INFO  ] main.c
BUILD: [01:0000000110:PROGC ] Compiling ..\hotkey.c
BUILD: [01:0000000111:INFO  ] cl -nologo   /Gy -Foobj\ARMV4I\retail\hotkey.obj -c -IARM\ -I. -IC:\WINCE600\platform\COMMON\src\inc -IC:\WINCE600\platform\Z2170P\src\inc -IC:\WINCE600\platform\COMMON\src\soc\COMMON_TI_V1\TRITON\inc -IC:\WINCE600\platform\COMMON\src\soc\COMMON_TI_V1\TPS659xx\inc -IC:\WINCE600\platform\COMMON\src\soc\COMMON_TI_V1\COMMON_TI\inc -IC:\WINCE600\platform\COMMON\src\soc\COMMON_TI_V1\OMAP3530\inc -IC:\WINCE600\platform\Z2170P\src\inc\OEMDefs -IC:\WINCE600\public\common\oak\drivers\block\msflashfmd\inc -I.. -IC:\WINCE600\public\common\sdk\inc -IC:\WINCE600\public\common\oak\inc -IC:\WINCE600\public\common\ddk\inc -IC:\WINCE600\sdk\CE\inc -I.\Resource\0409 -Ox -Os -GF -Zi -FdC:\WINCE600\platform\Z2170P\target\ARMV4I\retail\ebootsd.pdb -D_CRT_SECURE_NO_DEPRECATE -D_USE_32BIT_TIME_T -DUNICODE -D_UNICODE -DUNDER_CE=600 -D_WIN32_WCE=0x600 -DWINCEOEM -DWINCEINTERNAL -DWIN32 -DSTRICT -DARM -DARMV4I -D_ARM_ -DNDEBUG=1  -D_SOC_MODEL=OMAP3530 -D_TRITON_MODEL=TPS659xx -DCEDDK_USEDDKMACRO -D_WINCEOSVER=600 -DBSP_EVM2 -DBSP_OPM_SELECT_37XX=4 -DBSP_OPM_SELECT_35XX=5 -DBSP_RTC_WAKES_CPU -DBSP_SDRAM_BANK1_ENABLE -DCOREDLL -DBUILDING_EBOOT_SD -DINTERNATIONAL -DINTLMSG_CODEPAGE=1252 -FAsc -Faobj\ARMV4I\retail\hotkey.cod -WX -QRimplicit-import- -Zi  -Zc:wchar_t- -Zc:forScope- -wd4867 -wd4430 -MT -U_MT -W4 /analyze   /GR- -QRarch4T -DTHUMBSUPPORT -QRinterwork-return   C:\WINCE600\PLATFORM\Z2170P\SRC\BOOTLOADER\EBOOT\SDMEMORY\..\hotkey.c
BUILD: [01:0000000112:INFO  ] hotkey.c
BUILD: [01:0000000113:PROGC ] Compiling ..\eth.c
BUILD: [01:0000000114:INFO  ] cl -nologo   /Gy -Foobj\ARMV4I\retail\eth.obj -c -IARM\ -I. -IC:\WINCE600\platform\COMMON\src\inc -IC:\WINCE600\platform\Z2170P\src\inc -IC:\WINCE600\platform\COMMON\src\soc\COMMON_TI_V1\TRITON\inc -IC:\WINCE600\platform\COMMON\src\soc\COMMON_TI_V1\TPS659xx\inc -IC:\WINCE600\platform\COMMON\src\soc\COMMON_TI_V1\COMMON_TI\inc -IC:\WINCE600\platform\COMMON\src\soc\COMMON_TI_V1\OMAP3530\inc -IC:\WINCE600\platform\Z2170P\src\inc\OEMDefs -IC:\WINCE600\public\common\oak\drivers\block\msflashfmd\inc -I.. -IC:\WINCE600\public\common\sdk\inc -IC:\WINCE600\public\common\oak\inc -IC:\WINCE600\public\common\ddk\inc -IC:\WINCE600\sdk\CE\inc -I.\Resource\0409 -Ox -Os -GF -Zi -FdC:\WINCE600\platform\Z2170P\target\ARMV4I\retail\ebootsd.pdb -D_CRT_SECURE_NO_DEPRECATE -D_USE_32BIT_TIME_T -DUNICODE -D_UNICODE -DUNDER_CE=600 -D_WIN32_WCE=0x600 -DWINCEOEM -DWINCEINTERNAL -DWIN32 -DSTRICT -DARM -DARMV4I -D_ARM_ -DNDEBUG=1  -D_SOC_MODEL=OMAP3530 -D_TRITON_MODEL=TPS659xx -DCEDDK_USEDDKMACRO -D_WINCEOSVER=600 -DBSP_EVM2 -DBSP_OPM_SELECT_37XX=4 -DBSP_OPM_SELECT_35XX=5 -DBSP_RTC_WAKES_CPU -DBSP_SDRAM_BANK1_ENABLE -DCOREDLL -DBUILDING_EBOOT_SD -DINTERNATIONAL -DINTLMSG_CODEPAGE=1252 -FAsc -Faobj\ARMV4I\retail\eth.cod -WX -QRimplicit-import- -Zi  -Zc:wchar_t- -Zc:forScope- -wd4867 -wd4430 -MT -U_MT -W4 /analyze   /GR- -QRarch4T -DTHUMBSUPPORT -QRinterwork-return   C:\WINCE600\PLATFORM\Z2170P\SRC\BOOTLOADER\EBOOT\SDMEMORY\..\eth.c
BUILD: [01:0000000115:INFO  ] eth.c
BUILD: [01:0000000116:PROGC ] Compiling ..\menu.c
BUILD: [01:0000000117:INFO  ] cl -nologo   /Gy -Foobj\ARMV4I\retail\menu.obj -c -IARM\ -I. -IC:\WINCE600\platform\COMMON\src\inc -IC:\WINCE600\platform\Z2170P\src\inc -IC:\WINCE600\platform\COMMON\src\soc\COMMON_TI_V1\TRITON\inc -IC:\WINCE600\platform\COMMON\src\soc\COMMON_TI_V1\TPS659xx\inc -IC:\WINCE600\platform\COMMON\src\soc\COMMON_TI_V1\COMMON_TI\inc -IC:\WINCE600\platform\COMMON\src\soc\COMMON_TI_V1\OMAP3530\inc -IC:\WINCE600\platform\Z2170P\src\inc\OEMDefs -IC:\WINCE600\public\common\oak\drivers\block\msflashfmd\inc -I.. -IC:\WINCE600\public\common\sdk\inc -IC:\WINCE600\public\common\oak\inc -IC:\WINCE600\public\common\ddk\inc -IC:\WINCE600\sdk\CE\inc -I.\Resource\0409 -Ox -Os -GF -Zi -FdC:\WINCE600\platform\Z2170P\target\ARMV4I\retail\ebootsd.pdb -D_CRT_SECURE_NO_DEPRECATE -D_USE_32BIT_TIME_T -DUNICODE -D_UNICODE -DUNDER_CE=600 -D_WIN32_WCE=0x600 -DWINCEOEM -DWINCEINTERNAL -DWIN32 -DSTRICT -DARM -DARMV4I -D_ARM_ -DNDEBUG=1  -D_SOC_MODEL=OMAP3530 -D_TRITON_MODEL=TPS659xx -DCEDDK_USEDDKMACRO -D_WINCEOSVER=600 -DBSP_EVM2 -DBSP_OPM_SELECT_37XX=4 -DBSP_OPM_SELECT_35XX=5 -DBSP_RTC_WAKES_CPU -DBSP_SDRAM_BANK1_ENABLE -DCOREDLL -DBUILDING_EBOOT_SD -DINTERNATIONAL -DINTLMSG_CODEPAGE=1252 -FAsc -Faobj\ARMV4I\retail\menu.cod -WX -QRimplicit-import- -Zi  -Zc:wchar_t- -Zc:forScope- -wd4867 -wd4430 -MT -U_MT -W4 /analyze   /GR- -QRarch4T -DTHUMBSUPPORT -QRinterwork-return   C:\WINCE600\PLATFORM\Z2170P\SRC\BOOTLOADER\EBOOT\SDMEMORY\..\menu.c
BUILD: [01:0000000118:INFO  ] menu.c
BUILD: [01:0000000119:PROGC ] Compiling ..\stub.c
BUILD: [01:0000000120:INFO  ] cl -nologo   /Gy -Foobj\ARMV4I\retail\stub.obj -c -IARM\ -I. -IC:\WINCE600\platform\COMMON\src\inc -IC:\WINCE600\platform\Z2170P\src\inc -IC:\WINCE600\platform\COMMON\src\soc\COMMON_TI_V1\TRITON\inc -IC:\WINCE600\platform\COMMON\src\soc\COMMON_TI_V1\TPS659xx\inc -IC:\WINCE600\platform\COMMON\src\soc\COMMON_TI_V1\COMMON_TI\inc -IC:\WINCE600\platform\COMMON\src\soc\COMMON_TI_V1\OMAP3530\inc -IC:\WINCE600\platform\Z2170P\src\inc\OEMDefs -IC:\WINCE600\public\common\oak\drivers\block\msflashfmd\inc -I.. -IC:\WINCE600\public\common\sdk\inc -IC:\WINCE600\public\common\oak\inc -IC:\WINCE600\public\common\ddk\inc -IC:\WINCE600\sdk\CE\inc -I.\Resource\0409 -Ox -Os -GF -Zi -FdC:\WINCE600\platform\Z2170P\target\ARMV4I\retail\ebootsd.pdb -D_CRT_SECURE_NO_DEPRECATE -D_USE_32BIT_TIME_T -DUNICODE -D_UNICODE -DUNDER_CE=600 -D_WIN32_WCE=0x600 -DWINCEOEM -DWINCEINTERNAL -DWIN32 -DSTRICT -DARM -DARMV4I -D_ARM_ -DNDEBUG=1  -D_SOC_MODEL=OMAP3530 -D_TRITON_MODEL=TPS659xx -DCEDDK_USEDDKMACRO -D_WINCEOSVER=600 -DBSP_EVM2 -DBSP_OPM_SELECT_37XX=4 -DBSP_OPM_SELECT_35XX=5 -DBSP_RTC_WAKES_CPU -DBSP_SDRAM_BANK1_ENABLE -DCOREDLL -DBUILDING_EBOOT_SD -DINTERNATIONAL -DINTLMSG_CODEPAGE=1252 -FAsc -Faobj\ARMV4I\retail\stub.cod -WX -QRimplicit-import- -Zi  -Zc:wchar_t- -Zc:forScope- -wd4867 -wd4430 -MT -U_MT -W4 /analyze   /GR- -QRarch4T -DTHUMBSUPPORT -QRinterwork-return   C:\WINCE600\PLATFORM\Z2170P\SRC\BOOTLOADER\EBOOT\SDMEMORY\..\stub.c
BUILD: [01:0000000121:INFO  ] stub.c
BUILD: [01:0000000122:PROGC ] Compiling ..\flashmenu.c
BUILD: [01:0000000123:INFO  ] cl -nologo   /Gy -Foobj\ARMV4I\retail\flashmenu.obj -c -IARM\ -I. -IC:\WINCE600\platform\COMMON\src\inc -IC:\WINCE600\platform\Z2170P\src\inc -IC:\WINCE600\platform\COMMON\src\soc\COMMON_TI_V1\TRITON\inc -IC:\WINCE600\platform\COMMON\src\soc\COMMON_TI_V1\TPS659xx\inc -IC:\WINCE600\platform\COMMON\src\soc\COMMON_TI_V1\COMMON_TI\inc -IC:\WINCE600\platform\COMMON\src\soc\COMMON_TI_V1\OMAP3530\inc -IC:\WINCE600\platform\Z2170P\src\inc\OEMDefs -IC:\WINCE600\public\common\oak\drivers\block\msflashfmd\inc -I.. -IC:\WINCE600\public\common\sdk\inc -IC:\WINCE600\public\common\oak\inc -IC:\WINCE600\public\common\ddk\inc -IC:\WINCE600\sdk\CE\inc -I.\Resource\0409 -Ox -Os -GF -Zi -FdC:\WINCE600\platform\Z2170P\target\ARMV4I\retail\ebootsd.pdb -D_CRT_SECURE_NO_DEPRECATE -D_USE_32BIT_TIME_T -DUNICODE -D_UNICODE -DUNDER_CE=600 -D_WIN32_WCE=0x600 -DWINCEOEM -DWINCEINTERNAL -DWIN32 -DSTRICT -DARM -DARMV4I -D_ARM_ -DNDEBUG=1  -D_SOC_MODEL=OMAP3530 -D_TRITON_MODEL=TPS659xx -DCEDDK_USEDDKMACRO -D_WINCEOSVER=600 -DBSP_EVM2 -DBSP_OPM_SELECT_37XX=4 -DBSP_OPM_SELECT_35XX=5 -DBSP_RTC_WAKES_CPU -DBSP_SDRAM_BANK1_ENABLE -DCOREDLL -DBUILDING_EBOOT_SD -DINTERNATIONAL -DINTLMSG_CODEPAGE=1252 -FAsc -Faobj\ARMV4I\retail\flashmenu.cod -WX -QRimplicit-import- -Zi  -Zc:wchar_t- -Zc:forScope- -wd4867 -wd4430 -MT -U_MT -W4 /analyze   /GR- -QRarch4T -DTHUMBSUPPORT -QRinterwork-return   C:\WINCE600\PLATFORM\Z2170P\SRC\BOOTLOADER\EBOOT\SDMEMORY\..\flashmenu.c
BUILD: [01:0000000124:INFO  ] flashmenu.c
BUILD: [01:0000000125:PROGC ] Compiling ..\mmu.c
BUILD: [01:0000000126:INFO  ] cl -nologo   /Gy -Foobj\ARMV4I\retail\mmu.obj -c -IARM\ -I. -IC:\WINCE600\platform\COMMON\src\inc -IC:\WINCE600\platform\Z2170P\src\inc -IC:\WINCE600\platform\COMMON\src\soc\COMMON_TI_V1\TRITON\inc -IC:\WINCE600\platform\COMMON\src\soc\COMMON_TI_V1\TPS659xx\inc -IC:\WINCE600\platform\COMMON\src\soc\COMMON_TI_V1\COMMON_TI\inc -IC:\WINCE600\platform\COMMON\src\soc\COMMON_TI_V1\OMAP3530\inc -IC:\WINCE600\platform\Z2170P\src\inc\OEMDefs -IC:\WINCE600\public\common\oak\drivers\block\msflashfmd\inc -I.. -IC:\WINCE600\public\common\sdk\inc -IC:\WINCE600\public\common\oak\inc -IC:\WINCE600\public\common\ddk\inc -IC:\WINCE600\sdk\CE\inc -I.\Resource\0409 -Ox -Os -GF -Zi -FdC:\WINCE600\platform\Z2170P\target\ARMV4I\retail\ebootsd.pdb -D_CRT_SECURE_NO_DEPRECATE -D_USE_32BIT_TIME_T -DUNICODE -D_UNICODE -DUNDER_CE=600 -D_WIN32_WCE=0x600 -DWINCEOEM -DWINCEINTERNAL -DWIN32 -DSTRICT -DARM -DARMV4I -D_ARM_ -DNDEBUG=1  -D_SOC_MODEL=OMAP3530 -D_TRITON_MODEL=TPS659xx -DCEDDK_USEDDKMACRO -D_WINCEOSVER=600 -DBSP_EVM2 -DBSP_OPM_SELECT_37XX=4 -DBSP_OPM_SELECT_35XX=5 -DBSP_RTC_WAKES_CPU -DBSP_SDRAM_BANK1_ENABLE -DCOREDLL -DBUILDING_EBOOT_SD -DINTERNATIONAL -DINTLMSG_CODEPAGE=1252 -FAsc -Faobj\ARMV4I\retail\mmu.cod -WX -QRimplicit-import- -Zi  -Zc:wchar_t- -Zc:forScope- -wd4867 -wd4430 -MT -U_MT -W4 /analyze   /GR- -QRarch4T -DTHUMBSUPPORT -QRinterwork-return   C:\WINCE600\PLATFORM\Z2170P\SRC\BOOTLOADER\EBOOT\SDMEMORY\..\mmu.c
BUILD: [01:0000000127:INFO  ] mmu.c
BUILD: [01:0000000128:PROGC ] Compiling ..\functionTest.c
BUILD: [01:0000000129:INFO  ] cl -nologo   /Gy -Foobj\ARMV4I\retail\functionTest.obj -c -IARM\ -I. -IC:\WINCE600\platform\COMMON\src\inc -IC:\WINCE600\platform\Z2170P\src\inc -IC:\WINCE600\platform\COMMON\src\soc\COMMON_TI_V1\TRITON\inc -IC:\WINCE600\platform\COMMON\src\soc\COMMON_TI_V1\TPS659xx\inc -IC:\WINCE600\platform\COMMON\src\soc\COMMON_TI_V1\COMMON_TI\inc -IC:\WINCE600\platform\COMMON\src\soc\COMMON_TI_V1\OMAP3530\inc -IC:\WINCE600\platform\Z2170P\src\inc\OEMDefs -IC:\WINCE600\public\common\oak\drivers\block\msflashfmd\inc -I.. -IC:\WINCE600\public\common\sdk\inc -IC:\WINCE600\public\common\oak\inc -IC:\WINCE600\public\common\ddk\inc -IC:\WINCE600\sdk\CE\inc -I.\Resource\0409 -Ox -Os -GF -Zi -FdC:\WINCE600\platform\Z2170P\target\ARMV4I\retail\ebootsd.pdb -D_CRT_SECURE_NO_DEPRECATE -D_USE_32BIT_TIME_T -DUNICODE -D_UNICODE -DUNDER_CE=600 -D_WIN32_WCE=0x600 -DWINCEOEM -DWINCEINTERNAL -DWIN32 -DSTRICT -DARM -DARMV4I -D_ARM_ -DNDEBUG=1  -D_SOC_MODEL=OMAP3530 -D_TRITON_MODEL=TPS659xx -DCEDDK_USEDDKMACRO -D_WINCEOSVER=600 -DBSP_EVM2 -DBSP_OPM_SELECT_37XX=4 -DBSP_OPM_SELECT_35XX=5 -DBSP_RTC_WAKES_CPU -DBSP_SDRAM_BANK1_ENABLE -DCOREDLL -DBUILDING_EBOOT_SD -DINTERNATIONAL -DINTLMSG_CODEPAGE=1252 -FAsc -Faobj\ARMV4I\retail\functionTest.cod -WX -QRimplicit-import- -Zi  -Zc:wchar_t- -Zc:forScope- -wd4867 -wd4430 -MT -U_MT -W4 /analyze   /GR- -QRarch4T -DTHUMBSUPPORT -QRinterwork-return   C:\WINCE600\PLATFORM\Z2170P\SRC\BOOTLOADER\EBOOT\SDMEMORY\..\functionTest.c
BUILD: [01:0000000130:INFO  ] functionTest.c
BUILD: [01:0000000131:ERRORE] C:\WINCE600\PLATFORM\Z2170P\SRC\BOOTLOADER\EBOOT\SDMEMORY\..\functionTest.c : error C2220: warning treated as error - no 'object' file generated
BUILD: [01:0000000132:WARNN ] C:\WINCE600\PLATFORM\Z2170P\SRC\BOOTLOADER\EBOOT\SDMEMORY\..\functionTest.c : warning C4819: The file contains a character that cannot be represented in the current code page (950). Save the file in Unicode format to prevent data loss
BUILD: [01:0000000133:ERRORE] C:\WINCE600\PLATFORM\Z2170P\SRC\BOOTLOADER\EBOOT\SDMEMORY\..\functionTest.c(20) : error C2001: newline in constant
BUILD: [01:0000000134:ERRORE] C:\WINCE600\PLATFORM\Z2170P\SRC\BOOTLOADER\EBOOT\SDMEMORY\..\functionTest.c(20) : error C2059: syntax error : 'string'
BUILD: [01:0000000135:ERRORE] C:\WINCE600\PLATFORM\Z2170P\SRC\BOOTLOADER\EBOOT\SDMEMORY\..\functionTest.c(25) : error C2059: syntax error : ','
BUILD: [01:0000000136:ERRORE] C:\WINCE600\PLATFORM\Z2170P\SRC\BOOTLOADER\EBOOT\SDMEMORY\..\functionTest.c(28) : error C2059: syntax error : ','
BUILD: [01:0000000137:ERRORE] C:\WINCE600\PLATFORM\Z2170P\SRC\BOOTLOADER\EBOOT\SDMEMORY\..\functionTest.c(31) : error C2059: syntax error : ','
BUILD: [01:0000000138:ERRORE] C:\WINCE600\PLATFORM\Z2170P\SRC\BOOTLOADER\EBOOT\SDMEMORY\..\functionTest.c(35) : error C2059: syntax error : '}'
BUILD: [01:0000000139:PROGC ] Assembling ..\startup.s
BUILD: [01:0000000140:INFO  ] 	armasm -coff  -list obj\ARMV4I\retail\startup.lst -wi 150 -l 0 -cr -pd "BSP_SDRAM_BANK1_ENABLE SETL {TRUE}"  -i C:\WINCE600\platform\COMMON\src\inc,C:\WINCE600\platform\Z2170P\src\inc,C:\WINCE600\platform\COMMON\src\soc\COMMON_TI_V1\TRITON\inc,C:\WINCE600\platform\COMMON\src\soc\COMMON_TI_V1\TPS659xx\inc,C:\WINCE600\platform\COMMON\src\soc\COMMON_TI_V1\COMMON_TI\inc,C:\WINCE600\platform\COMMON\src\soc\COMMON_TI_V1\OMAP3530\inc,C:\WINCE600\platform\Z2170P\src\inc\OEMDefs,C:\WINCE600\public\common\oak\drivers\block\msflashfmd\inc,..,C:\WINCE600\public\common\sdk\inc,C:\WINCE600\public\common\oak\inc,C:\WINCE600\public\common\ddk\inc,C:\WINCE600\sdk\CE\inc -i arm -arch 4t -pd "Thumbing SETL {FALSE}" -pd "Interworking SETL {TRUE}"  C:\WINCE600\PLATFORM\Z2170P\SRC\BOOTLOADER\EBOOT\SDMEMORY\..\startup.s obj\ARMV4I\retail\startup.obj
BUILD: [01:0000000141:INFO  ] Microsoft (R) ARM Macro Assembler Version 14.01.60511
BUILD: [01:0000000142:INFO  ] Copyright (C) Microsoft Corporation.  All rights reserved.
BUILD: [01:0000000143:INFO  ] 
BUILD: [01:0000000144:PROGC ] Assembling ..\jumpto.s
BUILD: [01:0000000145:INFO  ] 	armasm -coff  -list obj\ARMV4I\retail\jumpto.lst -wi 150 -l 0 -cr -pd "BSP_SDRAM_BANK1_ENABLE SETL {TRUE}"  -i C:\WINCE600\platform\COMMON\src\inc,C:\WINCE600\platform\Z2170P\src\inc,C:\WINCE600\platform\COMMON\src\soc\COMMON_TI_V1\TRITON\inc,C:\WINCE600\platform\COMMON\src\soc\COMMON_TI_V1\TPS659xx\inc,C:\WINCE600\platform\COMMON\src\soc\COMMON_TI_V1\COMMON_TI\inc,C:\WINCE600\platform\COMMON\src\soc\COMMON_TI_V1\OMAP3530\inc,C:\WINCE600\platform\Z2170P\src\inc\OEMDefs,C:\WINCE600\public\common\oak\drivers\block\msflashfmd\inc,..,C:\WINCE600\public\common\sdk\inc,C:\WINCE600\public\common\oak\inc,C:\WINCE600\public\common\ddk\inc,C:\WINCE600\sdk\CE\inc -i arm -arch 4t -pd "Thumbing SETL {FALSE}" -pd "Interworking SETL {TRUE}"  C:\WINCE600\PLATFORM\Z2170P\SRC\BOOTLOADER\EBOOT\SDMEMORY\..\jumpto.s obj\ARMV4I\retail\jumpto.obj
BUILD: [01:0000000146:INFO  ] Microsoft (R) ARM Macro Assembler Version 14.01.60511
BUILD: [01:0000000147:INFO  ] Copyright (C) Microsoft Corporation.  All rights reserved.
BUILD: [01:0000000148:INFO  ] 
BUILD: [01:0000000149:PROGC ] Compiling .\flash.c
BUILD: [01:0000000150:INFO  ] cl -nologo   /Gy -Foobj\ARMV4I\retail\flash.obj -c -IARM\ -I. -IC:\WINCE600\platform\COMMON\src\inc -IC:\WINCE600\platform\Z2170P\src\inc -IC:\WINCE600\platform\COMMON\src\soc\COMMON_TI_V1\TRITON\inc -IC:\WINCE600\platform\COMMON\src\soc\COMMON_TI_V1\TPS659xx\inc -IC:\WINCE600\platform\COMMON\src\soc\COMMON_TI_V1\COMMON_TI\inc -IC:\WINCE600\platform\COMMON\src\soc\COMMON_TI_V1\OMAP3530\inc -IC:\WINCE600\platform\Z2170P\src\inc\OEMDefs -IC:\WINCE600\public\common\oak\drivers\block\msflashfmd\inc -I.. -IC:\WINCE600\public\common\sdk\inc -IC:\WINCE600\public\common\oak\inc -IC:\WINCE600\public\common\ddk\inc -IC:\WINCE600\sdk\CE\inc -I.\Resource\0409 -Ox -Os -GF -Zi -FdC:\WINCE600\platform\Z2170P\target\ARMV4I\retail\ebootsd.pdb -D_CRT_SECURE_NO_DEPRECATE -D_USE_32BIT_TIME_T -DUNICODE -D_UNICODE -DUNDER_CE=600 -D_WIN32_WCE=0x600 -DWINCEOEM -DWINCEINTERNAL -DWIN32 -DSTRICT -DARM -DARMV4I -D_ARM_ -DNDEBUG=1  -D_SOC_MODEL=OMAP3530 -D_TRITON_MODEL=TPS659xx -DCEDDK_USEDDKMACRO -D_WINCEOSVER=600 -DBSP_EVM2 -DBSP_OPM_SELECT_37XX=4 -DBSP_OPM_SELECT_35XX=5 -DBSP_RTC_WAKES_CPU -DBSP_SDRAM_BANK1_ENABLE -DCOREDLL -DBUILDING_EBOOT_SD -DINTERNATIONAL -DINTLMSG_CODEPAGE=1252 -FAsc -Faobj\ARMV4I\retail\flash.cod -WX -QRimplicit-import- -Zi  -Zc:wchar_t- -Zc:forScope- -wd4867 -wd4430 -MT -U_MT -W4 /analyze   /GR- -QRarch4T -DTHUMBSUPPORT -QRinterwork-return   C:\WINCE600\PLATFORM\Z2170P\SRC\BOOTLOADER\EBOOT\SDMEMORY\.\flash.c
BUILD: [01:0000000151:INFO  ] flash.c
BUILD: [01:0000000152:PROGC ] Compiling .\cfg.c
BUILD: [01:0000000153:INFO  ] cl -nologo   /Gy -Foobj\ARMV4I\retail\cfg.obj -c -IARM\ -I. -IC:\WINCE600\platform\COMMON\src\inc -IC:\WINCE600\platform\Z2170P\src\inc -IC:\WINCE600\platform\COMMON\src\soc\COMMON_TI_V1\TRITON\inc -IC:\WINCE600\platform\COMMON\src\soc\COMMON_TI_V1\TPS659xx\inc -IC:\WINCE600\platform\COMMON\src\soc\COMMON_TI_V1\COMMON_TI\inc -IC:\WINCE600\platform\COMMON\src\soc\COMMON_TI_V1\OMAP3530\inc -IC:\WINCE600\platform\Z2170P\src\inc\OEMDefs -IC:\WINCE600\public\common\oak\drivers\block\msflashfmd\inc -I.. -IC:\WINCE600\public\common\sdk\inc -IC:\WINCE600\public\common\oak\inc -IC:\WINCE600\public\common\ddk\inc -IC:\WINCE600\sdk\CE\inc -I.\Resource\0409 -Ox -Os -GF -Zi -FdC:\WINCE600\platform\Z2170P\target\ARMV4I\retail\ebootsd.pdb -D_CRT_SECURE_NO_DEPRECATE -D_USE_32BIT_TIME_T -DUNICODE -D_UNICODE -DUNDER_CE=600 -D_WIN32_WCE=0x600 -DWINCEOEM -DWINCEINTERNAL -DWIN32 -DSTRICT -DARM -DARMV4I -D_ARM_ -DNDEBUG=1  -D_SOC_MODEL=OMAP3530 -D_TRITON_MODEL=TPS659xx -DCEDDK_USEDDKMACRO -D_WINCEOSVER=600 -DBSP_EVM2 -DBSP_OPM_SELECT_37XX=4 -DBSP_OPM_SELECT_35XX=5 -DBSP_RTC_WAKES_CPU -DBSP_SDRAM_BANK1_ENABLE -DCOREDLL -DBUILDING_EBOOT_SD -DINTERNATIONAL -DINTLMSG_CODEPAGE=1252 -FAsc -Faobj\ARMV4I\retail\cfg.cod -WX -QRimplicit-import- -Zi  -Zc:wchar_t- -Zc:forScope- -wd4867 -wd4430 -MT -U_MT -W4 /analyze   /GR- -QRarch4T -DTHUMBSUPPORT -QRinterwork-return   C:\WINCE600\PLATFORM\Z2170P\SRC\BOOTLOADER\EBOOT\SDMEMORY\.\cfg.c
BUILD: [01:0000000154:INFO  ] cfg.c
BUILD: [00:0000000155:PROGC ]                        Files  Warnings  Errors
BUILD: [00:0000000156:PROGC ] Midl                       0         0       0
BUILD: [00:0000000157:PROGC ] Message                    0         0       0
BUILD: [00:0000000158:PROGC ] Precomp Header             0         0       0
BUILD: [00:0000000159:PROGC ] Resource                   0         0       0
BUILD: [00:0000000160:PROGC ] MASM                       0         0       0
BUILD: [00:0000000161:PROGC ] SHASM                      0         0       0
BUILD: [00:0000000162:PROGC ] ARMASM                     4         0       0
BUILD: [00:0000000163:PROGC ] MIPSASM                    0         0       0
BUILD: [00:0000000164:PROGC ] C++                        0         0       0
BUILD: [00:0000000165:PROGC ] C                         20         1       7
BUILD: [00:0000000166:PROGC ] Static Libraries           0         0       0
BUILD: [00:0000000167:PROGC ] Exe's                      0         0       0
BUILD: [00:0000000168:PROGC ] Dll's                      0         0       0
BUILD: [00:0000000169:PROGC ] Preprocess deffile         0         0       0
BUILD: [00:0000000170:PROGC ] Resx                       0         0       0
BUILD: [00:0000000171:PROGC ] CSharp Compile             0         0       0
BUILD: [00:0000000172:PROGC ] Other                      0         0       1
BUILD: [00:0000000173:PROGC ] 
BUILD: [00:0000000174:PROGC ] Total                     24         1       8
BUILD: [00:0000000175:PROGC ] 
BUILD: [00:0000000176:PROGC ] 1 Warnings,  8 Errors
BUILD: [00:0000000177:PROGC ] GetSystemTimes (seconds): Idle: 17    Kernel: 24    User: 10   
BUILD: [00:0000000178:PROGC ] Elapsed  time  (seconds): 17   
