BUILD: [Thrd:Sequence:Type  ] Message
BUILD: [00:0000000000:PROGC ] Build started with parameters:
BUILD: [00:0000000001:PROGC ] Build started in directory: C:\WINCE600\PLATFORM\Z2170P\SRC
BUILD: [00:0000000002:PROGC ] Checking for C:\WINCE600\sdk\bin\i386\srccheck.exe.
BUILD: [00:0000000003:PROGC ] Running passes WCEFILES0, MIDL, MC, ASN, THUNK, PRECOMPHEADER, COMPILE, LIB, LINK, MANAGEDRESX, MANAGEDMOD, MANAGEDDLL, MANAGEDEXE, MANAGEDWIN for ARM.
BUILD: [00:0000000004:PROGC ] Loading database "C:\WINCE600\PLATFORM\Z2170P\Build.dat".
BUILD: [00:0000000005:PROGC ] Done.
BUILD: [00:0000000006:PROGC ] Computing include file dependencies:
BUILD: [00:0000000007:PROGC ] Checking for SDK include directory: C:\WINCE600\sdk\CE\inc.
BUILD: [00:0000000008:WARNS ] COMMON is not a subdirectory of C:\WINCE600\PLATFORM\Z2170P\SRC\.
BUILD: [00:0000000009:PROGC ] Scan C:\WINCE600\PLATFORM\Z2170P\SRC\BSP_COMMON\BSPCFG\
BUILD: [00:0000000010:PROGC ] Scan C:\WINCE600\PLATFORM\Z2170P\SRC\BSP_COMMON\STALL\
BUILD: [00:0000000011:PROGC ] Scan C:\WINCE600\PLATFORM\Z2170P\SRC\BSP_COMMON\ARGS\
BUILD: [00:0000000012:PROGC ] Scan C:\WINCE600\PLATFORM\Z2170P\SRC\BSP_COMMON\DISPLAY\
BUILD: [00:0000000013:PROGC ] Scan C:\WINCE600\PLATFORM\Z2170P\SRC\BSP_COMMON\BSP_PADCFG\
BUILD: [00:0000000014:PROGC ] Scan C:\WINCE600\PLATFORM\Z2170P\SRC\BSP_COMMON\TPS659XX\
BUILD: [00:0000000015:PROGC ] Scan C:\WINCE600\PLATFORM\Z2170P\SRC\BSP_COMMON\USBFN\BOOT\
BUILD: [00:0000000016:PROGC ] Scan C:\WINCE600\PLATFORM\Z2170P\SRC\BSP_COMMON\USBFN\KITL\
BUILD: [00:0000000017:PROGC ] Scan C:\WINCE600\PLATFORM\Z2170P\SRC\BOOTLOADER\EBOOT\NAND\
BUILD: [00:0000000018:PROGC ] Scan C:\WINCE600\PLATFORM\Z2170P\SRC\BOOTLOADER\EBOOT\SDMEMORY\
BUILD: [00:0000000019:PROGC ] Scan C:\WINCE600\PLATFORM\Z2170P\SRC\BOOTLOADER\STUB\EBOOT\
BUILD: [00:0000000020:PROGC ] Scan C:\WINCE600\PLATFORM\Z2170P\SRC\BOOTLOADER\STUB\XLDR\
BUILD: [00:0000000021:WARNN ] File: C:\WINCE600\PLATFORM\Z2170P\SRC\BOOTLOADER\DISPLAY\Build.err does not exist (2).
BUILD: [00:0000000022:WARNN ] File: C:\WINCE600\PLATFORM\Z2170P\SRC\BOOTLOADER\DISPLAY\Build.wrn does not exist (2).
BUILD: [00:0000000023:PROGC ] Scan C:\WINCE600\PLATFORM\Z2170P\SRC\BOOTLOADER\DISPLAY\
BUILD: [00:0000000024:PROGC ] Scan C:\WINCE600\PLATFORM\Z2170P\SRC\BOOTLOADER\XLDR\NAND\
BUILD: [00:0000000025:PROGC ] Scan C:\WINCE600\PLATFORM\Z2170P\SRC\BOOTLOADER\XLDR\UART\
BUILD: [00:0000000026:PROGC ] Scan C:\WINCE600\PLATFORM\Z2170P\SRC\BOOTLOADER\XLDR\SDMEMORY\
BUILD: [00:0000000027:WARNS ] PWRKEY is not a subdirectory of C:\WINCE600\PLATFORM\Z2170P\SRC\DRIVERS\.
BUILD: [00:0000000028:WARNS ] HEAD is not a subdirectory of C:\WINCE600\PLATFORM\Z2170P\SRC\DRIVERS\.
BUILD: [00:0000000029:WARNS ] KEYPAD is not a subdirectory of C:\WINCE600\PLATFORM\Z2170P\SRC\DRIVERS\.
BUILD: [00:0000000030:WARNS ] WAVEDEV2 is not a subdirectory of C:\WINCE600\PLATFORM\Z2170P\SRC\DRIVERS\.
BUILD: [00:0000000031:PROGC ] Scan C:\WINCE600\PLATFORM\Z2170P\SRC\DRIVERS\CEDDK\DLL\
BUILD: [00:0000000032:PROGC ] Scan C:\WINCE600\PLATFORM\Z2170P\SRC\DRIVERS\BLOCK\NAND\
BUILD: [00:0000000033:PROGC ] Scan C:\WINCE600\PLATFORM\Z2170P\SRC\DRIVERS\GPIO\
BUILD: [00:0000000034:PROGC ] Scan C:\WINCE600\PLATFORM\Z2170P\SRC\DRIVERS\MCSPI\
BUILD: [00:0000000035:PROGC ] Scan C:\WINCE600\PLATFORM\Z2170P\SRC\DRIVERS\DISPLAY\DSS\
BUILD: [00:0000000036:PROGC ] Scan C:\WINCE600\PLATFORM\Z2170P\SRC\DRIVERS\DMA\
BUILD: [00:0000000037:PROGC ] Scan C:\WINCE600\PLATFORM\Z2170P\SRC\DRIVERS\UART\
BUILD: [00:0000000038:PROGC ] Scan C:\WINCE600\PLATFORM\Z2170P\SRC\DRIVERS\SMSC9118\
BUILD: [00:0000000039:PROGC ] Scan C:\WINCE600\PLATFORM\Z2170P\SRC\DRIVERS\BUS\
BUILD: [00:0000000040:PROGC ] Scan C:\WINCE600\PLATFORM\Z2170P\SRC\DRIVERS\MCBSP\
BUILD: [00:0000000041:PROGC ] Scan C:\WINCE600\PLATFORM\Z2170P\SRC\DRIVERS\SDMEMORY\
BUILD: [00:0000000042:PROGC ] Scan C:\WINCE600\PLATFORM\Z2170P\SRC\DRIVERS\TOUCH\
BUILD: [00:0000000043:PROGC ] Scan C:\WINCE600\PLATFORM\Z2170P\SRC\DRIVERS\TPS659XX\
BUILD: [00:0000000044:PROGC ] Scan C:\WINCE600\PLATFORM\Z2170P\SRC\DRIVERS\TPS659XX_GPIO\
BUILD: [00:0000000045:PROGC ] Scan C:\WINCE600\PLATFORM\Z2170P\SRC\DRIVERS\TPS659xx_MADC\
BUILD: [00:0000000046:PROGC ] Scan C:\WINCE600\PLATFORM\Z2170P\SRC\DRIVERS\TPS659XX_WAVE\
BUILD: [00:0000000047:PROGC ] Scan C:\WINCE600\PLATFORM\Z2170P\SRC\DRIVERS\TPS659XX_PWRKEY\
BUILD: [00:0000000048:PROGC ] Scan C:\WINCE600\PLATFORM\Z2170P\SRC\DRIVERS\TPS659XX_KEYPAD\
BUILD: [00:0000000049:PROGC ] Scan C:\WINCE600\PLATFORM\Z2170P\SRC\DRIVERS\BACKLIGHT\
BUILD: [00:0000000050:PROGC ] Scan C:\WINCE600\PLATFORM\Z2170P\SRC\DRIVERS\SDBUS\
BUILD: [00:0000000051:PROGC ] Scan C:\WINCE600\PLATFORM\Z2170P\SRC\DRIVERS\SDHC\IMPL\
BUILD: [00:0000000052:PROGC ] Scan C:\WINCE600\PLATFORM\Z2170P\SRC\DRIVERS\USBHS\
BUILD: [00:0000000053:PROGC ] Scan C:\WINCE600\PLATFORM\Z2170P\SRC\DRIVERS\CAMERA\MDD\
BUILD: [00:0000000054:WARNS ] Directory: C:\WINCE600\platform\Z2170P\src\inc\OEMDefs C:\WINCE600\public\directx\sdk\inc\ does not exist.
BUILD: [00:0000000055:PROGC ] Scan C:\WINCE600\PLATFORM\Z2170P\SRC\DRIVERS\CAMERA\PDD\
BUILD: [00:0000000056:PROGC ] Scan C:\WINCE600\PLATFORM\Z2170P\SRC\DRIVERS\CAMERA\DLL\
BUILD: [00:0000000057:WARNS ] Directory: C:\WINCE600\platform\Z2170P\src\inc\OEMDefs C:\WINCE600\public\directx\sdk\inc\ does not exist.
BUILD: [00:0000000058:PROGC ] Scan C:\WINCE600\PLATFORM\Z2170P\SRC\DRIVERS\VRFB\
BUILD: [00:0000000059:PROGC ] Scan C:\WINCE600\PLATFORM\Z2170P\SRC\DRIVERS\PM\DLL\
BUILD: [00:0000000060:PROGC ] Scan C:\WINCE600\PLATFORM\Z2170P\SRC\DRIVERS\PM\CONSTRAINTADAPTERS\DLL\
BUILD: [00:0000000061:PROGC ] Scan C:\WINCE600\PLATFORM\Z2170P\SRC\DRIVERS\PM\PMEXT\
BUILD: [00:0000000062:PROGC ] Scan C:\WINCE600\PLATFORM\Z2170P\SRC\DRIVERS\PM\PMXPROXY\
BUILD: [00:0000000063:PROGC ] Scan C:\WINCE600\PLATFORM\Z2170P\SRC\DRIVERS\PM\POLICYADAPTERS\CPULOAD\
BUILD: [00:0000000064:PROGC ] Scan C:\WINCE600\PLATFORM\Z2170P\SRC\DRIVERS\PM\POLICYADAPTERS\DLL\
BUILD: [00:0000000065:PROGC ] Scan C:\WINCE600\PLATFORM\Z2170P\SRC\DRIVERS\PM\POLICYADAPTERS\SYSTEMSTATE\
BUILD: [00:0000000066:PROGC ] Scan C:\WINCE600\PLATFORM\Z2170P\SRC\DRIVERS\TPS659xx_LED\
BUILD: [00:0000000067:PROGC ] Scan C:\WINCE600\PLATFORM\Z2170P\SRC\DRIVERS\MUSB\MUSBFN\
BUILD: [00:0000000068:PROGC ] Scan C:\WINCE600\PLATFORM\Z2170P\SRC\DRIVERS\MUSB\MUSBHCD\
BUILD: [00:0000000069:PROGC ] Scan C:\WINCE600\PLATFORM\Z2170P\SRC\DRIVERS\MUSB\MUSBOTG\
BUILD: [00:0000000070:PROGC ] Scan C:\WINCE600\PLATFORM\Z2170P\SRC\DRIVERS\TPS659XX_RTC\
BUILD: [00:0000000071:PROGC ] Scan C:\WINCE600\PLATFORM\Z2170P\SRC\DRIVERS\SDMAPROXY\
BUILD: [00:0000000072:PROGC ] Scan C:\WINCE600\PLATFORM\Z2170P\SRC\DRIVERS\NLED\
BUILD: [00:0000000073:PROGC ] Scan C:\WINCE600\PLATFORM\Z2170P\SRC\DRIVERS\HEADSET\
BUILD: [00:0000000074:PROGC ] Scan C:\WINCE600\PLATFORM\Z2170P\SRC\DRIVERS\BATTERY\NULL\
BUILD: [00:0000000075:PROGC ] Scan C:\WINCE600\PLATFORM\Z2170P\SRC\DRIVERS\BATTERY\BQ27410\
BUILD: [00:0000000076:PROGC ] Scan C:\WINCE600\PLATFORM\Z2170P\SRC\DRIVERS\HDQ\
BUILD: [00:0000000077:PROGC ] Scan C:\WINCE600\PLATFORM\Z2170P\SRC\DRIVERS\ISP_RESIZER\
BUILD: [00:0000000078:PROGC ] Scan C:\WINCE600\PLATFORM\Z2170P\SRC\DRIVERS\sysctrl\
BUILD: [00:0000000079:PROGC ] Scan C:\WINCE600\PLATFORM\Z2170P\SRC\KITL\KITLDLL\
BUILD: [00:0000000080:PROGC ] Scan C:\WINCE600\PLATFORM\Z2170P\SRC\KITL\KITLREG\
BUILD: [00:0000000081:PROGC ] Scan C:\WINCE600\PLATFORM\Z2170P\SRC\OAL\OALLIB\
BUILD: [00:0000000082:PROGC ] Scan C:\WINCE600\PLATFORM\Z2170P\SRC\OAL\OALEXE\
BUILD: [00:0000000083:PROGC ] Scan C:\WINCE600\PLATFORM\Z2170P\SRC\OAL\OALIOCTL\
BUILD: [00:0000000084:PROGC ] Scan C:\WINCE600\PLATFORM\Z2170P\SRC\APP\BSPVERSION\EXE\
BUILD: [00:0000000085:PROGC ] Scan C:\WINCE600\PLATFORM\Z2170P\SRC\APP\BSPVERSION\PNL\
BUILD: [00:0000000086:PROGC ] Scan C:\WINCE600\PLATFORM\Z2170P\SRC\APP\SHELL\
BUILD: [00:0000000087:PROGC ] Scan C:\WINCE600\PLATFORM\Z2170P\SRC\APP\DOCMD\
BUILD: [00:0000000088:PROGC ] Scan C:\WINCE600\PLATFORM\Z2170P\SRC\APP\PROXYDRIVER\
BUILD: [00:0000000089:PROGC ] Scan C:\WINCE600\platform\Z2170P\src\APP\common\
BUILD: [00:0000000090:PROGC ] Scan C:\WINCE600\PLATFORM\Z2170P\SRC\APP\I2CPROXY\
BUILD: [00:0000000091:PROGC ] Scan C:\WINCE600\PLATFORM\Z2170P\SRC\APP\SIMPLE\DLL\
BUILD: [00:0000000092:PROGC ] Scan C:\WINCE600\PLATFORM\Z2170P\SRC\APP\SIMPLE\EXE\
BUILD: [00:0000000093:PROGC ] Scan C:\WINCE600\PLATFORM\Z2170P\SRC\APP\NullSink\
BUILD: [00:0000000094:PROGC ] Scan C:\WINCE600\PLATFORM\Z2170P\SRC\APP\SampleGrabber\
BUILD: [00:0000000095:PROGC ] Scan C:\WINCE600\PLATFORM\Z2170P\SRC\APP\CaptureTest\
BUILD: [00:0000000096:PROGC ] Scan C:\WINCE600\PLATFORM\Z2170P\SRC\APP\WAVMIXER\
BUILD: [00:0000000097:PROGC ] Scan C:\WINCE600\PLATFORM\Z2170P\SRC\APP\KeyHook\
BUILD: [00:0000000098:PROGC ] Scan C:\WINCE600\PLATFORM\Z2170P\SRC\test\testGPIO\
BUILD: [00:0000000099:PROGC ] Scan C:\WINCE600\PLATFORM\Z2170P\SRC\test\testSerial\
BUILD: [00:0000000100:PROGC ] Scan C:\WINCE600\PLATFORM\Z2170P\SRC\test\testSerialPerf\
BUILD: [00:0000000101:PROGC ] Scan C:\WINCE600\PLATFORM\Z2170P\SRC\test\PMTEST\PMGET\
BUILD: [00:0000000102:PROGC ] Scan C:\WINCE600\PLATFORM\Z2170P\SRC\test\PMTEST\PMGETD\
BUILD: [00:0000000103:PROGC ] Scan C:\WINCE600\PLATFORM\Z2170P\SRC\test\PMTEST\PMMON\
BUILD: [00:0000000104:PROGC ] Scan C:\WINCE600\PLATFORM\Z2170P\SRC\test\PMTEST\PMREQ\
BUILD: [00:0000000105:PROGC ] Scan C:\WINCE600\PLATFORM\Z2170P\SRC\test\PMTEST\PMSET\
BUILD: [00:0000000106:PROGC ] Scan C:\WINCE600\PLATFORM\Z2170P\SRC\test\PMTEST\PMSETD\
BUILD: [00:0000000107:PROGC ] Scan C:\WINCE600\PLATFORM\Z2170P\SRC\test\wakeme\
BUILD: [00:0000000108:PROGC ] Scan C:\WINCE600\PLATFORM\Z2170P\SRC\test\testRTC\
BUILD: [00:0000000109:PROGC ] Scan C:\WINCE600\PLATFORM\Z2170P\SRC\test\testKeypad\
BUILD: [00:0000000110:PROGC ] Scan C:\WINCE600\PLATFORM\Z2170P\SRC\test\Tux_I2C\
BUILD: [00:0000000111:PROGC ] Scan C:\WINCE600\PLATFORM\Z2170P\SRC\test\Tux_SPI\
BUILD: [00:0000000112:PROGC ] Scan C:\WINCE600\PLATFORM\Z2170P\SRC\test\Tux_PowerManagement\
BUILD: [00:0000000113:PROGC ] Scan C:\WINCE600\PLATFORM\Z2170P\SRC\test\FSTEST\
BUILD: [00:0000000114:PROGC ] Saving C:\WINCE600\PLATFORM\Z2170P\Build.dat.
BUILD: [00:0000000115:INFO  ] Done.
BUILD: [00:0000000116:INFO  ] Will Build C:\WINCE600\PLATFORM\Z2170P\SRC\BOOTLOADER\EBOOT\main.c because target: obj\ARMV4I\retail\main.obj is out of date.
BUILD: [00:0000000117:INFO  ] Will Build C:\WINCE600\PLATFORM\Z2170P\SRC\BOOTLOADER\EBOOT\hotkey.c because target: obj\ARMV4I\retail\hotkey.obj is out of date.
BUILD: [00:0000000118:INFO  ] Will Build C:\WINCE600\PLATFORM\Z2170P\SRC\BOOTLOADER\EBOOT\map.c because target: obj\ARMV4I\retail\map.obj is out of date.
BUILD: [00:0000000119:INFO  ] Will Build C:\WINCE600\PLATFORM\Z2170P\SRC\BOOTLOADER\EBOOT\eth.c because target: obj\ARMV4I\retail\eth.obj is out of date.
BUILD: [00:0000000120:INFO  ] Will Build C:\WINCE600\PLATFORM\Z2170P\SRC\BOOTLOADER\EBOOT\menu.c because target: obj\ARMV4I\retail\menu.obj is out of date.
BUILD: [00:0000000121:INFO  ] Will Build C:\WINCE600\PLATFORM\Z2170P\SRC\BOOTLOADER\EBOOT\flashmenu.c because target: obj\ARMV4I\retail\flashmenu.obj is out of date.
BUILD: [00:0000000122:INFO  ] Will Build C:\WINCE600\PLATFORM\Z2170P\SRC\BOOTLOADER\EBOOT\NAND\flash.c because target: obj\ARMV4I\retail\flash.obj is out of date.
BUILD: [00:0000000123:INFO  ] Will Build C:\WINCE600\PLATFORM\Z2170P\SRC\BOOTLOADER\EBOOT\NAND\cfg.c because target: obj\ARMV4I\retail\cfg.obj is out of date.
BUILD: [00:0000000124:INFO  ] Will Build C:\WINCE600\PLATFORM\Z2170P\SRC\BOOTLOADER\EBOOT\NAND\ because target: BootImage is missing.
BUILD: [00:0000000125:PROGC ] Building COMPILE Pass in C:\WINCE600\PLATFORM\Z2170P\SRC\BOOTLOADER\EBOOT\NAND\ directory.
BUILD: [00:0000000126:PROG  ] 'NMAKE.EXE TargetCompilePass  -i -c BUILDMSG=Stop.  BUILDROOT=C:\WINCE600\PLATFORM\Z2170P NOLINK=1 NOPASS0=1'
BUILD: [01:0000000127:INFO  ] makefile.def: Including C:\WINCE600\public\common\oak\misc\Sources.default
BUILD: [01:0000000128:INFO  ] makefile.def: BUILDROOT is C:\WINCE600\PLATFORM\Z2170P
BUILD: [01:0000000129:INFO  ] makefile.def: Including C:\WINCE600\PLATFORM\Z2170P\sources.cmn
BUILD: [01:0000000130:INFO  ] makefile.def: Including C:\WINCE600\PLATFORM\Z2170P\SRC\BOOTLOADER\EBOOT\NAND\sources
BUILD: [01:0000000131:INFO  ] makefile.def: Including C:\WINCE600\public\common\oak\misc\Sources.CE
BUILD: [01:0000000132:INFO  ] Directory: C:\WINCE600\PLATFORM\Z2170P\SRC\BOOTLOADER\EBOOT\NAND
BUILD: [01:0000000133:INFO  ] TARGETNAME: ebootnd
BUILD: [01:0000000134:INFO  ] makefile.def: Including C:\WINCE600\public\common\oak\misc\sources.ReleaseType_PLATFORM
BUILD: [01:0000000135:INFO  ] FULLLIBC.LIB found in TARGETLIBS; forcing NOLIBC=1
BUILD: [01:0000000136:INFO  ] FULLLIBC.LIB found in TARGETLIBS; forcing NOCRTDLL=1
BUILD: [01:0000000137:PROGC ] Compiling ..\main.c
BUILD: [01:0000000138:INFO  ] cl -nologo   /Gy -Foobj\ARMV4I\retail\main.obj -c -IARM\ -I. -IC:\WINCE600\platform\COMMON\src\inc -IC:\WINCE600\platform\Z2170P\src\inc -IC:\WINCE600\platform\COMMON\src\soc\COMMON_TI_V1\TRITON\inc -IC:\WINCE600\platform\COMMON\src\soc\COMMON_TI_V1\TPS659xx\inc -IC:\WINCE600\platform\COMMON\src\soc\COMMON_TI_V1\COMMON_TI\inc -IC:\WINCE600\platform\COMMON\src\soc\COMMON_TI_V1\OMAP3530\inc -IC:\WINCE600\platform\Z2170P\src\inc\OEMDefs -IC:\WINCE600\public\common\oak\drivers\block\msflashfmd\inc -I.. -IC:\WINCE600\public\common\sdk\inc -IC:\WINCE600\public\common\oak\inc -IC:\WINCE600\public\common\ddk\inc -IC:\WINCE600\sdk\CE\inc -I.\Resource\0409 -Ox -Os -GF -Zi -FdC:\WINCE600\platform\Z2170P\target\ARMV4I\retail\ebootnd.pdb -D_CRT_SECURE_NO_DEPRECATE -D_USE_32BIT_TIME_T -DUNICODE -D_UNICODE -DUNDER_CE=600 -D_WIN32_WCE=0x600 -DWINCEOEM -DWINCEINTERNAL -DWIN32 -DSTRICT -DARM -DARMV4I -D_ARM_ -DNDEBUG=1  -D_SOC_MODEL=OMAP3530 -D_TRITON_MODEL=TPS659xx -DCEDDK_USEDDKMACRO -D_WINCEOSVER=600 -DBSP_EVM2 -DBSP_OPM_SELECT_37XX=4 -DBSP_OPM_SELECT_35XX=5 -DBSP_RTC_WAKES_CPU -DBSP_SDRAM_BANK1_ENABLE -DCOREDLL -DINTERNATIONAL -DINTLMSG_CODEPAGE=1252 -FAsc -Faobj\ARMV4I\retail\main.cod -WX -QRimplicit-import- -Zi  -Zc:wchar_t- -Zc:forScope- -wd4867 -wd4430 -MT -U_MT -W4 /analyze   /GR- -QRarch4T -DTHUMBSUPPORT -QRinterwork-return  /GS C:\WINCE600\PLATFORM\Z2170P\SRC\BOOTLOADER\EBOOT\NAND\..\main.c
BUILD: [01:0000000139:INFO  ] main.c
BUILD: [01:0000000140:PROGC ] Compiling ..\hotkey.c
BUILD: [01:0000000141:INFO  ] cl -nologo   /Gy -Foobj\ARMV4I\retail\hotkey.obj -c -IARM\ -I. -IC:\WINCE600\platform\COMMON\src\inc -IC:\WINCE600\platform\Z2170P\src\inc -IC:\WINCE600\platform\COMMON\src\soc\COMMON_TI_V1\TRITON\inc -IC:\WINCE600\platform\COMMON\src\soc\COMMON_TI_V1\TPS659xx\inc -IC:\WINCE600\platform\COMMON\src\soc\COMMON_TI_V1\COMMON_TI\inc -IC:\WINCE600\platform\COMMON\src\soc\COMMON_TI_V1\OMAP3530\inc -IC:\WINCE600\platform\Z2170P\src\inc\OEMDefs -IC:\WINCE600\public\common\oak\drivers\block\msflashfmd\inc -I.. -IC:\WINCE600\public\common\sdk\inc -IC:\WINCE600\public\common\oak\inc -IC:\WINCE600\public\common\ddk\inc -IC:\WINCE600\sdk\CE\inc -I.\Resource\0409 -Ox -Os -GF -Zi -FdC:\WINCE600\platform\Z2170P\target\ARMV4I\retail\ebootnd.pdb -D_CRT_SECURE_NO_DEPRECATE -D_USE_32BIT_TIME_T -DUNICODE -D_UNICODE -DUNDER_CE=600 -D_WIN32_WCE=0x600 -DWINCEOEM -DWINCEINTERNAL -DWIN32 -DSTRICT -DARM -DARMV4I -D_ARM_ -DNDEBUG=1  -D_SOC_MODEL=OMAP3530 -D_TRITON_MODEL=TPS659xx -DCEDDK_USEDDKMACRO -D_WINCEOSVER=600 -DBSP_EVM2 -DBSP_OPM_SELECT_37XX=4 -DBSP_OPM_SELECT_35XX=5 -DBSP_RTC_WAKES_CPU -DBSP_SDRAM_BANK1_ENABLE -DCOREDLL -DINTERNATIONAL -DINTLMSG_CODEPAGE=1252 -FAsc -Faobj\ARMV4I\retail\hotkey.cod -WX -QRimplicit-import- -Zi  -Zc:wchar_t- -Zc:forScope- -wd4867 -wd4430 -MT -U_MT -W4 /analyze   /GR- -QRarch4T -DTHUMBSUPPORT -QRinterwork-return  /GS C:\WINCE600\PLATFORM\Z2170P\SRC\BOOTLOADER\EBOOT\NAND\..\hotkey.c
BUILD: [01:0000000142:INFO  ] hotkey.c
BUILD: [01:0000000143:PROGC ] Compiling ..\map.c
BUILD: [01:0000000144:INFO  ] cl -nologo   /Gy -Foobj\ARMV4I\retail\map.obj -c -IARM\ -I. -IC:\WINCE600\platform\COMMON\src\inc -IC:\WINCE600\platform\Z2170P\src\inc -IC:\WINCE600\platform\COMMON\src\soc\COMMON_TI_V1\TRITON\inc -IC:\WINCE600\platform\COMMON\src\soc\COMMON_TI_V1\TPS659xx\inc -IC:\WINCE600\platform\COMMON\src\soc\COMMON_TI_V1\COMMON_TI\inc -IC:\WINCE600\platform\COMMON\src\soc\COMMON_TI_V1\OMAP3530\inc -IC:\WINCE600\platform\Z2170P\src\inc\OEMDefs -IC:\WINCE600\public\common\oak\drivers\block\msflashfmd\inc -I.. -IC:\WINCE600\public\common\sdk\inc -IC:\WINCE600\public\common\oak\inc -IC:\WINCE600\public\common\ddk\inc -IC:\WINCE600\sdk\CE\inc -I.\Resource\0409 -Ox -Os -GF -Zi -FdC:\WINCE600\platform\Z2170P\target\ARMV4I\retail\ebootnd.pdb -D_CRT_SECURE_NO_DEPRECATE -D_USE_32BIT_TIME_T -DUNICODE -D_UNICODE -DUNDER_CE=600 -D_WIN32_WCE=0x600 -DWINCEOEM -DWINCEINTERNAL -DWIN32 -DSTRICT -DARM -DARMV4I -D_ARM_ -DNDEBUG=1  -D_SOC_MODEL=OMAP3530 -D_TRITON_MODEL=TPS659xx -DCEDDK_USEDDKMACRO -D_WINCEOSVER=600 -DBSP_EVM2 -DBSP_OPM_SELECT_37XX=4 -DBSP_OPM_SELECT_35XX=5 -DBSP_RTC_WAKES_CPU -DBSP_SDRAM_BANK1_ENABLE -DCOREDLL -DINTERNATIONAL -DINTLMSG_CODEPAGE=1252 -FAsc -Faobj\ARMV4I\retail\map.cod -WX -QRimplicit-import- -Zi  -Zc:wchar_t- -Zc:forScope- -wd4867 -wd4430 -MT -U_MT -W4 /analyze   /GR- -QRarch4T -DTHUMBSUPPORT -QRinterwork-return  /GS C:\WINCE600\PLATFORM\Z2170P\SRC\BOOTLOADER\EBOOT\NAND\..\map.c
BUILD: [01:0000000145:INFO  ] map.c
BUILD: [01:0000000146:PROGC ] Compiling ..\eth.c
BUILD: [01:0000000147:INFO  ] cl -nologo   /Gy -Foobj\ARMV4I\retail\eth.obj -c -IARM\ -I. -IC:\WINCE600\platform\COMMON\src\inc -IC:\WINCE600\platform\Z2170P\src\inc -IC:\WINCE600\platform\COMMON\src\soc\COMMON_TI_V1\TRITON\inc -IC:\WINCE600\platform\COMMON\src\soc\COMMON_TI_V1\TPS659xx\inc -IC:\WINCE600\platform\COMMON\src\soc\COMMON_TI_V1\COMMON_TI\inc -IC:\WINCE600\platform\COMMON\src\soc\COMMON_TI_V1\OMAP3530\inc -IC:\WINCE600\platform\Z2170P\src\inc\OEMDefs -IC:\WINCE600\public\common\oak\drivers\block\msflashfmd\inc -I.. -IC:\WINCE600\public\common\sdk\inc -IC:\WINCE600\public\common\oak\inc -IC:\WINCE600\public\common\ddk\inc -IC:\WINCE600\sdk\CE\inc -I.\Resource\0409 -Ox -Os -GF -Zi -FdC:\WINCE600\platform\Z2170P\target\ARMV4I\retail\ebootnd.pdb -D_CRT_SECURE_NO_DEPRECATE -D_USE_32BIT_TIME_T -DUNICODE -D_UNICODE -DUNDER_CE=600 -D_WIN32_WCE=0x600 -DWINCEOEM -DWINCEINTERNAL -DWIN32 -DSTRICT -DARM -DARMV4I -D_ARM_ -DNDEBUG=1  -D_SOC_MODEL=OMAP3530 -D_TRITON_MODEL=TPS659xx -DCEDDK_USEDDKMACRO -D_WINCEOSVER=600 -DBSP_EVM2 -DBSP_OPM_SELECT_37XX=4 -DBSP_OPM_SELECT_35XX=5 -DBSP_RTC_WAKES_CPU -DBSP_SDRAM_BANK1_ENABLE -DCOREDLL -DINTERNATIONAL -DINTLMSG_CODEPAGE=1252 -FAsc -Faobj\ARMV4I\retail\eth.cod -WX -QRimplicit-import- -Zi  -Zc:wchar_t- -Zc:forScope- -wd4867 -wd4430 -MT -U_MT -W4 /analyze   /GR- -QRarch4T -DTHUMBSUPPORT -QRinterwork-return  /GS C:\WINCE600\PLATFORM\Z2170P\SRC\BOOTLOADER\EBOOT\NAND\..\eth.c
BUILD: [01:0000000148:INFO  ] eth.c
BUILD: [01:0000000149:PROGC ] Compiling ..\menu.c
BUILD: [01:0000000150:INFO  ] cl -nologo   /Gy -Foobj\ARMV4I\retail\menu.obj -c -IARM\ -I. -IC:\WINCE600\platform\COMMON\src\inc -IC:\WINCE600\platform\Z2170P\src\inc -IC:\WINCE600\platform\COMMON\src\soc\COMMON_TI_V1\TRITON\inc -IC:\WINCE600\platform\COMMON\src\soc\COMMON_TI_V1\TPS659xx\inc -IC:\WINCE600\platform\COMMON\src\soc\COMMON_TI_V1\COMMON_TI\inc -IC:\WINCE600\platform\COMMON\src\soc\COMMON_TI_V1\OMAP3530\inc -IC:\WINCE600\platform\Z2170P\src\inc\OEMDefs -IC:\WINCE600\public\common\oak\drivers\block\msflashfmd\inc -I.. -IC:\WINCE600\public\common\sdk\inc -IC:\WINCE600\public\common\oak\inc -IC:\WINCE600\public\common\ddk\inc -IC:\WINCE600\sdk\CE\inc -I.\Resource\0409 -Ox -Os -GF -Zi -FdC:\WINCE600\platform\Z2170P\target\ARMV4I\retail\ebootnd.pdb -D_CRT_SECURE_NO_DEPRECATE -D_USE_32BIT_TIME_T -DUNICODE -D_UNICODE -DUNDER_CE=600 -D_WIN32_WCE=0x600 -DWINCEOEM -DWINCEINTERNAL -DWIN32 -DSTRICT -DARM -DARMV4I -D_ARM_ -DNDEBUG=1  -D_SOC_MODEL=OMAP3530 -D_TRITON_MODEL=TPS659xx -DCEDDK_USEDDKMACRO -D_WINCEOSVER=600 -DBSP_EVM2 -DBSP_OPM_SELECT_37XX=4 -DBSP_OPM_SELECT_35XX=5 -DBSP_RTC_WAKES_CPU -DBSP_SDRAM_BANK1_ENABLE -DCOREDLL -DINTERNATIONAL -DINTLMSG_CODEPAGE=1252 -FAsc -Faobj\ARMV4I\retail\menu.cod -WX -QRimplicit-import- -Zi  -Zc:wchar_t- -Zc:forScope- -wd4867 -wd4430 -MT -U_MT -W4 /analyze   /GR- -QRarch4T -DTHUMBSUPPORT -QRinterwork-return  /GS C:\WINCE600\PLATFORM\Z2170P\SRC\BOOTLOADER\EBOOT\NAND\..\menu.c
BUILD: [01:0000000151:INFO  ] menu.c
BUILD: [01:0000000152:PROGC ] Compiling ..\flashmenu.c
BUILD: [01:0000000153:INFO  ] cl -nologo   /Gy -Foobj\ARMV4I\retail\flashmenu.obj -c -IARM\ -I. -IC:\WINCE600\platform\COMMON\src\inc -IC:\WINCE600\platform\Z2170P\src\inc -IC:\WINCE600\platform\COMMON\src\soc\COMMON_TI_V1\TRITON\inc -IC:\WINCE600\platform\COMMON\src\soc\COMMON_TI_V1\TPS659xx\inc -IC:\WINCE600\platform\COMMON\src\soc\COMMON_TI_V1\COMMON_TI\inc -IC:\WINCE600\platform\COMMON\src\soc\COMMON_TI_V1\OMAP3530\inc -IC:\WINCE600\platform\Z2170P\src\inc\OEMDefs -IC:\WINCE600\public\common\oak\drivers\block\msflashfmd\inc -I.. -IC:\WINCE600\public\common\sdk\inc -IC:\WINCE600\public\common\oak\inc -IC:\WINCE600\public\common\ddk\inc -IC:\WINCE600\sdk\CE\inc -I.\Resource\0409 -Ox -Os -GF -Zi -FdC:\WINCE600\platform\Z2170P\target\ARMV4I\retail\ebootnd.pdb -D_CRT_SECURE_NO_DEPRECATE -D_USE_32BIT_TIME_T -DUNICODE -D_UNICODE -DUNDER_CE=600 -D_WIN32_WCE=0x600 -DWINCEOEM -DWINCEINTERNAL -DWIN32 -DSTRICT -DARM -DARMV4I -D_ARM_ -DNDEBUG=1  -D_SOC_MODEL=OMAP3530 -D_TRITON_MODEL=TPS659xx -DCEDDK_USEDDKMACRO -D_WINCEOSVER=600 -DBSP_EVM2 -DBSP_OPM_SELECT_37XX=4 -DBSP_OPM_SELECT_35XX=5 -DBSP_RTC_WAKES_CPU -DBSP_SDRAM_BANK1_ENABLE -DCOREDLL -DINTERNATIONAL -DINTLMSG_CODEPAGE=1252 -FAsc -Faobj\ARMV4I\retail\flashmenu.cod -WX -QRimplicit-import- -Zi  -Zc:wchar_t- -Zc:forScope- -wd4867 -wd4430 -MT -U_MT -W4 /analyze   /GR- -QRarch4T -DTHUMBSUPPORT -QRinterwork-return  /GS C:\WINCE600\PLATFORM\Z2170P\SRC\BOOTLOADER\EBOOT\NAND\..\flashmenu.c
BUILD: [01:0000000154:INFO  ] flashmenu.c
BUILD: [01:0000000155:PROGC ] Compiling .\flash.c
BUILD: [01:0000000156:INFO  ] cl -nologo   /Gy -Foobj\ARMV4I\retail\flash.obj -c -IARM\ -I. -IC:\WINCE600\platform\COMMON\src\inc -IC:\WINCE600\platform\Z2170P\src\inc -IC:\WINCE600\platform\COMMON\src\soc\COMMON_TI_V1\TRITON\inc -IC:\WINCE600\platform\COMMON\src\soc\COMMON_TI_V1\TPS659xx\inc -IC:\WINCE600\platform\COMMON\src\soc\COMMON_TI_V1\COMMON_TI\inc -IC:\WINCE600\platform\COMMON\src\soc\COMMON_TI_V1\OMAP3530\inc -IC:\WINCE600\platform\Z2170P\src\inc\OEMDefs -IC:\WINCE600\public\common\oak\drivers\block\msflashfmd\inc -I.. -IC:\WINCE600\public\common\sdk\inc -IC:\WINCE600\public\common\oak\inc -IC:\WINCE600\public\common\ddk\inc -IC:\WINCE600\sdk\CE\inc -I.\Resource\0409 -Ox -Os -GF -Zi -FdC:\WINCE600\platform\Z2170P\target\ARMV4I\retail\ebootnd.pdb -D_CRT_SECURE_NO_DEPRECATE -D_USE_32BIT_TIME_T -DUNICODE -D_UNICODE -DUNDER_CE=600 -D_WIN32_WCE=0x600 -DWINCEOEM -DWINCEINTERNAL -DWIN32 -DSTRICT -DARM -DARMV4I -D_ARM_ -DNDEBUG=1  -D_SOC_MODEL=OMAP3530 -D_TRITON_MODEL=TPS659xx -DCEDDK_USEDDKMACRO -D_WINCEOSVER=600 -DBSP_EVM2 -DBSP_OPM_SELECT_37XX=4 -DBSP_OPM_SELECT_35XX=5 -DBSP_RTC_WAKES_CPU -DBSP_SDRAM_BANK1_ENABLE -DCOREDLL -DINTERNATIONAL -DINTLMSG_CODEPAGE=1252 -FAsc -Faobj\ARMV4I\retail\flash.cod -WX -QRimplicit-import- -Zi  -Zc:wchar_t- -Zc:forScope- -wd4867 -wd4430 -MT -U_MT -W4 /analyze   /GR- -QRarch4T -DTHUMBSUPPORT -QRinterwork-return  /GS C:\WINCE600\PLATFORM\Z2170P\SRC\BOOTLOADER\EBOOT\NAND\.\flash.c
BUILD: [01:0000000157:INFO  ] flash.c
BUILD: [01:0000000158:PROGC ] Compiling .\cfg.c
BUILD: [01:0000000159:INFO  ] cl -nologo   /Gy -Foobj\ARMV4I\retail\cfg.obj -c -IARM\ -I. -IC:\WINCE600\platform\COMMON\src\inc -IC:\WINCE600\platform\Z2170P\src\inc -IC:\WINCE600\platform\COMMON\src\soc\COMMON_TI_V1\TRITON\inc -IC:\WINCE600\platform\COMMON\src\soc\COMMON_TI_V1\TPS659xx\inc -IC:\WINCE600\platform\COMMON\src\soc\COMMON_TI_V1\COMMON_TI\inc -IC:\WINCE600\platform\COMMON\src\soc\COMMON_TI_V1\OMAP3530\inc -IC:\WINCE600\platform\Z2170P\src\inc\OEMDefs -IC:\WINCE600\public\common\oak\drivers\block\msflashfmd\inc -I.. -IC:\WINCE600\public\common\sdk\inc -IC:\WINCE600\public\common\oak\inc -IC:\WINCE600\public\common\ddk\inc -IC:\WINCE600\sdk\CE\inc -I.\Resource\0409 -Ox -Os -GF -Zi -FdC:\WINCE600\platform\Z2170P\target\ARMV4I\retail\ebootnd.pdb -D_CRT_SECURE_NO_DEPRECATE -D_USE_32BIT_TIME_T -DUNICODE -D_UNICODE -DUNDER_CE=600 -D_WIN32_WCE=0x600 -DWINCEOEM -DWINCEINTERNAL -DWIN32 -DSTRICT -DARM -DARMV4I -D_ARM_ -DNDEBUG=1  -D_SOC_MODEL=OMAP3530 -D_TRITON_MODEL=TPS659xx -DCEDDK_USEDDKMACRO -D_WINCEOSVER=600 -DBSP_EVM2 -DBSP_OPM_SELECT_37XX=4 -DBSP_OPM_SELECT_35XX=5 -DBSP_RTC_WAKES_CPU -DBSP_SDRAM_BANK1_ENABLE -DCOREDLL -DINTERNATIONAL -DINTLMSG_CODEPAGE=1252 -FAsc -Faobj\ARMV4I\retail\cfg.cod -WX -QRimplicit-import- -Zi  -Zc:wchar_t- -Zc:forScope- -wd4867 -wd4430 -MT -U_MT -W4 /analyze   /GR- -QRarch4T -DTHUMBSUPPORT -QRinterwork-return  /GS C:\WINCE600\PLATFORM\Z2170P\SRC\BOOTLOADER\EBOOT\NAND\.\cfg.c
BUILD: [01:0000000160:INFO  ] cfg.c
BUILD: [00:0000000161:INFO  ] Will Build C:\WINCE600\PLATFORM\Z2170P\SRC\BOOTLOADER\EBOOT\main.c because target: obj\ARMV4I\retail\main.obj is out of date.
BUILD: [00:0000000162:INFO  ] Will Build C:\WINCE600\PLATFORM\Z2170P\SRC\BOOTLOADER\EBOOT\hotkey.c because target: obj\ARMV4I\retail\hotkey.obj is out of date.
BUILD: [00:0000000163:INFO  ] Will Build C:\WINCE600\PLATFORM\Z2170P\SRC\BOOTLOADER\EBOOT\eth.c because target: obj\ARMV4I\retail\eth.obj is out of date.
BUILD: [00:0000000164:INFO  ] Will Build C:\WINCE600\PLATFORM\Z2170P\SRC\BOOTLOADER\EBOOT\menu.c because target: obj\ARMV4I\retail\menu.obj is out of date.
BUILD: [00:0000000165:INFO  ] Will Build C:\WINCE600\PLATFORM\Z2170P\SRC\BOOTLOADER\EBOOT\flashmenu.c because target: obj\ARMV4I\retail\flashmenu.obj is out of date.
BUILD: [00:0000000166:INFO  ] Will Build C:\WINCE600\PLATFORM\Z2170P\SRC\BOOTLOADER\EBOOT\functionTest.c because target: obj\ARMV4I\retail\functionTest.obj is out of date.
BUILD: [00:0000000167:INFO  ] Will Build C:\WINCE600\PLATFORM\Z2170P\SRC\BOOTLOADER\EBOOT\updatingFirmware.c because target: obj\ARMV4I\retail\updatingFirmware.obj is out of date.
BUILD: [00:0000000168:INFO  ] Will Build C:\WINCE600\PLATFORM\Z2170P\SRC\BOOTLOADER\EBOOT\SDMEMORY\flash.c because target: obj\ARMV4I\retail\flash.obj is out of date.
BUILD: [00:0000000169:INFO  ] Will Build C:\WINCE600\PLATFORM\Z2170P\SRC\BOOTLOADER\EBOOT\SDMEMORY\cfg.c because target: obj\ARMV4I\retail\cfg.obj is out of date.
BUILD: [00:0000000170:INFO  ] Will Build C:\WINCE600\PLATFORM\Z2170P\SRC\BOOTLOADER\EBOOT\SDMEMORY\ because target: BootImage is missing.
BUILD: [00:0000000171:PROGC ] Building COMPILE Pass in C:\WINCE600\PLATFORM\Z2170P\SRC\BOOTLOADER\EBOOT\SDMEMORY\ directory.
BUILD: [00:0000000172:PROG  ] 'NMAKE.EXE TargetCompilePass  -i -c BUILDMSG=Stop.  BUILDROOT=C:\WINCE600\PLATFORM\Z2170P NOLINK=1 NOPASS0=1'
BUILD: [01:0000000173:INFO  ] makefile.def: Including C:\WINCE600\public\common\oak\misc\Sources.default
BUILD: [01:0000000174:INFO  ] makefile.def: BUILDROOT is C:\WINCE600\PLATFORM\Z2170P
BUILD: [01:0000000175:INFO  ] makefile.def: Including C:\WINCE600\PLATFORM\Z2170P\sources.cmn
BUILD: [01:0000000176:INFO  ] makefile.def: Including C:\WINCE600\PLATFORM\Z2170P\SRC\BOOTLOADER\EBOOT\SDMEMORY\sources
BUILD: [01:0000000177:INFO  ] makefile.def: Including C:\WINCE600\public\common\oak\misc\Sources.CE
BUILD: [01:0000000178:INFO  ] Directory: C:\WINCE600\PLATFORM\Z2170P\SRC\BOOTLOADER\EBOOT\SDMEMORY
BUILD: [01:0000000179:INFO  ] TARGETNAME: ebootsd
BUILD: [01:0000000180:INFO  ] makefile.def: Including C:\WINCE600\public\common\oak\misc\sources.ReleaseType_PLATFORM
BUILD: [01:0000000181:INFO  ] FULLLIBC.LIB found in TARGETLIBS; forcing NOLIBC=1
BUILD: [01:0000000182:INFO  ] FULLLIBC.LIB found in TARGETLIBS; forcing NOCRTDLL=1
BUILD: [01:0000000183:PROGC ] Compiling ..\main.c
BUILD: [01:0000000184:INFO  ] cl -nologo   /Gy -Foobj\ARMV4I\retail\main.obj -c -IARM\ -I. -IC:\WINCE600\platform\COMMON\src\inc -IC:\WINCE600\platform\Z2170P\src\inc -IC:\WINCE600\platform\COMMON\src\soc\COMMON_TI_V1\TRITON\inc -IC:\WINCE600\platform\COMMON\src\soc\COMMON_TI_V1\TPS659xx\inc -IC:\WINCE600\platform\COMMON\src\soc\COMMON_TI_V1\COMMON_TI\inc -IC:\WINCE600\platform\COMMON\src\soc\COMMON_TI_V1\OMAP3530\inc -IC:\WINCE600\platform\Z2170P\src\inc\OEMDefs -IC:\WINCE600\public\common\oak\drivers\block\msflashfmd\inc -I.. -IC:\WINCE600\public\common\sdk\inc -IC:\WINCE600\public\common\oak\inc -IC:\WINCE600\public\common\ddk\inc -IC:\WINCE600\sdk\CE\inc -I.\Resource\0409 -Ox -Os -GF -Zi -FdC:\WINCE600\platform\Z2170P\target\ARMV4I\retail\ebootsd.pdb -D_CRT_SECURE_NO_DEPRECATE -D_USE_32BIT_TIME_T -DUNICODE -D_UNICODE -DUNDER_CE=600 -D_WIN32_WCE=0x600 -DWINCEOEM -DWINCEINTERNAL -DWIN32 -DSTRICT -DARM -DARMV4I -D_ARM_ -DNDEBUG=1  -D_SOC_MODEL=OMAP3530 -D_TRITON_MODEL=TPS659xx -DCEDDK_USEDDKMACRO -D_WINCEOSVER=600 -DBSP_EVM2 -DBSP_OPM_SELECT_37XX=4 -DBSP_OPM_SELECT_35XX=5 -DBSP_RTC_WAKES_CPU -DBSP_SDRAM_BANK1_ENABLE -DCOREDLL -DBUILDING_EBOOT_SD -DINTERNATIONAL -DINTLMSG_CODEPAGE=1252 -FAsc -Faobj\ARMV4I\retail\main.cod -WX -QRimplicit-import- -Zi  -Zc:wchar_t- -Zc:forScope- -wd4867 -wd4430 -MT -U_MT -W4 /analyze   /GR- -QRarch4T -DTHUMBSUPPORT -QRinterwork-return   C:\WINCE600\PLATFORM\Z2170P\SRC\BOOTLOADER\EBOOT\SDMEMORY\..\main.c
BUILD: [01:0000000185:INFO  ] main.c
BUILD: [01:0000000186:PROGC ] Compiling ..\hotkey.c
BUILD: [01:0000000187:INFO  ] cl -nologo   /Gy -Foobj\ARMV4I\retail\hotkey.obj -c -IARM\ -I. -IC:\WINCE600\platform\COMMON\src\inc -IC:\WINCE600\platform\Z2170P\src\inc -IC:\WINCE600\platform\COMMON\src\soc\COMMON_TI_V1\TRITON\inc -IC:\WINCE600\platform\COMMON\src\soc\COMMON_TI_V1\TPS659xx\inc -IC:\WINCE600\platform\COMMON\src\soc\COMMON_TI_V1\COMMON_TI\inc -IC:\WINCE600\platform\COMMON\src\soc\COMMON_TI_V1\OMAP3530\inc -IC:\WINCE600\platform\Z2170P\src\inc\OEMDefs -IC:\WINCE600\public\common\oak\drivers\block\msflashfmd\inc -I.. -IC:\WINCE600\public\common\sdk\inc -IC:\WINCE600\public\common\oak\inc -IC:\WINCE600\public\common\ddk\inc -IC:\WINCE600\sdk\CE\inc -I.\Resource\0409 -Ox -Os -GF -Zi -FdC:\WINCE600\platform\Z2170P\target\ARMV4I\retail\ebootsd.pdb -D_CRT_SECURE_NO_DEPRECATE -D_USE_32BIT_TIME_T -DUNICODE -D_UNICODE -DUNDER_CE=600 -D_WIN32_WCE=0x600 -DWINCEOEM -DWINCEINTERNAL -DWIN32 -DSTRICT -DARM -DARMV4I -D_ARM_ -DNDEBUG=1  -D_SOC_MODEL=OMAP3530 -D_TRITON_MODEL=TPS659xx -DCEDDK_USEDDKMACRO -D_WINCEOSVER=600 -DBSP_EVM2 -DBSP_OPM_SELECT_37XX=4 -DBSP_OPM_SELECT_35XX=5 -DBSP_RTC_WAKES_CPU -DBSP_SDRAM_BANK1_ENABLE -DCOREDLL -DBUILDING_EBOOT_SD -DINTERNATIONAL -DINTLMSG_CODEPAGE=1252 -FAsc -Faobj\ARMV4I\retail\hotkey.cod -WX -QRimplicit-import- -Zi  -Zc:wchar_t- -Zc:forScope- -wd4867 -wd4430 -MT -U_MT -W4 /analyze   /GR- -QRarch4T -DTHUMBSUPPORT -QRinterwork-return   C:\WINCE600\PLATFORM\Z2170P\SRC\BOOTLOADER\EBOOT\SDMEMORY\..\hotkey.c
BUILD: [01:0000000188:INFO  ] hotkey.c
BUILD: [01:0000000189:PROGC ] Compiling ..\eth.c
BUILD: [01:0000000190:INFO  ] cl -nologo   /Gy -Foobj\ARMV4I\retail\eth.obj -c -IARM\ -I. -IC:\WINCE600\platform\COMMON\src\inc -IC:\WINCE600\platform\Z2170P\src\inc -IC:\WINCE600\platform\COMMON\src\soc\COMMON_TI_V1\TRITON\inc -IC:\WINCE600\platform\COMMON\src\soc\COMMON_TI_V1\TPS659xx\inc -IC:\WINCE600\platform\COMMON\src\soc\COMMON_TI_V1\COMMON_TI\inc -IC:\WINCE600\platform\COMMON\src\soc\COMMON_TI_V1\OMAP3530\inc -IC:\WINCE600\platform\Z2170P\src\inc\OEMDefs -IC:\WINCE600\public\common\oak\drivers\block\msflashfmd\inc -I.. -IC:\WINCE600\public\common\sdk\inc -IC:\WINCE600\public\common\oak\inc -IC:\WINCE600\public\common\ddk\inc -IC:\WINCE600\sdk\CE\inc -I.\Resource\0409 -Ox -Os -GF -Zi -FdC:\WINCE600\platform\Z2170P\target\ARMV4I\retail\ebootsd.pdb -D_CRT_SECURE_NO_DEPRECATE -D_USE_32BIT_TIME_T -DUNICODE -D_UNICODE -DUNDER_CE=600 -D_WIN32_WCE=0x600 -DWINCEOEM -DWINCEINTERNAL -DWIN32 -DSTRICT -DARM -DARMV4I -D_ARM_ -DNDEBUG=1  -D_SOC_MODEL=OMAP3530 -D_TRITON_MODEL=TPS659xx -DCEDDK_USEDDKMACRO -D_WINCEOSVER=600 -DBSP_EVM2 -DBSP_OPM_SELECT_37XX=4 -DBSP_OPM_SELECT_35XX=5 -DBSP_RTC_WAKES_CPU -DBSP_SDRAM_BANK1_ENABLE -DCOREDLL -DBUILDING_EBOOT_SD -DINTERNATIONAL -DINTLMSG_CODEPAGE=1252 -FAsc -Faobj\ARMV4I\retail\eth.cod -WX -QRimplicit-import- -Zi  -Zc:wchar_t- -Zc:forScope- -wd4867 -wd4430 -MT -U_MT -W4 /analyze   /GR- -QRarch4T -DTHUMBSUPPORT -QRinterwork-return   C:\WINCE600\PLATFORM\Z2170P\SRC\BOOTLOADER\EBOOT\SDMEMORY\..\eth.c
BUILD: [01:0000000191:INFO  ] eth.c
BUILD: [01:0000000192:PROGC ] Compiling ..\menu.c
BUILD: [01:0000000193:INFO  ] cl -nologo   /Gy -Foobj\ARMV4I\retail\menu.obj -c -IARM\ -I. -IC:\WINCE600\platform\COMMON\src\inc -IC:\WINCE600\platform\Z2170P\src\inc -IC:\WINCE600\platform\COMMON\src\soc\COMMON_TI_V1\TRITON\inc -IC:\WINCE600\platform\COMMON\src\soc\COMMON_TI_V1\TPS659xx\inc -IC:\WINCE600\platform\COMMON\src\soc\COMMON_TI_V1\COMMON_TI\inc -IC:\WINCE600\platform\COMMON\src\soc\COMMON_TI_V1\OMAP3530\inc -IC:\WINCE600\platform\Z2170P\src\inc\OEMDefs -IC:\WINCE600\public\common\oak\drivers\block\msflashfmd\inc -I.. -IC:\WINCE600\public\common\sdk\inc -IC:\WINCE600\public\common\oak\inc -IC:\WINCE600\public\common\ddk\inc -IC:\WINCE600\sdk\CE\inc -I.\Resource\0409 -Ox -Os -GF -Zi -FdC:\WINCE600\platform\Z2170P\target\ARMV4I\retail\ebootsd.pdb -D_CRT_SECURE_NO_DEPRECATE -D_USE_32BIT_TIME_T -DUNICODE -D_UNICODE -DUNDER_CE=600 -D_WIN32_WCE=0x600 -DWINCEOEM -DWINCEINTERNAL -DWIN32 -DSTRICT -DARM -DARMV4I -D_ARM_ -DNDEBUG=1  -D_SOC_MODEL=OMAP3530 -D_TRITON_MODEL=TPS659xx -DCEDDK_USEDDKMACRO -D_WINCEOSVER=600 -DBSP_EVM2 -DBSP_OPM_SELECT_37XX=4 -DBSP_OPM_SELECT_35XX=5 -DBSP_RTC_WAKES_CPU -DBSP_SDRAM_BANK1_ENABLE -DCOREDLL -DBUILDING_EBOOT_SD -DINTERNATIONAL -DINTLMSG_CODEPAGE=1252 -FAsc -Faobj\ARMV4I\retail\menu.cod -WX -QRimplicit-import- -Zi  -Zc:wchar_t- -Zc:forScope- -wd4867 -wd4430 -MT -U_MT -W4 /analyze   /GR- -QRarch4T -DTHUMBSUPPORT -QRinterwork-return   C:\WINCE600\PLATFORM\Z2170P\SRC\BOOTLOADER\EBOOT\SDMEMORY\..\menu.c
BUILD: [01:0000000194:INFO  ] menu.c
BUILD: [01:0000000195:PROGC ] Compiling ..\flashmenu.c
BUILD: [01:0000000196:INFO  ] cl -nologo   /Gy -Foobj\ARMV4I\retail\flashmenu.obj -c -IARM\ -I. -IC:\WINCE600\platform\COMMON\src\inc -IC:\WINCE600\platform\Z2170P\src\inc -IC:\WINCE600\platform\COMMON\src\soc\COMMON_TI_V1\TRITON\inc -IC:\WINCE600\platform\COMMON\src\soc\COMMON_TI_V1\TPS659xx\inc -IC:\WINCE600\platform\COMMON\src\soc\COMMON_TI_V1\COMMON_TI\inc -IC:\WINCE600\platform\COMMON\src\soc\COMMON_TI_V1\OMAP3530\inc -IC:\WINCE600\platform\Z2170P\src\inc\OEMDefs -IC:\WINCE600\public\common\oak\drivers\block\msflashfmd\inc -I.. -IC:\WINCE600\public\common\sdk\inc -IC:\WINCE600\public\common\oak\inc -IC:\WINCE600\public\common\ddk\inc -IC:\WINCE600\sdk\CE\inc -I.\Resource\0409 -Ox -Os -GF -Zi -FdC:\WINCE600\platform\Z2170P\target\ARMV4I\retail\ebootsd.pdb -D_CRT_SECURE_NO_DEPRECATE -D_USE_32BIT_TIME_T -DUNICODE -D_UNICODE -DUNDER_CE=600 -D_WIN32_WCE=0x600 -DWINCEOEM -DWINCEINTERNAL -DWIN32 -DSTRICT -DARM -DARMV4I -D_ARM_ -DNDEBUG=1  -D_SOC_MODEL=OMAP3530 -D_TRITON_MODEL=TPS659xx -DCEDDK_USEDDKMACRO -D_WINCEOSVER=600 -DBSP_EVM2 -DBSP_OPM_SELECT_37XX=4 -DBSP_OPM_SELECT_35XX=5 -DBSP_RTC_WAKES_CPU -DBSP_SDRAM_BANK1_ENABLE -DCOREDLL -DBUILDING_EBOOT_SD -DINTERNATIONAL -DINTLMSG_CODEPAGE=1252 -FAsc -Faobj\ARMV4I\retail\flashmenu.cod -WX -QRimplicit-import- -Zi  -Zc:wchar_t- -Zc:forScope- -wd4867 -wd4430 -MT -U_MT -W4 /analyze   /GR- -QRarch4T -DTHUMBSUPPORT -QRinterwork-return   C:\WINCE600\PLATFORM\Z2170P\SRC\BOOTLOADER\EBOOT\SDMEMORY\..\flashmenu.c
BUILD: [01:0000000197:INFO  ] flashmenu.c
BUILD: [01:0000000198:PROGC ] Compiling ..\functionTest.c
BUILD: [01:0000000199:INFO  ] cl -nologo   /Gy -Foobj\ARMV4I\retail\functionTest.obj -c -IARM\ -I. -IC:\WINCE600\platform\COMMON\src\inc -IC:\WINCE600\platform\Z2170P\src\inc -IC:\WINCE600\platform\COMMON\src\soc\COMMON_TI_V1\TRITON\inc -IC:\WINCE600\platform\COMMON\src\soc\COMMON_TI_V1\TPS659xx\inc -IC:\WINCE600\platform\COMMON\src\soc\COMMON_TI_V1\COMMON_TI\inc -IC:\WINCE600\platform\COMMON\src\soc\COMMON_TI_V1\OMAP3530\inc -IC:\WINCE600\platform\Z2170P\src\inc\OEMDefs -IC:\WINCE600\public\common\oak\drivers\block\msflashfmd\inc -I.. -IC:\WINCE600\public\common\sdk\inc -IC:\WINCE600\public\common\oak\inc -IC:\WINCE600\public\common\ddk\inc -IC:\WINCE600\sdk\CE\inc -I.\Resource\0409 -Ox -Os -GF -Zi -FdC:\WINCE600\platform\Z2170P\target\ARMV4I\retail\ebootsd.pdb -D_CRT_SECURE_NO_DEPRECATE -D_USE_32BIT_TIME_T -DUNICODE -D_UNICODE -DUNDER_CE=600 -D_WIN32_WCE=0x600 -DWINCEOEM -DWINCEINTERNAL -DWIN32 -DSTRICT -DARM -DARMV4I -D_ARM_ -DNDEBUG=1  -D_SOC_MODEL=OMAP3530 -D_TRITON_MODEL=TPS659xx -DCEDDK_USEDDKMACRO -D_WINCEOSVER=600 -DBSP_EVM2 -DBSP_OPM_SELECT_37XX=4 -DBSP_OPM_SELECT_35XX=5 -DBSP_RTC_WAKES_CPU -DBSP_SDRAM_BANK1_ENABLE -DCOREDLL -DBUILDING_EBOOT_SD -DINTERNATIONAL -DINTLMSG_CODEPAGE=1252 -FAsc -Faobj\ARMV4I\retail\functionTest.cod -WX -QRimplicit-import- -Zi  -Zc:wchar_t- -Zc:forScope- -wd4867 -wd4430 -MT -U_MT -W4 /analyze   /GR- -QRarch4T -DTHUMBSUPPORT -QRinterwork-return   C:\WINCE600\PLATFORM\Z2170P\SRC\BOOTLOADER\EBOOT\SDMEMORY\..\functionTest.c
BUILD: [01:0000000200:INFO  ] functionTest.c
BUILD: [01:0000000201:PROGC ] Compiling ..\updatingFirmware.c
BUILD: [01:0000000202:INFO  ] cl -nologo   /Gy -Foobj\ARMV4I\retail\updatingFirmware.obj -c -IARM\ -I. -IC:\WINCE600\platform\COMMON\src\inc -IC:\WINCE600\platform\Z2170P\src\inc -IC:\WINCE600\platform\COMMON\src\soc\COMMON_TI_V1\TRITON\inc -IC:\WINCE600\platform\COMMON\src\soc\COMMON_TI_V1\TPS659xx\inc -IC:\WINCE600\platform\COMMON\src\soc\COMMON_TI_V1\COMMON_TI\inc -IC:\WINCE600\platform\COMMON\src\soc\COMMON_TI_V1\OMAP3530\inc -IC:\WINCE600\platform\Z2170P\src\inc\OEMDefs -IC:\WINCE600\public\common\oak\drivers\block\msflashfmd\inc -I.. -IC:\WINCE600\public\common\sdk\inc -IC:\WINCE600\public\common\oak\inc -IC:\WINCE600\public\common\ddk\inc -IC:\WINCE600\sdk\CE\inc -I.\Resource\0409 -Ox -Os -GF -Zi -FdC:\WINCE600\platform\Z2170P\target\ARMV4I\retail\ebootsd.pdb -D_CRT_SECURE_NO_DEPRECATE -D_USE_32BIT_TIME_T -DUNICODE -D_UNICODE -DUNDER_CE=600 -D_WIN32_WCE=0x600 -DWINCEOEM -DWINCEINTERNAL -DWIN32 -DSTRICT -DARM -DARMV4I -D_ARM_ -DNDEBUG=1  -D_SOC_MODEL=OMAP3530 -D_TRITON_MODEL=TPS659xx -DCEDDK_USEDDKMACRO -D_WINCEOSVER=600 -DBSP_EVM2 -DBSP_OPM_SELECT_37XX=4 -DBSP_OPM_SELECT_35XX=5 -DBSP_RTC_WAKES_CPU -DBSP_SDRAM_BANK1_ENABLE -DCOREDLL -DBUILDING_EBOOT_SD -DINTERNATIONAL -DINTLMSG_CODEPAGE=1252 -FAsc -Faobj\ARMV4I\retail\updatingFirmware.cod -WX -QRimplicit-import- -Zi  -Zc:wchar_t- -Zc:forScope- -wd4867 -wd4430 -MT -U_MT -W4 /analyze   /GR- -QRarch4T -DTHUMBSUPPORT -QRinterwork-return   C:\WINCE600\PLATFORM\Z2170P\SRC\BOOTLOADER\EBOOT\SDMEMORY\..\updatingFirmware.c
BUILD: [01:0000000203:INFO  ] updatingFirmware.c
BUILD: [01:0000000204:PROGC ] Compiling .\flash.c
BUILD: [01:0000000205:INFO  ] cl -nologo   /Gy -Foobj\ARMV4I\retail\flash.obj -c -IARM\ -I. -IC:\WINCE600\platform\COMMON\src\inc -IC:\WINCE600\platform\Z2170P\src\inc -IC:\WINCE600\platform\COMMON\src\soc\COMMON_TI_V1\TRITON\inc -IC:\WINCE600\platform\COMMON\src\soc\COMMON_TI_V1\TPS659xx\inc -IC:\WINCE600\platform\COMMON\src\soc\COMMON_TI_V1\COMMON_TI\inc -IC:\WINCE600\platform\COMMON\src\soc\COMMON_TI_V1\OMAP3530\inc -IC:\WINCE600\platform\Z2170P\src\inc\OEMDefs -IC:\WINCE600\public\common\oak\drivers\block\msflashfmd\inc -I.. -IC:\WINCE600\public\common\sdk\inc -IC:\WINCE600\public\common\oak\inc -IC:\WINCE600\public\common\ddk\inc -IC:\WINCE600\sdk\CE\inc -I.\Resource\0409 -Ox -Os -GF -Zi -FdC:\WINCE600\platform\Z2170P\target\ARMV4I\retail\ebootsd.pdb -D_CRT_SECURE_NO_DEPRECATE -D_USE_32BIT_TIME_T -DUNICODE -D_UNICODE -DUNDER_CE=600 -D_WIN32_WCE=0x600 -DWINCEOEM -DWINCEINTERNAL -DWIN32 -DSTRICT -DARM -DARMV4I -D_ARM_ -DNDEBUG=1  -D_SOC_MODEL=OMAP3530 -D_TRITON_MODEL=TPS659xx -DCEDDK_USEDDKMACRO -D_WINCEOSVER=600 -DBSP_EVM2 -DBSP_OPM_SELECT_37XX=4 -DBSP_OPM_SELECT_35XX=5 -DBSP_RTC_WAKES_CPU -DBSP_SDRAM_BANK1_ENABLE -DCOREDLL -DBUILDING_EBOOT_SD -DINTERNATIONAL -DINTLMSG_CODEPAGE=1252 -FAsc -Faobj\ARMV4I\retail\flash.cod -WX -QRimplicit-import- -Zi  -Zc:wchar_t- -Zc:forScope- -wd4867 -wd4430 -MT -U_MT -W4 /analyze   /GR- -QRarch4T -DTHUMBSUPPORT -QRinterwork-return   C:\WINCE600\PLATFORM\Z2170P\SRC\BOOTLOADER\EBOOT\SDMEMORY\.\flash.c
BUILD: [01:0000000206:INFO  ] flash.c
BUILD: [01:0000000207:PROGC ] Compiling .\cfg.c
BUILD: [01:0000000208:INFO  ] cl -nologo   /Gy -Foobj\ARMV4I\retail\cfg.obj -c -IARM\ -I. -IC:\WINCE600\platform\COMMON\src\inc -IC:\WINCE600\platform\Z2170P\src\inc -IC:\WINCE600\platform\COMMON\src\soc\COMMON_TI_V1\TRITON\inc -IC:\WINCE600\platform\COMMON\src\soc\COMMON_TI_V1\TPS659xx\inc -IC:\WINCE600\platform\COMMON\src\soc\COMMON_TI_V1\COMMON_TI\inc -IC:\WINCE600\platform\COMMON\src\soc\COMMON_TI_V1\OMAP3530\inc -IC:\WINCE600\platform\Z2170P\src\inc\OEMDefs -IC:\WINCE600\public\common\oak\drivers\block\msflashfmd\inc -I.. -IC:\WINCE600\public\common\sdk\inc -IC:\WINCE600\public\common\oak\inc -IC:\WINCE600\public\common\ddk\inc -IC:\WINCE600\sdk\CE\inc -I.\Resource\0409 -Ox -Os -GF -Zi -FdC:\WINCE600\platform\Z2170P\target\ARMV4I\retail\ebootsd.pdb -D_CRT_SECURE_NO_DEPRECATE -D_USE_32BIT_TIME_T -DUNICODE -D_UNICODE -DUNDER_CE=600 -D_WIN32_WCE=0x600 -DWINCEOEM -DWINCEINTERNAL -DWIN32 -DSTRICT -DARM -DARMV4I -D_ARM_ -DNDEBUG=1  -D_SOC_MODEL=OMAP3530 -D_TRITON_MODEL=TPS659xx -DCEDDK_USEDDKMACRO -D_WINCEOSVER=600 -DBSP_EVM2 -DBSP_OPM_SELECT_37XX=4 -DBSP_OPM_SELECT_35XX=5 -DBSP_RTC_WAKES_CPU -DBSP_SDRAM_BANK1_ENABLE -DCOREDLL -DBUILDING_EBOOT_SD -DINTERNATIONAL -DINTLMSG_CODEPAGE=1252 -FAsc -Faobj\ARMV4I\retail\cfg.cod -WX -QRimplicit-import- -Zi  -Zc:wchar_t- -Zc:forScope- -wd4867 -wd4430 -MT -U_MT -W4 /analyze   /GR- -QRarch4T -DTHUMBSUPPORT -QRinterwork-return   C:\WINCE600\PLATFORM\Z2170P\SRC\BOOTLOADER\EBOOT\SDMEMORY\.\cfg.c
BUILD: [01:0000000209:INFO  ] cfg.c
BUILD: [00:0000000210:INFO  ] Will Build C:\WINCE600\PLATFORM\Z2170P\SRC\BOOTLOADER\DISPLAY\bsp_logo.c because target: obj\ARMV4I\retail\bsp_logo.obj is out of date.
BUILD: [00:0000000211:PROGC ] Building COMPILE Pass in C:\WINCE600\PLATFORM\Z2170P\SRC\BOOTLOADER\DISPLAY\ directory.
BUILD: [00:0000000212:PROG  ] 'NMAKE.EXE TargetCompilePass  -i -c BUILDMSG=Stop.  BUILDROOT=C:\WINCE600\PLATFORM\Z2170P NOLINK=1 NOPASS0=1'
BUILD: [01:0000000213:INFO  ] makefile.def: Including C:\WINCE600\public\common\oak\misc\Sources.default
BUILD: [01:0000000214:INFO  ] makefile.def: BUILDROOT is C:\WINCE600\PLATFORM\Z2170P
BUILD: [01:0000000215:INFO  ] makefile.def: Including C:\WINCE600\PLATFORM\Z2170P\sources.cmn
BUILD: [01:0000000216:INFO  ] makefile.def: Including C:\WINCE600\PLATFORM\Z2170P\SRC\BOOTLOADER\DISPLAY\sources
BUILD: [01:0000000217:INFO  ] makefile.def: Including C:\WINCE600\public\common\oak\misc\Sources.CE
BUILD: [01:0000000218:INFO  ] Directory: C:\WINCE600\PLATFORM\Z2170P\SRC\BOOTLOADER\DISPLAY
BUILD: [01:0000000219:INFO  ] TARGETNAME: bsp_display
BUILD: [01:0000000220:INFO  ] makefile.def: Including C:\WINCE600\public\common\oak\misc\sources.ReleaseType_PLATFORM
BUILD: [01:0000000221:PROGC ] Compiling .\bsp_logo.c
BUILD: [01:0000000222:INFO  ] cl -nologo   /Gy -Foobj\ARMV4I\retail\bsp_logo.obj -c -IARM\ -I. -IC:\WINCE600\platform\COMMON\src\inc -IC:\WINCE600\platform\Z2170P\src\inc -IC:\WINCE600\platform\COMMON\src\soc\COMMON_TI_V1\TRITON\inc -IC:\WINCE600\platform\COMMON\src\soc\COMMON_TI_V1\TPS659xx\inc -IC:\WINCE600\platform\COMMON\src\soc\COMMON_TI_V1\COMMON_TI\inc -IC:\WINCE600\platform\COMMON\src\soc\COMMON_TI_V1\OMAP3530\inc -IC:\WINCE600\platform\Z2170P\src\inc\OEMDefs -I	..\EBOOT\ -IC:\WINCE600\public\common\sdk\inc -IC:\WINCE600\public\common\oak\inc -IC:\WINCE600\public\common\ddk\inc -IC:\WINCE600\sdk\CE\inc -I.\Resource\0409 -Ox -Os -GF -Zi -FdC:\WINCE600\platform\Z2170P\lib\ARMV4I\retail\bsp_display.pdb -D_CRT_SECURE_NO_DEPRECATE -D_USE_32BIT_TIME_T -DUNICODE -D_UNICODE -DUNDER_CE=600 -D_WIN32_WCE=0x600 -DWINCEOEM -DWINCEINTERNAL -DWIN32 -DSTRICT -DARM -DARMV4I -D_ARM_ -DNDEBUG=1  -D_SOC_MODEL=OMAP3530 -D_TRITON_MODEL=TPS659xx -DCEDDK_USEDDKMACRO -D_WINCEOSVER=600 -DBSP_EVM2 -DBSP_OPM_SELECT_37XX=4 -DBSP_OPM_SELECT_35XX=5 -DBSP_RTC_WAKES_CPU -DBSP_SDRAM_BANK1_ENABLE -DINTERNATIONAL -DINTLMSG_CODEPAGE=1252 -FAsc -Faobj\ARMV4I\retail\bsp_logo.cod -WX -QRimplicit-import- -Zi  -Zc:wchar_t- -Zc:forScope- -wd4867 -wd4430 -MT -U_MT -W4 /analyze   /GR- -QRarch4T -DTHUMBSUPPORT -QRinterwork-return  /GS C:\WINCE600\PLATFORM\Z2170P\SRC\BOOTLOADER\DISPLAY\.\bsp_logo.c
BUILD: [01:0000000223:INFO  ] bsp_logo.c
BUILD: [00:0000000224:INFO  ] Will Build C:\WINCE600\PLATFORM\Z2170P\SRC\BOOTLOADER\XLDR\NAND\ because target: xldr_romimage_raw is missing.
BUILD: [00:0000000225:INFO  ] Will Build C:\WINCE600\PLATFORM\Z2170P\SRC\BOOTLOADER\XLDR\UART\ because target: xldr_romimage_raw is missing.
BUILD: [00:0000000226:INFO  ] Will Build C:\WINCE600\PLATFORM\Z2170P\SRC\BOOTLOADER\XLDR\SDMEMORY\ because target: xldr_sd_mlo is missing.
BUILD: [00:0000000227:INFO  ] Will Build C:\WINCE600\PLATFORM\Z2170P\SRC\DRIVERS\SMSC9118\lan9118.c because target: obj\ARMV4I\retail\lan9118.obj is missing.
BUILD: [00:0000000228:INFO  ] Will Build C:\WINCE600\PLATFORM\Z2170P\SRC\DRIVERS\SMSC9118\os.c because target: obj\ARMV4I\retail\os.obj is missing.
BUILD: [00:0000000229:INFO  ] Will Build C:\WINCE600\PLATFORM\Z2170P\SRC\DRIVERS\SMSC9118\smsc9118.c because target: obj\ARMV4I\retail\smsc9118.obj is missing.
BUILD: [00:0000000230:INFO  ] Will Build C:\WINCE600\PLATFORM\Z2170P\SRC\DRIVERS\SMSC9118\platform.c because target: obj\ARMV4I\retail\platform.obj is missing.
BUILD: [00:0000000231:INFO  ] Will Build C:\WINCE600\PLATFORM\Z2170P\SRC\DRIVERS\SMSC9118\util.S because target: obj\ARMV4I\retail\util.obj is missing.
BUILD: [00:0000000232:PROGC ] Building COMPILE Pass in C:\WINCE600\PLATFORM\Z2170P\SRC\DRIVERS\SMSC9118\ directory.
BUILD: [00:0000000233:PROG  ] 'NMAKE.EXE TargetCompilePass  -i -c BUILDMSG=Stop.  BUILDROOT=C:\WINCE600\PLATFORM\Z2170P NOLINK=1 NOPASS0=1'
BUILD: [01:0000000234:INFO  ] makefile.def: Including C:\WINCE600\public\common\oak\misc\Sources.default
BUILD: [01:0000000235:INFO  ] makefile.def: BUILDROOT is C:\WINCE600\PLATFORM\Z2170P
BUILD: [01:0000000236:INFO  ] makefile.def: Including C:\WINCE600\PLATFORM\Z2170P\sources.cmn
BUILD: [01:0000000237:INFO  ] makefile.def: Including C:\WINCE600\PLATFORM\Z2170P\SRC\DRIVERS\SMSC9118\sources
BUILD: [01:0000000238:INFO  ] makefile.def: Including C:\WINCE600\public\common\oak\misc\Sources.CE
BUILD: [01:0000000239:INFO  ] Directory: C:\WINCE600\PLATFORM\Z2170P\SRC\DRIVERS\SMSC9118
BUILD: [01:0000000240:INFO  ] TARGETNAME: smsc9118
BUILD: [01:0000000241:INFO  ] makefile.def: Including C:\WINCE600\public\common\oak\misc\sources.ReleaseType_PLATFORM
BUILD: [00:0000000242:INFO  ] Will Build C:\WINCE600\PLATFORM\Z2170P\SRC\DRIVERS\SDMEMORY\sdmemmain.cpp because target: obj\ARMV4I\retail\sdmemmain.obj is missing.
BUILD: [00:0000000243:INFO  ] Will Build C:\WINCE600\PLATFORM\Z2170P\SRC\DRIVERS\SDMEMORY\SDMemDiskIO.cpp because target: obj\ARMV4I\retail\SDMemDiskIO.obj is missing.
BUILD: [00:0000000244:INFO  ] Will Build C:\WINCE600\PLATFORM\Z2170P\SRC\DRIVERS\SDMEMORY\SDMemCardIO.cpp because target: obj\ARMV4I\retail\SDMemCardIO.obj is missing.
BUILD: [00:0000000245:PROGC ] Building COMPILE Pass in C:\WINCE600\PLATFORM\Z2170P\SRC\DRIVERS\SDMEMORY\ directory.
BUILD: [00:0000000246:PROG  ] 'NMAKE.EXE TargetCompilePass  -i -c BUILDMSG=Stop.  BUILDROOT=C:\WINCE600\PLATFORM\Z2170P NOLINK=1 NOPASS0=1'
BUILD: [01:0000000247:INFO  ] makefile.def: Including C:\WINCE600\public\common\oak\misc\Sources.default
BUILD: [01:0000000248:INFO  ] makefile.def: BUILDROOT is C:\WINCE600\PLATFORM\Z2170P
BUILD: [01:0000000249:INFO  ] makefile.def: Including C:\WINCE600\PLATFORM\Z2170P\sources.cmn
BUILD: [01:0000000250:INFO  ] makefile.def: Including C:\WINCE600\PLATFORM\Z2170P\SRC\DRIVERS\SDMEMORY\sources
BUILD: [01:0000000251:INFO  ] makefile.def: Including C:\WINCE600\public\common\oak\misc\Sources.CE
BUILD: [01:0000000252:INFO  ] Directory: C:\WINCE600\PLATFORM\Z2170P\SRC\DRIVERS\SDMEMORY
BUILD: [01:0000000253:INFO  ] TARGETNAME: omap_SDMemory
BUILD: [01:0000000254:INFO  ] makefile.def: Including C:\WINCE600\public\common\oak\misc\sources.ReleaseType_PLATFORM
BUILD: [00:0000000255:INFO  ] Will Build C:\WINCE600\PLATFORM\Z2170P\SRC\DRIVERS\CAMERA\MDD\CameraDevice.cpp because target: obj\ARMV4I\retail\CameraDevice.obj is missing.
BUILD: [00:0000000256:INFO  ] Will Build C:\WINCE600\PLATFORM\Z2170P\SRC\DRIVERS\CAMERA\MDD\cameradriver.cpp because target: obj\ARMV4I\retail\cameradriver.obj is missing.
BUILD: [00:0000000257:INFO  ] Will Build C:\WINCE600\PLATFORM\Z2170P\SRC\DRIVERS\CAMERA\MDD\pindevice.cpp because target: obj\ARMV4I\retail\pindevice.obj is missing.
BUILD: [00:0000000258:INFO  ] Will Build C:\WINCE600\PLATFORM\Z2170P\SRC\DRIVERS\CAMERA\MDD\pindriver.cpp because target: obj\ARMV4I\retail\pindriver.obj is missing.
BUILD: [00:0000000259:PROGC ] Building COMPILE Pass in C:\WINCE600\PLATFORM\Z2170P\SRC\DRIVERS\CAMERA\MDD\ directory.
BUILD: [00:0000000260:PROG  ] 'NMAKE.EXE TargetCompilePass  -i -c BUILDMSG=Stop.  BUILDROOT=C:\WINCE600\PLATFORM\Z2170P NOLINK=1 NOPASS0=1'
BUILD: [01:0000000261:INFO  ] makefile.def: Including C:\WINCE600\public\common\oak\misc\Sources.default
BUILD: [01:0000000262:INFO  ] makefile.def: BUILDROOT is C:\WINCE600\PLATFORM\Z2170P
BUILD: [01:0000000263:INFO  ] makefile.def: Including C:\WINCE600\PLATFORM\Z2170P\sources.cmn
BUILD: [01:0000000264:INFO  ] makefile.def: Including C:\WINCE600\PLATFORM\Z2170P\SRC\DRIVERS\CAMERA\MDD\sources
BUILD: [01:0000000265:INFO  ] makefile.def: Including C:\WINCE600\public\common\oak\misc\Sources.CE
BUILD: [01:0000000266:INFO  ] Directory: C:\WINCE600\PLATFORM\Z2170P\SRC\DRIVERS\CAMERA\MDD
BUILD: [01:0000000267:INFO  ] TARGETNAME: CAMMDD
BUILD: [01:0000000268:INFO  ] makefile.def: Including C:\WINCE600\public\common\oak\misc\sources.ReleaseType_PLATFORM
BUILD: [00:0000000269:INFO  ] Will Build C:\WINCE600\PLATFORM\Z2170P\SRC\DRIVERS\CAMERA\PDD\PDD_Intf.cpp because target: obj\ARMV4I\retail\PDD_Intf.obj is missing.
BUILD: [00:0000000270:INFO  ] Will Build C:\WINCE600\PLATFORM\Z2170P\SRC\DRIVERS\CAMERA\PDD\CameraDrvPdd.cpp because target: obj\ARMV4I\retail\CameraDrvPdd.obj is missing.
BUILD: [00:0000000271:INFO  ] Will Build C:\WINCE600\PLATFORM\Z2170P\SRC\DRIVERS\CAMERA\PDD\IspCtrl.cpp because target: obj\ARMV4I\retail\IspCtrl.obj is missing.
BUILD: [00:0000000272:INFO  ] Will Build C:\WINCE600\PLATFORM\Z2170P\SRC\DRIVERS\CAMERA\PDD\TvpCtrl.cpp because target: obj\ARMV4I\retail\TvpCtrl.obj is missing.
BUILD: [00:0000000273:INFO  ] Will Build C:\WINCE600\PLATFORM\Z2170P\SRC\DRIVERS\CAMERA\PDD\util.cpp because target: obj\ARMV4I\retail\util.obj is missing.
BUILD: [00:0000000274:PROGC ] Building COMPILE Pass in C:\WINCE600\PLATFORM\Z2170P\SRC\DRIVERS\CAMERA\PDD\ directory.
BUILD: [00:0000000275:PROG  ] 'NMAKE.EXE TargetCompilePass  -i -c BUILDMSG=Stop.  BUILDROOT=C:\WINCE600\PLATFORM\Z2170P NOLINK=1 NOPASS0=1'
BUILD: [01:0000000276:INFO  ] makefile.def: Including C:\WINCE600\public\common\oak\misc\Sources.default
BUILD: [01:0000000277:INFO  ] makefile.def: BUILDROOT is C:\WINCE600\PLATFORM\Z2170P
BUILD: [01:0000000278:INFO  ] makefile.def: Including C:\WINCE600\PLATFORM\Z2170P\sources.cmn
BUILD: [01:0000000279:INFO  ] makefile.def: Including C:\WINCE600\PLATFORM\Z2170P\SRC\DRIVERS\CAMERA\PDD\sources
BUILD: [01:0000000280:INFO  ] makefile.def: Including C:\WINCE600\public\common\oak\misc\Sources.CE
BUILD: [01:0000000281:INFO  ] Directory: C:\WINCE600\PLATFORM\Z2170P\SRC\DRIVERS\CAMERA\PDD
BUILD: [01:0000000282:INFO  ] TARGETNAME: CAMPDD
BUILD: [01:0000000283:INFO  ] makefile.def: Including C:\WINCE600\public\common\oak\misc\sources.ReleaseType_PLATFORM
BUILD: [00:0000000284:INFO  ] Will Build C:\WINCE600\PLATFORM\Z2170P\SRC\DRIVERS\CAMERA\DLL\main.cpp because target: obj\ARMV4I\retail\main.obj is missing.
BUILD: [00:0000000285:PROGC ] Building COMPILE Pass in C:\WINCE600\PLATFORM\Z2170P\SRC\DRIVERS\CAMERA\DLL\ directory.
BUILD: [00:0000000286:PROG  ] 'NMAKE.EXE TargetCompilePass  -i -c BUILDMSG=Stop.  BUILDROOT=C:\WINCE600\PLATFORM\Z2170P NOLINK=1 NOPASS0=1'
BUILD: [01:0000000287:INFO  ] makefile.def: Including C:\WINCE600\public\common\oak\misc\Sources.default
BUILD: [01:0000000288:INFO  ] makefile.def: BUILDROOT is C:\WINCE600\PLATFORM\Z2170P
BUILD: [01:0000000289:INFO  ] makefile.def: Including C:\WINCE600\PLATFORM\Z2170P\sources.cmn
BUILD: [01:0000000290:INFO  ] makefile.def: Including C:\WINCE600\PLATFORM\Z2170P\SRC\DRIVERS\CAMERA\DLL\sources
BUILD: [01:0000000291:INFO  ] makefile.def: Including C:\WINCE600\public\common\oak\misc\Sources.CE
BUILD: [01:0000000292:INFO  ] Directory: C:\WINCE600\PLATFORM\Z2170P\SRC\DRIVERS\CAMERA\DLL
BUILD: [01:0000000293:INFO  ] TARGETNAME: omap_camera
BUILD: [01:0000000294:INFO  ] makefile.def: Including C:\WINCE600\public\common\oak\misc\sources.ReleaseType_PLATFORM
BUILD: [00:0000000295:INFO  ] Will Build C:\WINCE600\PLATFORM\Z2170P\SRC\DRIVERS\NLED\nled.c because target: obj\ARMV4I\retail\nled.obj is missing.
BUILD: [00:0000000296:PROGC ] Building COMPILE Pass in C:\WINCE600\PLATFORM\Z2170P\SRC\DRIVERS\NLED\ directory.
BUILD: [00:0000000297:PROG  ] 'NMAKE.EXE TargetCompilePass  -i -c BUILDMSG=Stop.  BUILDROOT=C:\WINCE600\PLATFORM\Z2170P NOLINK=1 NOPASS0=1'
BUILD: [01:0000000298:INFO  ] makefile.def: Including C:\WINCE600\public\common\oak\misc\Sources.default
BUILD: [01:0000000299:INFO  ] makefile.def: BUILDROOT is C:\WINCE600\PLATFORM\Z2170P
BUILD: [01:0000000300:INFO  ] makefile.def: Including C:\WINCE600\PLATFORM\Z2170P\sources.cmn
BUILD: [01:0000000301:INFO  ] makefile.def: Including C:\WINCE600\PLATFORM\Z2170P\SRC\DRIVERS\NLED\sources
BUILD: [01:0000000302:INFO  ] makefile.def: Including C:\WINCE600\public\common\oak\misc\Sources.CE
BUILD: [01:0000000303:INFO  ] Directory: C:\WINCE600\PLATFORM\Z2170P\SRC\DRIVERS\NLED
BUILD: [01:0000000304:INFO  ] TARGETNAME: omap_nled
BUILD: [01:0000000305:INFO  ] makefile.def: Including C:\WINCE600\public\common\oak\misc\sources.ReleaseType_PLATFORM
BUILD: [00:0000000306:INFO  ] Will Build C:\WINCE600\PLATFORM\Z2170P\SRC\DRIVERS\BATTERY\BQ27410\batt_pdd.c because target: obj\ARMV4I\retail\batt_pdd.obj is missing.
BUILD: [00:0000000307:PROGC ] Building COMPILE Pass in C:\WINCE600\PLATFORM\Z2170P\SRC\DRIVERS\BATTERY\BQ27410\ directory.
BUILD: [00:0000000308:PROG  ] 'NMAKE.EXE TargetCompilePass  -i -c BUILDMSG=Stop.  BUILDROOT=C:\WINCE600\PLATFORM\Z2170P NOLINK=1 NOPASS0=1'
BUILD: [01:0000000309:INFO  ] makefile.def: Including C:\WINCE600\public\common\oak\misc\Sources.default
BUILD: [01:0000000310:INFO  ] makefile.def: BUILDROOT is C:\WINCE600\PLATFORM\Z2170P
BUILD: [01:0000000311:INFO  ] makefile.def: Including C:\WINCE600\PLATFORM\Z2170P\sources.cmn
BUILD: [01:0000000312:INFO  ] makefile.def: Including C:\WINCE600\PLATFORM\Z2170P\SRC\DRIVERS\BATTERY\BQ27410\sources
BUILD: [01:0000000313:INFO  ] makefile.def: Including C:\WINCE600\public\common\oak\misc\Sources.CE
BUILD: [01:0000000314:INFO  ] Directory: C:\WINCE600\PLATFORM\Z2170P\SRC\DRIVERS\BATTERY\BQ27410
BUILD: [01:0000000315:INFO  ] TARGETNAME: battdrvr_bq27410
BUILD: [01:0000000316:INFO  ] makefile.def: Including C:\WINCE600\public\common\oak\misc\sources.ReleaseType_PLATFORM
BUILD: [01:0000000317:PROGC ] Compiling .\batt_pdd.c
BUILD: [01:0000000318:INFO  ] cl -nologo   /Gy -Foobj\ARMV4I\retail\batt_pdd.obj -c -IARM\ -I. -IC:\WINCE600\platform\COMMON\src\inc -IC:\WINCE600\platform\Z2170P\src\inc -IC:\WINCE600\platform\COMMON\src\soc\COMMON_TI_V1\TRITON\inc -IC:\WINCE600\platform\COMMON\src\soc\COMMON_TI_V1\TPS659xx\inc -IC:\WINCE600\platform\COMMON\src\soc\COMMON_TI_V1\COMMON_TI\inc -IC:\WINCE600\platform\COMMON\src\soc\COMMON_TI_V1\OMAP3530\inc -IC:\WINCE600\platform\Z2170P\src\inc\OEMDefs -IC:\WINCE600\public\common\sdk\inc -IC:\WINCE600\public\common\oak\inc -IC:\WINCE600\public\common\ddk\inc -IC:\WINCE600\sdk\CE\inc -I.\Resource\0409 -Ox -Os -GF -Zi -FdC:\WINCE600\platform\Z2170P\target\ARMV4I\retail\battdrvr_bq27410.pdb -D_CRT_SECURE_NO_DEPRECATE -D_USE_32BIT_TIME_T -DUNICODE -D_UNICODE -DUNDER_CE=600 -D_WIN32_WCE=0x600 -DWINCEOEM -DWINCEINTERNAL -DWIN32 -DSTRICT -DARM -DARMV4I -D_ARM_ -DNDEBUG=1  -D_SOC_MODEL=OMAP3530 -D_TRITON_MODEL=TPS659xx -DCEDDK_USEDDKMACRO -D_WINCEOSVER=600 -DBSP_EVM2 -DBSP_OPM_SELECT_37XX=4 -DBSP_OPM_SELECT_35XX=5 -DBSP_RTC_WAKES_CPU -DBSP_SDRAM_BANK1_ENABLE -DCEDDK_USEDDKMACRO -DINTERNATIONAL -DINTLMSG_CODEPAGE=1252 -FAsc -Faobj\ARMV4I\retail\batt_pdd.cod -WX -QRimplicit-import- -Zi  -Zc:wchar_t- -Zc:forScope- -wd4867 -wd4430 -MT -U_MT -W4 /analyze   /GR- -QRarch4T -DTHUMBSUPPORT -QRinterwork-return  /GS C:\WINCE600\PLATFORM\Z2170P\SRC\DRIVERS\BATTERY\BQ27410\.\batt_pdd.c
BUILD: [01:0000000319:INFO  ] batt_pdd.c
BUILD: [01:0000000320:ERRORE] C:\WINCE600\PLATFORM\Z2170P\SRC\DRIVERS\BATTERY\BQ27410\.\batt_pdd.c(27) : fatal error C1083: Cannot open include file: 'bq27410.h': No such file or directory
BUILD: [00:0000000321:PROGC ]                        Files  Warnings  Errors
BUILD: [00:0000000322:PROGC ] Midl                       0         0       0
BUILD: [00:0000000323:PROGC ] Message                    0         0       0
BUILD: [00:0000000324:PROGC ] Precomp Header             0         0       0
BUILD: [00:0000000325:PROGC ] Resource                   0         0       0
BUILD: [00:0000000326:PROGC ] MASM                       0         0       0
BUILD: [00:0000000327:PROGC ] SHASM                      0         0       0
BUILD: [00:0000000328:PROGC ] ARMASM                     0         0       0
BUILD: [00:0000000329:PROGC ] MIPSASM                    0         0       0
BUILD: [00:0000000330:PROGC ] C++                        0         0       0
BUILD: [00:0000000331:PROGC ] C                         19         0       1
BUILD: [00:0000000332:PROGC ] Static Libraries           0         0       0
BUILD: [00:0000000333:PROGC ] Exe's                      0         0       0
BUILD: [00:0000000334:PROGC ] Dll's                      0         0       0
BUILD: [00:0000000335:PROGC ] Preprocess deffile         0         0       0
BUILD: [00:0000000336:PROGC ] Resx                       0         0       0
BUILD: [00:0000000337:PROGC ] CSharp Compile             0         0       0
BUILD: [00:0000000338:PROGC ] Other                      0         7       1
BUILD: [00:0000000339:PROGC ] 
BUILD: [00:0000000340:PROGC ] Total                     19         7       2
BUILD: [00:0000000341:PROGC ] 
BUILD: [00:0000000342:PROGC ] 7 Warnings,  2 Errors
BUILD: [00:0000000343:PROGC ] GetSystemTimes (seconds): Idle: 41    Kernel: 52    User: 10   
BUILD: [00:0000000344:PROGC ] Elapsed  time  (seconds): 31   
