BUILD: [Thrd:Sequence:Type  ] Message
BUILD: [00:0000000000:PROGC ] Build started with parameters: -c
BUILD: [00:0000000001:PROGC ] Build started in directory: C:\WINCE600\PLATFORM\COMMON\SRC\SOC\COMMON_TI_V1\COMMON_TI\OAL\OMAP_IOCTL
BUILD: [00:0000000002:PROGC ] Checking for C:\WINCE600\sdk\bin\i386\srccheck.exe.
BUILD: [00:0000000003:PROGC ] Running passes WCEFILES0, MIDL, MC, ASN, THUNK, PRECOMPHEADER, COMPILE, LIB, LINK, MANAGEDRESX, MANAGEDMOD, MANAGEDDLL, MANAGEDEXE, MANAGEDWIN for ARM.
BUILD: [00:0000000004:PROGC ] Ignoring build database (-c specified).
BUILD: [00:0000000005:PROGC ] Computing include file dependencies:
BUILD: [00:0000000006:PROGC ] Checking for SDK include directory: C:\WINCE600\sdk\CE\inc.
BUILD: [00:0000000007:PROGC ] Scan C:\WINCE600\PLATFORM\COMMON\SRC\SOC\COMMON_TI_V1\COMMON_TI\OAL\OMAP_IOCTL\
BUILD: [00:0000000008:PROGC ] Saving C:\WINCE600\PLATFORM\COMMON\Build.dat.
BUILD: [00:0000000009:INFO  ] Done.
BUILD: [00:0000000010:INFO  ] Will Build C:\WINCE600\PLATFORM\COMMON\SRC\SOC\COMMON_TI_V1\COMMON_TI\OAL\OMAP_IOCTL\hwentropy.c because target: obj\ARMV4I\retail\hwentropy.obj is missing.
BUILD: [00:0000000011:INFO  ] Will Build C:\WINCE600\PLATFORM\COMMON\SRC\SOC\COMMON_TI_V1\COMMON_TI\OAL\OMAP_IOCTL\reboot.c because target: obj\ARMV4I\retail\reboot.obj is missing.
BUILD: [00:0000000012:INFO  ] Will Build C:\WINCE600\PLATFORM\COMMON\SRC\SOC\COMMON_TI_V1\COMMON_TI\OAL\OMAP_IOCTL\rndismac.c because target: obj\ARMV4I\retail\rndismac.obj is missing.
BUILD: [00:0000000013:INFO  ] Will Build C:\WINCE600\PLATFORM\COMMON\SRC\SOC\COMMON_TI_V1\COMMON_TI\OAL\OMAP_IOCTL\format.c because target: obj\ARMV4I\retail\format.obj is missing.
BUILD: [00:0000000014:INFO  ] Will Build C:\WINCE600\PLATFORM\COMMON\SRC\SOC\COMMON_TI_V1\COMMON_TI\OAL\OMAP_IOCTL\ioctlex.c because target: obj\ARMV4I\retail\ioctlex.obj is missing.
BUILD: [00:0000000015:PROGC ] Building COMPILE Pass in C:\WINCE600\PLATFORM\COMMON\SRC\SOC\COMMON_TI_V1\COMMON_TI\OAL\OMAP_IOCTL\ directory.
BUILD: [00:0000000016:PROG  ] 'NMAKE.EXE TargetCompilePass  -i -c BUILDMSG=Stop.  BUILDROOT=C:\WINCE600\PLATFORM\COMMON CLEANBUILD=1 NOLINK=1 NOPASS0=1'
BUILD: [01:0000000017:INFO  ] makefile.def: Including C:\WINCE600\public\common\oak\misc\Sources.default
BUILD: [01:0000000018:INFO  ] makefile.def: BUILDROOT is C:\WINCE600\PLATFORM\COMMON
BUILD: [01:0000000019:INFO  ] makefile.def: Including C:\WINCE600\PLATFORM\COMMON\sources.cmn
BUILD: [01:0000000020:INFO  ] makefile.def: Including C:\WINCE600\PLATFORM\COMMON\SRC\SOC\COMMON_TI_V1\COMMON_TI\OAL\OMAP_IOCTL\sources
BUILD: [01:0000000021:INFO  ] makefile.def: Including C:\WINCE600\public\common\oak\misc\Sources.CE
BUILD: [01:0000000022:INFO  ] Directory: C:\WINCE600\PLATFORM\COMMON\SRC\SOC\COMMON_TI_V1\COMMON_TI\OAL\OMAP_IOCTL
BUILD: [01:0000000023:INFO  ] TARGETNAME: common_ti_ioctl
BUILD: [01:0000000024:INFO  ] makefile.def: Including C:\WINCE600\public\common\oak\misc\sources.ReleaseType_PLATFORMCOMMON
BUILD: [01:0000000025:PROGC ] Compiling .\hwentropy.c
BUILD: [01:0000000026:INFO  ] cl -nologo   /Gy -Foobj\ARMV4I\retail\hwentropy.obj -c -IARM\ -I. -IC:\WINCE600\platform\common\src\inc -IC:\WINCE600\platform\COMMON\src\soc\COMMON_TI_V1\COMMON_TI\inc -IC:\WINCE600\public\common\oak\inc -IC:\WINCE600\public\common\sdk\inc -IC:\WINCE600\public\common\ddk\inc -IC:\WINCE600\sdk\CE\inc -I.\Resource\0409 -Ox -Os -GF -Zi -FdC:\WINCE600\platform\common\lib\ARMV4I\retail\common_ti_ioctl.pdb -D_CRT_SECURE_NO_DEPRECATE -D_USE_32BIT_TIME_T -DUNICODE -D_UNICODE -DUNDER_CE=600 -D_WIN32_WCE=0x600 -DWINCEOEM -DWINCEINTERNAL -DWIN32 -DSTRICT -DARM -DARMV4I -D_ARM_ -DNDEBUG=1  -Dproject_cebase -DCEDDK_USEDDKMACRO -D_WINCEOSVER=600 -DOAL_BSP_CALLBACKS -DOAL_ILTIMING -DINTERNATIONAL -DINTLMSG_CODEPAGE=1252 -FAsc -Faobj\ARMV4I\retail\hwentropy.cod -WX -QRimplicit-import- -Zi  -Zc:wchar_t- -Zc:forScope- -wd4867 -wd4430 -MT -U_MT -W4    /GR- -QRarch4T -DTHUMBSUPPORT -QRinterwork-return  /GS C:\WINCE600\PLATFORM\COMMON\SRC\SOC\COMMON_TI_V1\COMMON_TI\OAL\OMAP_IOCTL\.\hwentropy.c
BUILD: [01:0000000027:INFO  ] hwentropy.c
BUILD: [01:0000000028:PROGC ] Compiling .\reboot.c
BUILD: [01:0000000029:INFO  ] cl -nologo   /Gy -Foobj\ARMV4I\retail\reboot.obj -c -IARM\ -I. -IC:\WINCE600\platform\common\src\inc -IC:\WINCE600\platform\COMMON\src\soc\COMMON_TI_V1\COMMON_TI\inc -IC:\WINCE600\public\common\oak\inc -IC:\WINCE600\public\common\sdk\inc -IC:\WINCE600\public\common\ddk\inc -IC:\WINCE600\sdk\CE\inc -I.\Resource\0409 -Ox -Os -GF -Zi -FdC:\WINCE600\platform\common\lib\ARMV4I\retail\common_ti_ioctl.pdb -D_CRT_SECURE_NO_DEPRECATE -D_USE_32BIT_TIME_T -DUNICODE -D_UNICODE -DUNDER_CE=600 -D_WIN32_WCE=0x600 -DWINCEOEM -DWINCEINTERNAL -DWIN32 -DSTRICT -DARM -DARMV4I -D_ARM_ -DNDEBUG=1  -Dproject_cebase -DCEDDK_USEDDKMACRO -D_WINCEOSVER=600 -DOAL_BSP_CALLBACKS -DOAL_ILTIMING -DINTERNATIONAL -DINTLMSG_CODEPAGE=1252 -FAsc -Faobj\ARMV4I\retail\reboot.cod -WX -QRimplicit-import- -Zi  -Zc:wchar_t- -Zc:forScope- -wd4867 -wd4430 -MT -U_MT -W4    /GR- -QRarch4T -DTHUMBSUPPORT -QRinterwork-return  /GS C:\WINCE600\PLATFORM\COMMON\SRC\SOC\COMMON_TI_V1\COMMON_TI\OAL\OMAP_IOCTL\.\reboot.c
BUILD: [01:0000000030:INFO  ] reboot.c
BUILD: [01:0000000031:PROGC ] Compiling .\rndismac.c
BUILD: [01:0000000032:INFO  ] cl -nologo   /Gy -Foobj\ARMV4I\retail\rndismac.obj -c -IARM\ -I. -IC:\WINCE600\platform\common\src\inc -IC:\WINCE600\platform\COMMON\src\soc\COMMON_TI_V1\COMMON_TI\inc -IC:\WINCE600\public\common\oak\inc -IC:\WINCE600\public\common\sdk\inc -IC:\WINCE600\public\common\ddk\inc -IC:\WINCE600\sdk\CE\inc -I.\Resource\0409 -Ox -Os -GF -Zi -FdC:\WINCE600\platform\common\lib\ARMV4I\retail\common_ti_ioctl.pdb -D_CRT_SECURE_NO_DEPRECATE -D_USE_32BIT_TIME_T -DUNICODE -D_UNICODE -DUNDER_CE=600 -D_WIN32_WCE=0x600 -DWINCEOEM -DWINCEINTERNAL -DWIN32 -DSTRICT -DARM -DARMV4I -D_ARM_ -DNDEBUG=1  -Dproject_cebase -DCEDDK_USEDDKMACRO -D_WINCEOSVER=600 -DOAL_BSP_CALLBACKS -DOAL_ILTIMING -DINTERNATIONAL -DINTLMSG_CODEPAGE=1252 -FAsc -Faobj\ARMV4I\retail\rndismac.cod -WX -QRimplicit-import- -Zi  -Zc:wchar_t- -Zc:forScope- -wd4867 -wd4430 -MT -U_MT -W4    /GR- -QRarch4T -DTHUMBSUPPORT -QRinterwork-return  /GS C:\WINCE600\PLATFORM\COMMON\SRC\SOC\COMMON_TI_V1\COMMON_TI\OAL\OMAP_IOCTL\.\rndismac.c
BUILD: [01:0000000033:INFO  ] rndismac.c
BUILD: [01:0000000034:PROGC ] Compiling .\format.c
BUILD: [01:0000000035:INFO  ] cl -nologo   /Gy -Foobj\ARMV4I\retail\format.obj -c -IARM\ -I. -IC:\WINCE600\platform\common\src\inc -IC:\WINCE600\platform\COMMON\src\soc\COMMON_TI_V1\COMMON_TI\inc -IC:\WINCE600\public\common\oak\inc -IC:\WINCE600\public\common\sdk\inc -IC:\WINCE600\public\common\ddk\inc -IC:\WINCE600\sdk\CE\inc -I.\Resource\0409 -Ox -Os -GF -Zi -FdC:\WINCE600\platform\common\lib\ARMV4I\retail\common_ti_ioctl.pdb -D_CRT_SECURE_NO_DEPRECATE -D_USE_32BIT_TIME_T -DUNICODE -D_UNICODE -DUNDER_CE=600 -D_WIN32_WCE=0x600 -DWINCEOEM -DWINCEINTERNAL -DWIN32 -DSTRICT -DARM -DARMV4I -D_ARM_ -DNDEBUG=1  -Dproject_cebase -DCEDDK_USEDDKMACRO -D_WINCEOSVER=600 -DOAL_BSP_CALLBACKS -DOAL_ILTIMING -DINTERNATIONAL -DINTLMSG_CODEPAGE=1252 -FAsc -Faobj\ARMV4I\retail\format.cod -WX -QRimplicit-import- -Zi  -Zc:wchar_t- -Zc:forScope- -wd4867 -wd4430 -MT -U_MT -W4    /GR- -QRarch4T -DTHUMBSUPPORT -QRinterwork-return  /GS C:\WINCE600\PLATFORM\COMMON\SRC\SOC\COMMON_TI_V1\COMMON_TI\OAL\OMAP_IOCTL\.\format.c
BUILD: [01:0000000036:INFO  ] format.c
BUILD: [01:0000000037:PROGC ] Compiling .\ioctlex.c
BUILD: [01:0000000038:INFO  ] cl -nologo   /Gy -Foobj\ARMV4I\retail\ioctlex.obj -c -IARM\ -I. -IC:\WINCE600\platform\common\src\inc -IC:\WINCE600\platform\COMMON\src\soc\COMMON_TI_V1\COMMON_TI\inc -IC:\WINCE600\public\common\oak\inc -IC:\WINCE600\public\common\sdk\inc -IC:\WINCE600\public\common\ddk\inc -IC:\WINCE600\sdk\CE\inc -I.\Resource\0409 -Ox -Os -GF -Zi -FdC:\WINCE600\platform\common\lib\ARMV4I\retail\common_ti_ioctl.pdb -D_CRT_SECURE_NO_DEPRECATE -D_USE_32BIT_TIME_T -DUNICODE -D_UNICODE -DUNDER_CE=600 -D_WIN32_WCE=0x600 -DWINCEOEM -DWINCEINTERNAL -DWIN32 -DSTRICT -DARM -DARMV4I -D_ARM_ -DNDEBUG=1  -Dproject_cebase -DCEDDK_USEDDKMACRO -D_WINCEOSVER=600 -DOAL_BSP_CALLBACKS -DOAL_ILTIMING -DINTERNATIONAL -DINTLMSG_CODEPAGE=1252 -FAsc -Faobj\ARMV4I\retail\ioctlex.cod -WX -QRimplicit-import- -Zi  -Zc:wchar_t- -Zc:forScope- -wd4867 -wd4430 -MT -U_MT -W4    /GR- -QRarch4T -DTHUMBSUPPORT -QRinterwork-return  /GS C:\WINCE600\PLATFORM\COMMON\SRC\SOC\COMMON_TI_V1\COMMON_TI\OAL\OMAP_IOCTL\.\ioctlex.c
BUILD: [01:0000000039:INFO  ] ioctlex.c
BUILD: [00:0000000040:INFO  ] Will Build C:\WINCE600\platform\common\lib\ARMV4I\retail\oal_ioctl.lib because target: C:\WINCE600\platform\common\lib\ARMV4I\retail\common_ti_ioctl.lib is missing.
BUILD: [00:0000000041:INFO  ] Will Build C:\WINCE600\PLATFORM\COMMON\SRC\SOC\COMMON_TI_V1\COMMON_TI\OAL\OMAP_IOCTL\obj\ARMV4I\retail\hwentropy.obj because target: C:\WINCE600\platform\common\lib\ARMV4I\retail\common_ti_ioctl.lib is missing.
BUILD: [00:0000000042:INFO  ] Will Build C:\WINCE600\PLATFORM\COMMON\SRC\SOC\COMMON_TI_V1\COMMON_TI\OAL\OMAP_IOCTL\obj\ARMV4I\retail\reboot.obj because target: C:\WINCE600\platform\common\lib\ARMV4I\retail\common_ti_ioctl.lib is missing.
BUILD: [00:0000000043:INFO  ] Will Build C:\WINCE600\PLATFORM\COMMON\SRC\SOC\COMMON_TI_V1\COMMON_TI\OAL\OMAP_IOCTL\obj\ARMV4I\retail\rndismac.obj because target: C:\WINCE600\platform\common\lib\ARMV4I\retail\common_ti_ioctl.lib is missing.
BUILD: [00:0000000044:INFO  ] Will Build C:\WINCE600\PLATFORM\COMMON\SRC\SOC\COMMON_TI_V1\COMMON_TI\OAL\OMAP_IOCTL\obj\ARMV4I\retail\format.obj because target: C:\WINCE600\platform\common\lib\ARMV4I\retail\common_ti_ioctl.lib is missing.
BUILD: [00:0000000045:INFO  ] Will Build C:\WINCE600\PLATFORM\COMMON\SRC\SOC\COMMON_TI_V1\COMMON_TI\OAL\OMAP_IOCTL\obj\ARMV4I\retail\ioctlex.obj because target: C:\WINCE600\platform\common\lib\ARMV4I\retail\common_ti_ioctl.lib is missing.
BUILD: [00:0000000046:INFO  ] Will Build C:\WINCE600\PLATFORM\COMMON\SRC\SOC\COMMON_TI_V1\COMMON_TI\OAL\OMAP_IOCTL\ because target: C:\WINCE600\platform\common\lib\ARMV4I\retail\common_ti_ioctl.lib is missing.
BUILD: [00:0000000047:PROGC ] Building LIB Pass in C:\WINCE600\PLATFORM\COMMON\SRC\SOC\COMMON_TI_V1\COMMON_TI\OAL\OMAP_IOCTL\ directory.
BUILD: [00:0000000048:PROG  ] 'NMAKE.EXE TargetLibFiles  -i -c BUILDMSG=Stop.  BUILDROOT=C:\WINCE600\PLATFORM\COMMON CLEANBUILD=1 LINKONLY=1 NOPASS0=1'
BUILD: [01:0000000049:INFO  ] makefile.def: Including C:\WINCE600\public\common\oak\misc\Sources.default
BUILD: [01:0000000050:INFO  ] makefile.def: BUILDROOT is C:\WINCE600\PLATFORM\COMMON
BUILD: [01:0000000051:INFO  ] makefile.def: Including C:\WINCE600\PLATFORM\COMMON\sources.cmn
BUILD: [01:0000000052:INFO  ] makefile.def: Including C:\WINCE600\PLATFORM\COMMON\SRC\SOC\COMMON_TI_V1\COMMON_TI\OAL\OMAP_IOCTL\sources
BUILD: [01:0000000053:INFO  ] makefile.def: Including C:\WINCE600\public\common\oak\misc\Sources.CE
BUILD: [01:0000000054:INFO  ] Directory: C:\WINCE600\PLATFORM\COMMON\SRC\SOC\COMMON_TI_V1\COMMON_TI\OAL\OMAP_IOCTL
BUILD: [01:0000000055:INFO  ] TARGETNAME: common_ti_ioctl
BUILD: [01:0000000056:INFO  ] makefile.def: Including C:\WINCE600\public\common\oak\misc\sources.ReleaseType_PLATFORMCOMMON
BUILD: [01:0000000057:PROGC ] Linking C:\WINCE600\platform\common\lib\ARMV4I\retail\common_ti_ioctl.lib
BUILD: [01:0000000058:INFO  ] 	link -lib -out:C:\WINCE600\platform\common\lib\ARMV4I\retail\common_ti_ioctl.lib -machine:thumb @C:\DOCUME~1\brian.hsu\LOCALS~1\Temp\nm3E2.tmp
BUILD: [01:0000000059:INFO  ] 檔案不可以複製到檔案本身。
BUILD: [01:0000000060:INFO  ] 複製了         0 個檔案。
BUILD: [00:0000000061:PROGC ] Saving C:\WINCE600\PLATFORM\COMMON\Build.dat.
BUILD: [00:0000000062:INFO  ] Done.
BUILD: [00:0000000063:PROGC ] Done.
BUILD: [00:0000000064:PROGC ]                        Files  Warnings  Errors
BUILD: [00:0000000065:PROGC ] Midl                       0         0       0
BUILD: [00:0000000066:PROGC ] Message                    0         0       0
BUILD: [00:0000000067:PROGC ] Precomp Header             0         0       0
BUILD: [00:0000000068:PROGC ] Resource                   0         0       0
BUILD: [00:0000000069:PROGC ] MASM                       0         0       0
BUILD: [00:0000000070:PROGC ] SHASM                      0         0       0
BUILD: [00:0000000071:PROGC ] ARMASM                     0         0       0
BUILD: [00:0000000072:PROGC ] MIPSASM                    0         0       0
BUILD: [00:0000000073:PROGC ] C++                        0         0       0
BUILD: [00:0000000074:PROGC ] C                          5         0       0
BUILD: [00:0000000075:PROGC ] Static Libraries           1         0       0
BUILD: [00:0000000076:PROGC ] Exe's                      0         0       0
BUILD: [00:0000000077:PROGC ] Dll's                      0         0       0
BUILD: [00:0000000078:PROGC ] Preprocess deffile         0         0       0
BUILD: [00:0000000079:PROGC ] Resx                       0         0       0
BUILD: [00:0000000080:PROGC ] CSharp Compile             0         0       0
BUILD: [00:0000000081:PROGC ] Other                      0         0       0
BUILD: [00:0000000082:PROGC ] 
BUILD: [00:0000000083:PROGC ] Total                      6         0       0
BUILD: [00:0000000084:PROGC ] 
BUILD: [00:0000000085:PROGC ] 0 Warnings,  0 Errors
BUILD: [00:0000000086:PROGC ] GetSystemTimes (seconds): Idle: 10    Kernel: 11    User: 2    
BUILD: [00:0000000087:PROGC ] Elapsed  time  (seconds): 3    
