BUILD: [Thrd:Sequence:Type  ] Message
BUILD: [00:0000000000:PROGC ] Build started with parameters:
BUILD: [00:0000000001:PROGC ] Build started in directory: C:\WINCE600\PLATFORM\COMMON\SRC\SOC\COMMON_TI_V1\COMMON_TI
BUILD: [00:0000000002:PROGC ] Checking for C:\WINCE600\sdk\bin\i386\srccheck.exe.
BUILD: [00:0000000003:PROGC ] Running passes WCEFILES0, MIDL, MC, ASN, THUNK, PRECOMPHEADER, COMPILE, LIB, LINK, MANAGEDRESX, MANAGEDMOD, MANAGEDDLL, MANAGEDEXE, MANAGEDWIN for ARM.
BUILD: [00:0000000004:PROGC ] Loading database "C:\WINCE600\PLATFORM\COMMON\Build.dat".
BUILD: [00:0000000005:PROGC ] Done.
BUILD: [00:0000000006:PROGC ] Computing include file dependencies:
BUILD: [00:0000000007:PROGC ] Checking for SDK include directory: C:\WINCE600\sdk\CE\inc.
BUILD: [00:0000000008:PROGC ] Scan C:\WINCE600\PLATFORM\COMMON\SRC\SOC\COMMON_TI_V1\COMMON_TI\BLOCK\NAND\BOOT\
BUILD: [00:0000000009:PROGC ] Scan C:\WINCE600\PLATFORM\COMMON\SRC\SOC\COMMON_TI_V1\COMMON_TI\BLOCK\NAND\DEVICE\
BUILD: [00:0000000010:PROGC ] Scan C:\WINCE600\PLATFORM\COMMON\SRC\SOC\COMMON_TI_V1\COMMON_TI\DEVICESMAP\
BUILD: [00:0000000011:PROGC ] Scan C:\WINCE600\PLATFORM\COMMON\SRC\SOC\COMMON_TI_V1\COMMON_TI\GPIO\DISPATCH\OAL\
BUILD: [00:0000000012:PROGC ] Scan C:\WINCE600\PLATFORM\COMMON\SRC\SOC\COMMON_TI_V1\COMMON_TI\GPIO\DISPATCH\DEVICE\
BUILD: [00:0000000013:PROGC ] Scan C:\WINCE600\PLATFORM\COMMON\SRC\SOC\COMMON_TI_V1\COMMON_TI\GPIO\OMAP_GPIO\DEVICE\
BUILD: [00:0000000014:PROGC ] Scan C:\WINCE600\PLATFORM\COMMON\SRC\SOC\COMMON_TI_V1\COMMON_TI\GPIO\OMAP_GPIO\OAL\
BUILD: [00:0000000015:PROGC ] Scan C:\WINCE600\PLATFORM\COMMON\SRC\SOC\COMMON_TI_V1\COMMON_TI\GPIO\TCA6416_GPIO\
BUILD: [00:0000000016:PROGC ] Scan C:\WINCE600\PLATFORM\COMMON\SRC\SOC\COMMON_TI_V1\COMMON_TI\OAL\OMAP_DEBUGSERIAL\
BUILD: [00:0000000017:PROGC ] Scan C:\WINCE600\PLATFORM\COMMON\SRC\SOC\COMMON_TI_V1\COMMON_TI\OAL\OMAP_OALI2C\
BUILD: [00:0000000018:PROGC ] Scan C:\WINCE600\PLATFORM\COMMON\SRC\SOC\COMMON_TI_V1\COMMON_TI\OAL\OMAP_NEON\
BUILD: [00:0000000019:PROGC ] Scan C:\WINCE600\PLATFORM\COMMON\SRC\SOC\COMMON_TI_V1\COMMON_TI\OAL\OMAP_INTR\
BUILD: [00:0000000020:PROGC ] Scan C:\WINCE600\PLATFORM\COMMON\SRC\SOC\COMMON_TI_V1\COMMON_TI\OAL\CORTEXA8_CACHE\
BUILD: [00:0000000021:PROGC ] Scan C:\WINCE600\PLATFORM\COMMON\SRC\SOC\COMMON_TI_V1\COMMON_TI\OAL\OMAP_IOCTL\
BUILD: [00:0000000022:PROGC ] Scan C:\WINCE600\PLATFORM\COMMON\SRC\SOC\COMMON_TI_V1\COMMON_TI\OAL\OMAP_GTP_TIMER\PROFILER\
BUILD: [00:0000000023:PROGC ] Scan C:\WINCE600\PLATFORM\COMMON\SRC\SOC\COMMON_TI_V1\COMMON_TI\OAL\OMAP_GTP_TIMER\TIMER\
BUILD: [00:0000000024:PROGC ] Scan C:\WINCE600\PLATFORM\COMMON\SRC\SOC\COMMON_TI_V1\COMMON_TI\OAL\OMAP_ALLOC\
BUILD: [00:0000000025:PROGC ] Scan C:\WINCE600\PLATFORM\COMMON\SRC\SOC\COMMON_TI_V1\COMMON_TI\OAL\S35390_OALRTC\
BUILD: [00:0000000026:PROGC ] Scan C:\WINCE600\PLATFORM\COMMON\SRC\SOC\COMMON_TI_V1\COMMON_TI\OAL\OMAP_POWER\
BUILD: [00:0000000027:PROGC ] Scan C:\WINCE600\PLATFORM\COMMON\SRC\SOC\COMMON_TI_V1\COMMON_TI\OAL\OMAP_OALPADCFG\
BUILD: [00:0000000028:PROGC ] Scan C:\WINCE600\PLATFORM\COMMON\SRC\SOC\COMMON_TI_V1\COMMON_TI\OAL\OMAP_WATCHDOG\
BUILD: [00:0000000029:PROGC ] Scan C:\WINCE600\PLATFORM\COMMON\SRC\SOC\COMMON_TI_V1\COMMON_TI\BOOT\FLASHSTORE\
BUILD: [00:0000000030:PROGC ] Scan C:\WINCE600\PLATFORM\COMMON\SRC\SOC\COMMON_TI_V1\COMMON_TI\BOOT\FATFS\
BUILD: [00:0000000031:WARNS ] Directory: C:\WINCE600\PLATFORM\COMMON\SRC\SOC\COMMON_TI_V1\COMMON_TI\BOOT\eboot\ does not exist.
BUILD: [00:0000000032:PROGC ] Scan C:\WINCE600\PLATFORM\COMMON\SRC\SOC\COMMON_TI_V1\COMMON_TI\BOOT\SDHC\
BUILD: [00:0000000033:PROGC ] Scan C:\WINCE600\PLATFORM\COMMON\SRC\SOC\COMMON_TI_V1\COMMON_TI\BOOT\SDMEMORY\
BUILD: [00:0000000034:WARNS ] Directory: C:\WINCE600\PLATFORM\COMMON\SRC\SOC\COMMON_TI_V1\COMMON_TI\BOOT\eboot\ does not exist.
BUILD: [00:0000000035:PROGC ] Scan C:\WINCE600\PLATFORM\COMMON\SRC\SOC\COMMON_TI_V1\COMMON_TI\BOOT\LAN911X\
BUILD: [00:0000000036:PROGC ] Scan C:\WINCE600\PLATFORM\COMMON\SRC\SOC\COMMON_TI_V1\COMMON_TI\BOOT\CPGMAC\
BUILD: [00:0000000037:PROGC ] Scan C:\WINCE600\PLATFORM\COMMON\SRC\SOC\COMMON_TI_V1\COMMON_TI\BOOT\RNDIS\
BUILD: [00:0000000038:PROGC ] Scan C:\WINCE600\PLATFORM\COMMON\SRC\SOC\COMMON_TI_V1\COMMON_TI\BOOT\USBFN\
BUILD: [00:0000000039:PROGC ] Scan C:\WINCE600\PLATFORM\COMMON\SRC\SOC\COMMON_TI_V1\COMMON_TI\DSS\DSSAI\
BUILD: [00:0000000040:PROGC ] Scan C:\WINCE600\PLATFORM\COMMON\SRC\SOC\COMMON_TI_V1\COMMON_TI\DSS\DDGPE\
BUILD: [00:0000000041:PROGC ] Scan C:\WINCE600\PLATFORM\COMMON\SRC\SOC\COMMON_TI_V1\COMMON_TI\DSS\ENTRY\
BUILD: [00:0000000042:PROGC ] Scan C:\WINCE600\PLATFORM\COMMON\SRC\SOC\COMMON_TI_V1\COMMON_TI\SDMA\
BUILD: [00:0000000043:PROGC ] Scan C:\WINCE600\PLATFORM\COMMON\SRC\SOC\COMMON_TI_V1\COMMON_TI\SPI\
BUILD: [00:0000000044:PROGC ] Scan C:\WINCE600\PLATFORM\COMMON\SRC\SOC\COMMON_TI_V1\COMMON_TI\CEDDK\I2C\
BUILD: [00:0000000045:PROGC ] Scan C:\WINCE600\PLATFORM\COMMON\SRC\SOC\COMMON_TI_V1\COMMON_TI\CEDDK\DMA\
BUILD: [00:0000000046:PROGC ] Scan C:\WINCE600\PLATFORM\COMMON\SRC\SOC\COMMON_TI_V1\COMMON_TI\CEDDK\REG\
BUILD: [00:0000000047:PROGC ] Scan C:\WINCE600\PLATFORM\COMMON\SRC\SOC\COMMON_TI_V1\COMMON_TI\CEDDK\PMEXT\
BUILD: [00:0000000048:PROGC ] Scan C:\WINCE600\PLATFORM\COMMON\SRC\SOC\COMMON_TI_V1\COMMON_TI\CEDDK\SPI\
BUILD: [00:0000000049:PROGC ] Scan C:\WINCE600\PLATFORM\COMMON\SRC\SOC\COMMON_TI_V1\COMMON_TI\CEDDK\PADCFG\
BUILD: [00:0000000050:PROGC ] Scan C:\WINCE600\PLATFORM\COMMON\SRC\SOC\COMMON_TI_V1\COMMON_TI\CEDDK\CLOCK\
BUILD: [00:0000000051:PROGC ] Scan C:\WINCE600\PLATFORM\COMMON\SRC\SOC\COMMON_TI_V1\COMMON_TI\CEDDK\BUS\
BUILD: [00:0000000052:PROGC ] Scan C:\WINCE600\PLATFORM\COMMON\SRC\SOC\COMMON_TI_V1\COMMON_TI\SERIAL\COM_MDD2\
BUILD: [00:0000000053:PROGC ] Scan C:\WINCE600\PLATFORM\COMMON\SRC\SOC\COMMON_TI_V1\COMMON_TI\SERIAL\UART\
BUILD: [00:0000000054:PROGC ] Scan C:\WINCE600\PLATFORM\COMMON\SRC\SOC\COMMON_TI_V1\COMMON_TI\KEYS\PWRKEY\
BUILD: [00:0000000055:PROGC ] Scan C:\WINCE600\PLATFORM\COMMON\SRC\SOC\COMMON_TI_V1\COMMON_TI\MCBSP\
BUILD: [00:0000000056:PROGC ] Scan C:\WINCE600\PLATFORM\COMMON\SRC\SOC\COMMON_TI_V1\COMMON_TI\KEYPAD\GPIO_KEYPAD\
BUILD: [00:0000000057:PROGC ] Scan C:\WINCE600\PLATFORM\COMMON\SRC\SOC\COMMON_TI_V1\COMMON_TI\SDHC\BASE\
BUILD: [00:0000000058:PROGC ] Scan C:\WINCE600\PLATFORM\COMMON\SRC\SOC\COMMON_TI_V1\COMMON_TI\WAVEDEV2\
BUILD: [00:0000000059:PROGC ] Scan C:\WINCE600\PLATFORM\COMMON\SRC\SOC\COMMON_TI_V1\COMMON_TI\HECC\
BUILD: [00:0000000060:PROGC ] Scan C:\WINCE600\PLATFORM\COMMON\SRC\SOC\COMMON_TI_V1\COMMON_TI\BACKLIGHT\
BUILD: [00:0000000061:PROGC ] Scan C:\WINCE600\PLATFORM\COMMON\SRC\SOC\COMMON_TI_V1\COMMON_TI\USB\EHCIPDD\
BUILD: [00:0000000062:PROGC ] Scan C:\WINCE600\PLATFORM\COMMON\SRC\SOC\COMMON_TI_V1\COMMON_TI\USB\USB2COM\
BUILD: [00:0000000063:PROGC ] Scan C:\WINCE600\PLATFORM\COMMON\SRC\SOC\COMMON_TI_V1\COMMON_TI\VRFB\
BUILD: [00:0000000064:PROGC ] Scan C:\WINCE600\PLATFORM\COMMON\SRC\SOC\COMMON_TI_V1\COMMON_TI\PM\DEVICEMEDIATOR\
BUILD: [00:0000000065:PROGC ] Scan C:\WINCE600\PLATFORM\COMMON\SRC\SOC\COMMON_TI_V1\COMMON_TI\PM\CONSTRAINTROOT\
BUILD: [00:0000000066:PROGC ] Scan C:\WINCE600\PLATFORM\COMMON\SRC\SOC\COMMON_TI_V1\COMMON_TI\PM\POWERPOLICYROOT\
BUILD: [00:0000000067:PROGC ] Scan C:\WINCE600\PLATFORM\COMMON\SRC\SOC\COMMON_TI_V1\COMMON_TI\PM\CONSTRAINTADAPTERS\DVFSCONSTRAINT\
BUILD: [00:0000000068:PROGC ] Scan C:\WINCE600\PLATFORM\COMMON\SRC\SOC\COMMON_TI_V1\COMMON_TI\PM\CONSTRAINTADAPTERS\INTERRUPTLATENCYCONSTRAINT\
BUILD: [00:0000000069:PROGC ] Scan C:\WINCE600\PLATFORM\COMMON\SRC\SOC\COMMON_TI_V1\COMMON_TI\PM\POLICYADAPTERS\CPULOAD\
BUILD: [00:0000000070:PROGC ] Scan C:\WINCE600\PLATFORM\COMMON\SRC\SOC\COMMON_TI_V1\COMMON_TI\PM\POLICYADAPTERS\SYSTEMSTATE\
BUILD: [00:0000000071:PROGC ] Scan C:\WINCE600\PLATFORM\COMMON\SRC\SOC\COMMON_TI_V1\COMMON_TI\PM\PMEXT\
BUILD: [00:0000000072:PROGC ] Scan C:\WINCE600\PLATFORM\COMMON\SRC\SOC\COMMON_TI_V1\COMMON_TI\PM\PMXPROXY\
BUILD: [00:0000000073:PROGC ] Scan C:\WINCE600\PLATFORM\COMMON\SRC\SOC\COMMON_TI_V1\COMMON_TI\BUS\WRAPPER\
BUILD: [00:0000000074:PROGC ] Scan C:\WINCE600\PLATFORM\COMMON\SRC\SOC\COMMON_TI_V1\COMMON_TI\BUS\MDD\
BUILD: [00:0000000075:PROGC ] Scan C:\WINCE600\PLATFORM\COMMON\SRC\SOC\COMMON_TI_V1\COMMON_TI\BUS\OMAPBUS\
BUILD: [00:0000000076:PROGC ] Scan C:\WINCE600\PLATFORM\COMMON\SRC\SOC\COMMON_TI_V1\COMMON_TI\MUSB\USBOTG_ISP1504\
BUILD: [00:0000000077:PROGC ] Scan C:\WINCE600\PLATFORM\COMMON\SRC\SOC\COMMON_TI_V1\COMMON_TI\EMAC\
BUILD: [00:0000000078:PROGC ] Scan C:\WINCE600\PLATFORM\COMMON\SRC\SOC\COMMON_TI_V1\COMMON_TI\NLED\
BUILD: [00:0000000079:PROGC ] Scan C:\WINCE600\PLATFORM\COMMON\SRC\SOC\COMMON_TI_V1\COMMON_TI\HDQ\
BUILD: [00:0000000080:PROGC ] Done.
BUILD: [00:0000000081:PROGC ]                        Files  Warnings  Errors
BUILD: [00:0000000082:PROGC ] Midl                       0         0       0
BUILD: [00:0000000083:PROGC ] Message                    0         0       0
BUILD: [00:0000000084:PROGC ] Precomp Header             0         0       0
BUILD: [00:0000000085:PROGC ] Resource                   0         0       0
BUILD: [00:0000000086:PROGC ] MASM                       0         0       0
BUILD: [00:0000000087:PROGC ] SHASM                      0         0       0
BUILD: [00:0000000088:PROGC ] ARMASM                     0         0       0
BUILD: [00:0000000089:PROGC ] MIPSASM                    0         0       0
BUILD: [00:0000000090:PROGC ] C++                        0         0       0
BUILD: [00:0000000091:PROGC ] C                          0         0       0
BUILD: [00:0000000092:PROGC ] Static Libraries           0         0       0
BUILD: [00:0000000093:PROGC ] Exe's                      0         0       0
BUILD: [00:0000000094:PROGC ] Dll's                      0         0       0
BUILD: [00:0000000095:PROGC ] Preprocess deffile         0         0       0
BUILD: [00:0000000096:PROGC ] Resx                       0         0       0
BUILD: [00:0000000097:PROGC ] CSharp Compile             0         0       0
BUILD: [00:0000000098:PROGC ] Other                      0         2       0
BUILD: [00:0000000099:PROGC ] 
BUILD: [00:0000000100:PROGC ] Total                      0         2       0
BUILD: [00:0000000101:PROGC ] 
BUILD: [00:0000000102:PROGC ] 2 Warnings,  0 Errors
BUILD: [00:0000000103:PROGC ] GetSystemTimes (seconds): Idle: 1     Kernel: 2     User: 1    
BUILD: [00:0000000104:PROGC ] Elapsed  time  (seconds): 1    
