BUILD: [Thrd:Sequence:Type  ] Message
BUILD: [00:0000000000:PROGC ] Build started with parameters:
BUILD: [00:0000000001:PROGC ] Build started in directory: C:\WINCE600\PLATFORM\COMMON\SRC\SOC\COMMON_TI_V1\OMAP3530\PM\CONSTRAINTADAPTERS
BUILD: [00:0000000002:PROGC ] Checking for C:\WINCE600\sdk\bin\i386\srccheck.exe.
BUILD: [00:0000000003:PROGC ] Running passes WCEFILES0, MIDL, MC, ASN, THUNK, PRECOMPHEADER, COMPILE, LIB, LINK, MANAGEDRESX, MANAGEDMOD, MANAGEDDLL, MANAGEDEXE, MANAGEDWIN for ARM.
BUILD: [00:0000000004:PROGC ] Loading database "C:\WINCE600\PLATFORM\COMMON\Build.dat".
BUILD: [00:0000000005:PROGC ] Done.
BUILD: [00:0000000006:PROGC ] Computing include file dependencies:
BUILD: [00:0000000007:PROGC ] Checking for SDK include directory: C:\WINCE600\sdk\CE\inc.
BUILD: [00:0000000008:PROGC ] Scan C:\WINCE600\PLATFORM\COMMON\SRC\SOC\COMMON_TI_V1\OMAP3530\PM\CONSTRAINTADAPTERS\POWERDOMAINCONSTRAINT\
BUILD: [00:0000000009:PROGC ] Saving C:\WINCE600\PLATFORM\COMMON\Build.dat.
BUILD: [00:0000000010:INFO  ] Done.
BUILD: [00:0000000011:INFO  ] Will Build C:\WINCE600\PLATFORM\COMMON\SRC\SOC\COMMON_TI_V1\OMAP3530\PM\CONSTRAINTADAPTERS\POWERDOMAINCONSTRAINT\powerdomainconstraint.cpp because target: obj\ARMV4I\retail\powerdomainconstraint.obj is missing.
BUILD: [00:0000000012:INFO  ] Will Build C:\WINCE600\PLATFORM\COMMON\SRC\SOC\COMMON_TI_V1\OMAP3530\PM\CONSTRAINTADAPTERS\POWERDOMAINCONSTRAINT\powerdomaincontext.cpp because target: obj\ARMV4I\retail\powerdomaincontext.obj is missing.
BUILD: [00:0000000013:PROGC ] Building COMPILE Pass in C:\WINCE600\PLATFORM\COMMON\SRC\SOC\COMMON_TI_V1\OMAP3530\PM\CONSTRAINTADAPTERS\POWERDOMAINCONSTRAINT\ directory.
BUILD: [00:0000000014:PROG  ] 'NMAKE.EXE TargetCompilePass  -i -c BUILDMSG=Stop.  BUILDROOT=C:\WINCE600\PLATFORM\COMMON NOLINK=1 NOPASS0=1'
BUILD: [01:0000000015:INFO  ] makefile.def: Including C:\WINCE600\public\common\oak\misc\Sources.default
BUILD: [01:0000000016:INFO  ] makefile.def: BUILDROOT is C:\WINCE600\PLATFORM\COMMON
BUILD: [01:0000000017:INFO  ] makefile.def: Including C:\WINCE600\PLATFORM\COMMON\sources.cmn
BUILD: [01:0000000018:INFO  ] makefile.def: Including C:\WINCE600\PLATFORM\COMMON\SRC\SOC\COMMON_TI_V1\OMAP3530\PM\CONSTRAINTADAPTERS\POWERDOMAINCONSTRAINT\sources
BUILD: [01:0000000019:INFO  ] makefile.def: Including C:\WINCE600\public\common\oak\misc\Sources.CE
BUILD: [01:0000000020:INFO  ] Directory: C:\WINCE600\PLATFORM\COMMON\SRC\SOC\COMMON_TI_V1\OMAP3530\PM\CONSTRAINTADAPTERS\POWERDOMAINCONSTRAINT
BUILD: [01:0000000021:INFO  ] TARGETNAME: omap3530_pwrdom_constraint_lib
BUILD: [01:0000000022:INFO  ] makefile.def: Including C:\WINCE600\public\common\oak\misc\sources.ReleaseType_PLATFORMCOMMON
BUILD: [01:0000000023:PROGC ] Compiling .\powerdomainconstraint.cpp
BUILD: [01:0000000024:INFO  ] cl -nologo    /Gy -Foobj\ARMV4I\retail\powerdomainconstraint.obj -c -IARM\ -I. -IC:\WINCE600\platform\common\src\inc -IC:\WINCE600\platform\COMMON\src\soc\COMMON_TI_V1\COMMON_TI\inc -IC:\WINCE600\platform\COMMON\src\soc\COMMON_TI_V1\OMAP3530\inc -IC:\WINCE600\platform\COMMON\src\soc\COMMON_TI_V1\COMMON_TI\PM\INC -IC:\WINCE600\public\common\oak\inc -IC:\WINCE600\public\common\sdk\inc -IC:\WINCE600\public\common\ddk\inc -IC:\WINCE600\sdk\CE\inc -I.\Resource\0409 -Ox -Os -GF -Zi -FdC:\WINCE600\platform\common\lib\ARMV4I\retail\omap3530_pwrdom_constraint_lib.pdb -D_CRT_SECURE_NO_DEPRECATE -D_USE_32BIT_TIME_T -DUNICODE -D_UNICODE -DUNDER_CE=600 -D_WIN32_WCE=0x600 -DWINCEOEM -DWINCEINTERNAL -DWIN32 -DSTRICT -DARM -DARMV4I -D_ARM_ -DNDEBUG=1  -Dproject_cebase -DCEDDK_USEDDKMACRO -D_WINCEOSVER=600 -DCEDDK_USEDDKMACRO -EHsc -DINTERNATIONAL -DINTLMSG_CODEPAGE=1252 -FAsc -Faobj\ARMV4I\retail\powerdomainconstraint.cod -WX -QRimplicit-import- -Zi  -Zc:wchar_t- -Zc:forScope- -wd4867 -wd4430 -MT -U_MT -W3    /GR- -QRarch4T -DTHUMBSUPPORT -QRinterwork-return  /GS C:\WINCE600\PLATFORM\COMMON\SRC\SOC\COMMON_TI_V1\OMAP3530\PM\CONSTRAINTADAPTERS\POWERDOMAINCONSTRAINT\.\powerdomainconstraint.cpp
BUILD: [01:0000000025:INFO  ] powerdomainconstraint.cpp
BUILD: [01:0000000026:PROGC ] Compiling .\powerdomaincontext.cpp
BUILD: [01:0000000027:INFO  ] cl -nologo    /Gy -Foobj\ARMV4I\retail\powerdomaincontext.obj -c -IARM\ -I. -IC:\WINCE600\platform\common\src\inc -IC:\WINCE600\platform\COMMON\src\soc\COMMON_TI_V1\COMMON_TI\inc -IC:\WINCE600\platform\COMMON\src\soc\COMMON_TI_V1\OMAP3530\inc -IC:\WINCE600\platform\COMMON\src\soc\COMMON_TI_V1\COMMON_TI\PM\INC -IC:\WINCE600\public\common\oak\inc -IC:\WINCE600\public\common\sdk\inc -IC:\WINCE600\public\common\ddk\inc -IC:\WINCE600\sdk\CE\inc -I.\Resource\0409 -Ox -Os -GF -Zi -FdC:\WINCE600\platform\common\lib\ARMV4I\retail\omap3530_pwrdom_constraint_lib.pdb -D_CRT_SECURE_NO_DEPRECATE -D_USE_32BIT_TIME_T -DUNICODE -D_UNICODE -DUNDER_CE=600 -D_WIN32_WCE=0x600 -DWINCEOEM -DWINCEINTERNAL -DWIN32 -DSTRICT -DARM -DARMV4I -D_ARM_ -DNDEBUG=1  -Dproject_cebase -DCEDDK_USEDDKMACRO -D_WINCEOSVER=600 -DCEDDK_USEDDKMACRO -EHsc -DINTERNATIONAL -DINTLMSG_CODEPAGE=1252 -FAsc -Faobj\ARMV4I\retail\powerdomaincontext.cod -WX -QRimplicit-import- -Zi  -Zc:wchar_t- -Zc:forScope- -wd4867 -wd4430 -MT -U_MT -W3    /GR- -QRarch4T -DTHUMBSUPPORT -QRinterwork-return  /GS C:\WINCE600\PLATFORM\COMMON\SRC\SOC\COMMON_TI_V1\OMAP3530\PM\CONSTRAINTADAPTERS\POWERDOMAINCONSTRAINT\.\powerdomaincontext.cpp
BUILD: [01:0000000028:INFO  ] powerdomaincontext.cpp
BUILD: [00:0000000029:INFO  ] Will Build C:\WINCE600\PLATFORM\COMMON\SRC\SOC\COMMON_TI_V1\OMAP3530\PM\CONSTRAINTADAPTERS\POWERDOMAINCONSTRAINT\obj\ARMV4I\retail\powerdomainconstraint.obj because target: C:\WINCE600\platform\common\lib\ARMV4I\retail\omap3530_pwrdom_constraint_lib.lib is missing.
BUILD: [00:0000000030:INFO  ] Will Build C:\WINCE600\PLATFORM\COMMON\SRC\SOC\COMMON_TI_V1\OMAP3530\PM\CONSTRAINTADAPTERS\POWERDOMAINCONSTRAINT\obj\ARMV4I\retail\powerdomaincontext.obj because target: C:\WINCE600\platform\common\lib\ARMV4I\retail\omap3530_pwrdom_constraint_lib.lib is missing.
BUILD: [00:0000000031:INFO  ] Will Build C:\WINCE600\PLATFORM\COMMON\SRC\SOC\COMMON_TI_V1\OMAP3530\PM\CONSTRAINTADAPTERS\POWERDOMAINCONSTRAINT\ because target: C:\WINCE600\platform\common\lib\ARMV4I\retail\omap3530_pwrdom_constraint_lib.lib is missing.
BUILD: [00:0000000032:PROGC ] Building LIB Pass in C:\WINCE600\PLATFORM\COMMON\SRC\SOC\COMMON_TI_V1\OMAP3530\PM\CONSTRAINTADAPTERS\POWERDOMAINCONSTRAINT\ directory.
BUILD: [00:0000000033:PROG  ] 'NMAKE.EXE TargetLibFiles  -i -c BUILDMSG=Stop.  BUILDROOT=C:\WINCE600\PLATFORM\COMMON LINKONLY=1 NOPASS0=1'
BUILD: [01:0000000034:INFO  ] makefile.def: Including C:\WINCE600\public\common\oak\misc\Sources.default
BUILD: [01:0000000035:INFO  ] makefile.def: BUILDROOT is C:\WINCE600\PLATFORM\COMMON
BUILD: [01:0000000036:INFO  ] makefile.def: Including C:\WINCE600\PLATFORM\COMMON\sources.cmn
BUILD: [01:0000000037:INFO  ] makefile.def: Including C:\WINCE600\PLATFORM\COMMON\SRC\SOC\COMMON_TI_V1\OMAP3530\PM\CONSTRAINTADAPTERS\POWERDOMAINCONSTRAINT\sources
BUILD: [01:0000000038:INFO  ] makefile.def: Including C:\WINCE600\public\common\oak\misc\Sources.CE
BUILD: [01:0000000039:INFO  ] Directory: C:\WINCE600\PLATFORM\COMMON\SRC\SOC\COMMON_TI_V1\OMAP3530\PM\CONSTRAINTADAPTERS\POWERDOMAINCONSTRAINT
BUILD: [01:0000000040:INFO  ] TARGETNAME: omap3530_pwrdom_constraint_lib
BUILD: [01:0000000041:INFO  ] makefile.def: Including C:\WINCE600\public\common\oak\misc\sources.ReleaseType_PLATFORMCOMMON
BUILD: [01:0000000042:PROGC ] Linking C:\WINCE600\platform\common\lib\ARMV4I\retail\omap3530_pwrdom_constraint_lib.lib
BUILD: [01:0000000043:INFO  ] 	link -lib -out:C:\WINCE600\platform\common\lib\ARMV4I\retail\omap3530_pwrdom_constraint_lib.lib -machine:thumb @C:\DOCUME~1\brian.hsu\LOCALS~1\Temp\nm30D3.tmp
BUILD: [00:0000000044:PROGC ] Saving C:\WINCE600\PLATFORM\COMMON\Build.dat.
BUILD: [00:0000000045:INFO  ] Done.
BUILD: [00:0000000046:PROGC ] Done.
BUILD: [00:0000000047:PROGC ]                        Files  Warnings  Errors
BUILD: [00:0000000048:PROGC ] Midl                       0         0       0
BUILD: [00:0000000049:PROGC ] Message                    0         0       0
BUILD: [00:0000000050:PROGC ] Precomp Header             0         0       0
BUILD: [00:0000000051:PROGC ] Resource                   0         0       0
BUILD: [00:0000000052:PROGC ] MASM                       0         0       0
BUILD: [00:0000000053:PROGC ] SHASM                      0         0       0
BUILD: [00:0000000054:PROGC ] ARMASM                     0         0       0
BUILD: [00:0000000055:PROGC ] MIPSASM                    0         0       0
BUILD: [00:0000000056:PROGC ] C++                        2         0       0
BUILD: [00:0000000057:PROGC ] C                          0         0       0
BUILD: [00:0000000058:PROGC ] Static Libraries           1         0       0
BUILD: [00:0000000059:PROGC ] Exe's                      0         0       0
BUILD: [00:0000000060:PROGC ] Dll's                      0         0       0
BUILD: [00:0000000061:PROGC ] Preprocess deffile         0         0       0
BUILD: [00:0000000062:PROGC ] Resx                       0         0       0
BUILD: [00:0000000063:PROGC ] CSharp Compile             0         0       0
BUILD: [00:0000000064:PROGC ] Other                      0         0       0
BUILD: [00:0000000065:PROGC ] 
BUILD: [00:0000000066:PROGC ] Total                      3         0       0
BUILD: [00:0000000067:PROGC ] 
BUILD: [00:0000000068:PROGC ] 0 Warnings,  0 Errors
BUILD: [00:0000000069:PROGC ] GetSystemTimes (seconds): Idle: 5     Kernel: 6     User: 1    
BUILD: [00:0000000070:PROGC ] Elapsed  time  (seconds): 1    
