BUILD: [Thrd:Sequence:Type  ] Message
BUILD: [00:0000000000:PROGC ] Build started with parameters: -c
BUILD: [00:0000000001:PROGC ] Build started in directory: C:\WINCE600\PLATFORM\Z2170P\SRC\APP\BSPVERSION\EXE
BUILD: [00:0000000002:PROGC ] Checking for C:\WINCE600\sdk\bin\i386\srccheck.exe.
BUILD: [00:0000000003:PROGC ] Running passes WCEFILES0, MIDL, MC, ASN, THUNK, PRECOMPHEADER, COMPILE, LIB, LINK, MANAGEDRESX, MANAGEDMOD, MANAGEDDLL, MANAGEDEXE, MANAGEDWIN for ARM.
BUILD: [00:0000000004:PROGC ] Ignoring build database (-c specified).
BUILD: [00:0000000005:PROGC ] Computing include file dependencies:
BUILD: [00:0000000006:PROGC ] Checking for SDK include directory: C:\WINCE600\sdk\CE\inc.
BUILD: [00:0000000007:PROGC ] Scan C:\WINCE600\PLATFORM\Z2170P\SRC\APP\BSPVERSION\EXE\
BUILD: [00:0000000008:PROGC ] Saving C:\WINCE600\PLATFORM\Z2170P\Build.dat.
BUILD: [00:0000000009:INFO  ] Done.
BUILD: [00:0000000010:INFO  ] Will Build C:\WINCE600\PLATFORM\Z2170P\SRC\APP\BSPVERSION\EXE\main.cpp because target: obj\ARMV4I\retail\main.obj is missing.
BUILD: [00:0000000011:PROGC ] Building COMPILE Pass in C:\WINCE600\PLATFORM\Z2170P\SRC\APP\BSPVERSION\EXE\ directory.
BUILD: [00:0000000012:PROG  ] 'NMAKE.EXE TargetCompilePass  -i -c BUILDMSG=Stop.  BUILDROOT=C:\WINCE600\PLATFORM\Z2170P CLEANBUILD=1 NOLINK=1 NOPASS0=1'
BUILD: [01:0000000013:INFO  ] makefile.def: Including C:\WINCE600\public\common\oak\misc\Sources.default
BUILD: [01:0000000014:INFO  ] makefile.def: BUILDROOT is C:\WINCE600\PLATFORM\Z2170P
BUILD: [01:0000000015:INFO  ] makefile.def: Including C:\WINCE600\PLATFORM\Z2170P\sources.cmn
BUILD: [01:0000000016:INFO  ] makefile.def: Including C:\WINCE600\PLATFORM\Z2170P\SRC\APP\BSPVERSION\EXE\sources
BUILD: [01:0000000017:INFO  ] makefile.def: Including C:\WINCE600\public\common\oak\misc\Sources.CE
BUILD: [01:0000000018:INFO  ] Directory: C:\WINCE600\PLATFORM\Z2170P\SRC\APP\BSPVERSION\EXE
BUILD: [01:0000000019:INFO  ] TARGETNAME: bsppnl
BUILD: [01:0000000020:INFO  ] makefile.def: Including C:\WINCE600\public\common\oak\misc\sources.ReleaseType_PLATFORM
BUILD: [01:0000000021:PROGC ] Compiling .\main.cpp
BUILD: [01:0000000022:INFO  ] cl -nologo    /Gy -Foobj\ARMV4I\retail\main.obj -c -IARM\ -I. -IC:\WINCE600\platform\COMMON\src\inc -IC:\WINCE600\platform\Z2170P\src\inc -IC:\WINCE600\platform\COMMON\src\soc\COMMON_TI_V1\TRITON\inc -IC:\WINCE600\platform\COMMON\src\soc\COMMON_TI_V1\TPS659xx\inc -IC:\WINCE600\platform\COMMON\src\soc\COMMON_TI_V1\COMMON_TI\inc -IC:\WINCE600\platform\COMMON\src\soc\COMMON_TI_V1\OMAP3530\inc -IC:\WINCE600\platform\Z2170P\src\inc\OEMDefs -IC:\WINCE600\PUBLIC\SHELLSDK\SDK\INC -IC:\WINCE600\PUBLIC\IE\SDK\INC -IC:\WINCE600\PUBLIC\common\oak\inc -IC:\WINCE600\PUBLIC\common\ddk\inc -IC:\WINCE600\PUBLIC\common\sdk\inc -IC:\WINCE600\platform\Z2170P\src\inc -IC:\WINCE600\public\common\oak\inc -IC:\WINCE600\public\common\sdk\inc -IC:\WINCE600\sdk\CE\inc -I.\Resource\0409 -Ox -Os -GF -Zi -FdC:\WINCE600\platform\Z2170P\target\ARMV4I\retail\bsppnl.pdb -D_CRT_SECURE_NO_DEPRECATE -D_USE_32BIT_TIME_T -DUNICODE -D_UNICODE -DUNDER_CE=600 -D_WIN32_WCE=0x600 -DWINCEOEM -DWINCEINTERNAL -DWIN32 -DSTRICT -DARM -DARMV4I -D_ARM_ -DNDEBUG=1  -D_SOC_MODEL=OMAP3530 -D_TRITON_MODEL=TPS659xx -DCEDDK_USEDDKMACRO -D_WINCEOSVER=600 -DBSP_EVM2 -DBSP_OPM_SELECT_37XX=4 -DBSP_OPM_SELECT_35XX=5 -DBSP_RTC_WAKES_CPU -DBSP_SDRAM_BANK1_ENABLE -DBSP_Z2000 -DINTERNATIONAL -DINTLMSG_CODEPAGE=1252 -FAsc -Faobj\ARMV4I\retail\main.cod -WX -QRimplicit-import- -Zi  -Zc:wchar_t- -Zc:forScope- -wd4867 -wd4430 -MT -U_MT -W4 /analyze   /GR- -QRarch4T -DTHUMBSUPPORT -QRinterwork-return  /GS C:\WINCE600\PLATFORM\Z2170P\SRC\APP\BSPVERSION\EXE\.\main.cpp
BUILD: [01:0000000023:INFO  ] main.cpp
BUILD: [00:0000000024:INFO  ] Will Build C:\WINCE600\OSDesigns\Z2170P\Z2170P\Wince600\Z2170P_ARMV4I\cesysgen\sdk\lib\ARMV4I\retail\coredll.lib because target: C:\WINCE600\platform\Z2170P\target\ARMV4I\retail\bsppnl.exe is missing.
BUILD: [00:0000000025:INFO  ] Will Build C:\WINCE600\PLATFORM\Z2170P\SRC\APP\BSPVERSION\EXE\obj\ARMV4I\retail\main.obj because target: C:\WINCE600\platform\Z2170P\target\ARMV4I\retail\bsppnl.exe is missing.
BUILD: [00:0000000026:INFO  ] Will Build C:\WINCE600\PLATFORM\Z2170P\SRC\APP\BSPVERSION\EXE\ because target: C:\WINCE600\platform\Z2170P\target\ARMV4I\retail\bsppnl.exe is missing.
BUILD: [00:0000000027:PROGC ] Building LINK Pass in C:\WINCE600\PLATFORM\Z2170P\SRC\APP\BSPVERSION\EXE\ directory.
BUILD: [00:0000000028:PROG  ] 'NMAKE.EXE TargetExeFiles  -i -c BUILDMSG=Stop.  BUILDROOT=C:\WINCE600\PLATFORM\Z2170P CLEANBUILD=1 LINKONLY=1 NOPASS0=1'
BUILD: [01:0000000029:INFO  ] makefile.def: Including C:\WINCE600\public\common\oak\misc\Sources.default
BUILD: [01:0000000030:INFO  ] makefile.def: BUILDROOT is C:\WINCE600\PLATFORM\Z2170P
BUILD: [01:0000000031:INFO  ] makefile.def: Including C:\WINCE600\PLATFORM\Z2170P\sources.cmn
BUILD: [01:0000000032:INFO  ] makefile.def: Including C:\WINCE600\PLATFORM\Z2170P\SRC\APP\BSPVERSION\EXE\sources
BUILD: [01:0000000033:INFO  ] makefile.def: Including C:\WINCE600\public\common\oak\misc\Sources.CE
BUILD: [01:0000000034:INFO  ] Directory: C:\WINCE600\PLATFORM\Z2170P\SRC\APP\BSPVERSION\EXE
BUILD: [01:0000000035:INFO  ] TARGETNAME: bsppnl
BUILD: [01:0000000036:INFO  ] makefile.def: Including C:\WINCE600\public\common\oak\misc\sources.ReleaseType_PLATFORM
BUILD: [01:0000000037:INFO  ] 	set LIB=C:\WINCE600\sdk\CE\lib
BUILD: [01:0000000038:PROGC ] Linking C:\WINCE600\platform\Z2170P\target\ARMV4I\retail\bsppnl.exe
BUILD: [01:0000000039:INFO  ] 	link /LARGEADDRESSAWARE -out:C:\WINCE600\platform\Z2170P\target\ARMV4I\retail\bsppnl.exe -machine:thumb @C:\DOCUME~1\RAY~1.HUA\LOCALS~1\Temp\nm7BC.tmp
BUILD: [01:0000000040:INFO  ] Microsoft (R) Incremental Linker Version 8.00.50727.42
BUILD: [01:0000000041:INFO  ] Copyright (C) Microsoft Corporation.  All rights reserved.
BUILD: [01:0000000042:INFO  ] 
BUILD: [01:0000000043:INFO  ] -nodefaultlib 
BUILD: [01:0000000044:INFO  ] -entry:WinMainCRTStartup 
BUILD: [01:0000000045:INFO  ] -pdb:C:\WINCE600\platform\Z2170P\target\ARMV4I\retail\bsppnl.pdb 
BUILD: [01:0000000046:INFO  ] -pdbaltpath:bsppnl.pdb 
BUILD: [01:0000000047:INFO  ] /opt:ref /verbose 
BUILD: [01:0000000048:INFO  ] -debug -debugtype:cv -incremental:no 
BUILD: [01:0000000049:INFO  ] -map:C:\WINCE600\platform\Z2170P\target\ARMV4I\retail\bsppnl.map 
BUILD: [01:0000000050:INFO  ] -savebaserelocations:C:\WINCE600\platform\Z2170P\target\ARMV4I\retail\bsppnl.rel 
BUILD: [01:0000000051:INFO  ] -MERGE:.rdata=.text -merge:.astart=.text -align:4096 -ignore:4001,4070,4078,4086,4089,4096,4099,4108,4229 /STACK:65536,4096 -debugtype:cv,fixup -incremental:no 
BUILD: [01:0000000052:INFO  ] /subsystem:windowsce,6.00 
BUILD: [01:0000000053:INFO  ] -base:0x00010000 
BUILD: [01:0000000054:INFO  ] obj\ARMV4I\retail\main.obj 
BUILD: [01:0000000055:INFO  ] C:\WINCE600\OSDesigns\Z2170P\Z2170P\Wince600\Z2170P_ARMV4I\cesysgen\sdk\lib\ARMV4I\retail\coredll.lib C:\WINCE600\OSDesigns\Z2170P\Z2170P\Wince600\Z2170P_ARMV4I\cesysgen\oak\lib\ARMV4I\retail\corelib0.lib C:\WINCE600\OSDesigns\Z2170P\Z2170P\Wince600\Z2170P_ARMV4I\cesysgen\oak\lib\ARMV4I\retail\corelib1.lib 
BUILD: [01:0000000056:INFO  ] 
BUILD: [01:0000000057:INFO  ] Starting pass 1
BUILD: [01:0000000058:INFO  ] 
BUILD: [01:0000000059:INFO  ] Searching libraries
BUILD: [01:0000000060:INFO  ]     Searching C:\WINCE600\OSDesigns\Z2170P\Z2170P\Wince600\Z2170P_ARMV4I\cesysgen\sdk\lib\ARMV4I\retail\coredll.lib:
BUILD: [01:0000000061:INFO  ]       Found PostQuitMessage
BUILD: [01:0000000062:INFO  ]         Referenced in main.obj
BUILD: [01:0000000063:INFO  ]         Loaded coredll.lib(COREDLL.dll)
BUILD: [01:0000000064:INFO  ]       Found DestroyWindow
BUILD: [01:0000000065:INFO  ]         Referenced in main.obj
BUILD: [01:0000000066:INFO  ]         Loaded coredll.lib(COREDLL.dll)
BUILD: [01:0000000067:INFO  ]       Found DefWindowProcW
BUILD: [01:0000000068:INFO  ]         Referenced in main.obj
BUILD: [01:0000000069:INFO  ]         Loaded coredll.lib(COREDLL.dll)
BUILD: [01:0000000070:INFO  ]       Found GetMessageW
BUILD: [01:0000000071:INFO  ]         Referenced in main.obj
BUILD: [01:0000000072:INFO  ]         Loaded coredll.lib(COREDLL.dll)
BUILD: [01:0000000073:INFO  ]       Found DispatchMessageW
BUILD: [01:0000000074:INFO  ]         Referenced in main.obj
BUILD: [01:0000000075:INFO  ]         Loaded coredll.lib(COREDLL.dll)
BUILD: [01:0000000076:INFO  ]       Found TranslateMessage
BUILD: [01:0000000077:INFO  ]         Referenced in main.obj
BUILD: [01:0000000078:INFO  ]         Loaded coredll.lib(COREDLL.dll)
BUILD: [01:0000000079:INFO  ]       Found UpdateWindow
BUILD: [01:0000000080:INFO  ]         Referenced in main.obj
BUILD: [01:0000000081:INFO  ]         Loaded coredll.lib(COREDLL.dll)
BUILD: [01:0000000082:INFO  ]       Found ShowWindow
BUILD: [01:0000000083:INFO  ]         Referenced in main.obj
BUILD: [01:0000000084:INFO  ]         Loaded coredll.lib(COREDLL.dll)
BUILD: [01:0000000085:INFO  ]       Found CreateWindowExW
BUILD: [01:0000000086:INFO  ]         Referenced in main.obj
BUILD: [01:0000000087:INFO  ]         Loaded coredll.lib(COREDLL.dll)
BUILD: [01:0000000088:INFO  ]       Found KernelIoControl
BUILD: [01:0000000089:INFO  ]         Referenced in main.obj
BUILD: [01:0000000090:INFO  ]         Loaded coredll.lib(COREDLL.dll)
BUILD: [01:0000000091:INFO  ]       Found GetSystemMetrics
BUILD: [01:0000000092:INFO  ]         Referenced in main.obj
BUILD: [01:0000000093:INFO  ]         Loaded coredll.lib(COREDLL.dll)
BUILD: [01:0000000094:INFO  ]       Found MessageBoxW
BUILD: [01:0000000095:INFO  ]         Referenced in main.obj
BUILD: [01:0000000096:INFO  ]         Loaded coredll.lib(COREDLL.dll)
BUILD: [01:0000000097:INFO  ]       Found RegisterClassW
BUILD: [01:0000000098:INFO  ]         Referenced in main.obj
BUILD: [01:0000000099:INFO  ]         Loaded coredll.lib(COREDLL.dll)
BUILD: [01:0000000100:INFO  ]       Found GetStockObject
BUILD: [01:0000000101:INFO  ]         Referenced in main.obj
BUILD: [01:0000000102:INFO  ]         Loaded coredll.lib(COREDLL.dll)
BUILD: [01:0000000103:INFO  ]       Found LoadCursorW
BUILD: [01:0000000104:INFO  ]         Referenced in main.obj
BUILD: [01:0000000105:INFO  ]         Loaded coredll.lib(COREDLL.dll)
BUILD: [01:0000000106:INFO  ]       Found __IMPORT_DESCRIPTOR_COREDLL
BUILD: [01:0000000107:INFO  ]         Referenced in coredll.lib(COREDLL.dll)
BUILD: [01:0000000108:INFO  ]         Referenced in coredll.lib(COREDLL.dll)
BUILD: [01:0000000109:INFO  ]         Referenced in coredll.lib(COREDLL.dll)
BUILD: [01:0000000110:INFO  ]         Referenced in coredll.lib(COREDLL.dll)
BUILD: [01:0000000111:INFO  ]         Referenced in coredll.lib(COREDLL.dll)
BUILD: [01:0000000112:INFO  ]         Referenced in coredll.lib(COREDLL.dll)
BUILD: [01:0000000113:INFO  ]         Referenced in coredll.lib(COREDLL.dll)
BUILD: [01:0000000114:INFO  ]         Referenced in coredll.lib(COREDLL.dll)
BUILD: [01:0000000115:INFO  ]         Referenced in coredll.lib(COREDLL.dll)
BUILD: [01:0000000116:INFO  ]         Referenced in coredll.lib(COREDLL.dll)
BUILD: [01:0000000117:INFO  ]         Referenced in coredll.lib(COREDLL.dll)
BUILD: [01:0000000118:INFO  ]         Referenced in coredll.lib(COREDLL.dll)
BUILD: [01:0000000119:INFO  ]         Referenced in coredll.lib(COREDLL.dll)
BUILD: [01:0000000120:INFO  ]         Referenced in coredll.lib(COREDLL.dll)
BUILD: [01:0000000121:INFO  ]         Referenced in coredll.lib(COREDLL.dll)
BUILD: [01:0000000122:INFO  ]         Loaded coredll.lib(COREDLL.dll)
BUILD: [01:0000000123:INFO  ]       Found __NULL_IMPORT_DESCRIPTOR
BUILD: [01:0000000124:INFO  ]         Referenced in coredll.lib(COREDLL.dll)
BUILD: [01:0000000125:INFO  ]         Loaded coredll.lib(COREDLL.dll)
BUILD: [01:0000000126:INFO  ]       Found COREDLL_NULL_THUNK_DATA
BUILD: [01:0000000127:INFO  ]         Referenced in coredll.lib(COREDLL.dll)
BUILD: [01:0000000128:INFO  ]         Loaded coredll.lib(COREDLL.dll)
BUILD: [01:0000000129:INFO  ]     Searching C:\WINCE600\OSDesigns\Z2170P\Z2170P\Wince600\Z2170P_ARMV4I\cesysgen\oak\lib\ARMV4I\retail\corelib0.lib:
BUILD: [01:0000000130:INFO  ]       Found WinMainCRTStartup
BUILD: [01:0000000131:INFO  ]         Loaded corelib0.lib(pegwmain.obj)
BUILD: [01:0000000132:INFO  ]       Found __GSHandlerCheck
BUILD: [01:0000000133:INFO  ]         Referenced in main.obj
BUILD: [01:0000000134:INFO  ]         Loaded corelib0.lib(gshandler.obj)
BUILD: [01:0000000135:INFO  ]       Found __security_cookie
BUILD: [01:0000000136:INFO  ]         Referenced in main.obj
BUILD: [01:0000000137:INFO  ]         Loaded corelib0.lib(seccinit.obj)
BUILD: [01:0000000138:INFO  ]       Found __security_check_cookie
BUILD: [01:0000000139:INFO  ]         Referenced in main.obj
BUILD: [01:0000000140:INFO  ]         Referenced in corelib0.lib(gshandler.obj)
BUILD: [01:0000000141:INFO  ]         Loaded corelib0.lib(armsecgs.obj)
BUILD: [01:0000000142:INFO  ]       Found _exit
BUILD: [01:0000000143:INFO  ]         Referenced in corelib0.lib(pegwmain.obj)
BUILD: [01:0000000144:INFO  ]         Loaded corelib0.lib(cexit.obj)
BUILD: [01:0000000145:INFO  ]       Found _cinit
BUILD: [01:0000000146:INFO  ]         Referenced in corelib0.lib(pegwmain.obj)
BUILD: [01:0000000147:INFO  ]         Loaded corelib0.lib(crt0dat.obj)
BUILD: [01:0000000148:INFO  ]       Found __onexitend
BUILD: [01:0000000149:INFO  ]         Referenced in corelib0.lib(cexit.obj)
BUILD: [01:0000000150:INFO  ]         Loaded corelib0.lib(onexit.obj)
BUILD: [01:0000000151:INFO  ]       Found __xt_z
BUILD: [01:0000000152:INFO  ]         Referenced in corelib0.lib(cexit.obj)
BUILD: [01:0000000153:INFO  ]         Loaded corelib0.lib(crt0init.obj)
BUILD: [01:0000000154:INFO  ]     Searching C:\WINCE600\OSDesigns\Z2170P\Z2170P\Wince600\Z2170P_ARMV4I\cesysgen\oak\lib\ARMV4I\retail\corelib1.lib:
BUILD: [01:0000000155:INFO  ]       Found _ltow
BUILD: [01:0000000156:INFO  ]         Referenced in main.obj
BUILD: [01:0000000157:INFO  ]         Loaded corelib1.lib(COREDLL.dll)
BUILD: [01:0000000158:INFO  ]       Found wcscat
BUILD: [01:0000000159:INFO  ]         Referenced in main.obj
BUILD: [01:0000000160:INFO  ]         Loaded corelib1.lib(COREDLL.dll)
BUILD: [01:0000000161:INFO  ]       Found _XcptFilter
BUILD: [01:0000000162:INFO  ]         Referenced in corelib0.lib(pegwmain.obj)
BUILD: [01:0000000163:INFO  ]         Loaded corelib1.lib(COREDLL.dll)
BUILD: [01:0000000164:INFO  ]       Found __C_specific_handler
BUILD: [01:0000000165:INFO  ]         Referenced in corelib0.lib(pegwmain.obj)
BUILD: [01:0000000166:INFO  ]         Referenced in corelib0.lib(onexit.obj)
BUILD: [01:0000000167:INFO  ]         Loaded corelib1.lib(COREDLL.dll)
BUILD: [01:0000000168:INFO  ]       Found __security_gen_cookie2
BUILD: [01:0000000169:INFO  ]         Referenced in corelib0.lib(seccinit.obj)
BUILD: [01:0000000170:INFO  ]         Loaded corelib1.lib(COREDLL.dll)
BUILD: [01:0000000171:INFO  ]       Found __report_gsfailure
BUILD: [01:0000000172:INFO  ]         Referenced in corelib0.lib(armsecgs.obj)
BUILD: [01:0000000173:INFO  ]         Loaded corelib1.lib(COREDLL.dll)
BUILD: [01:0000000174:INFO  ]       Found free
BUILD: [01:0000000175:INFO  ]         Referenced in corelib0.lib(cexit.obj)
BUILD: [01:0000000176:INFO  ]         Referenced in corelib0.lib(onexit.obj)
BUILD: [01:0000000177:INFO  ]         Loaded corelib1.lib(COREDLL.dll)
BUILD: [01:0000000178:INFO  ]       Found malloc
BUILD: [01:0000000179:INFO  ]         Referenced in corelib0.lib(onexit.obj)
BUILD: [01:0000000180:INFO  ]         Loaded corelib1.lib(COREDLL.dll)
BUILD: [01:0000000181:INFO  ]       Found realloc
BUILD: [01:0000000182:INFO  ]         Referenced in corelib0.lib(onexit.obj)
BUILD: [01:0000000183:INFO  ]         Loaded corelib1.lib(COREDLL.dll)
BUILD: [01:0000000184:INFO  ]       Found _msize
BUILD: [01:0000000185:INFO  ]         Referenced in corelib0.lib(onexit.obj)
BUILD: [01:0000000186:INFO  ]         Loaded corelib1.lib(COREDLL.dll)
BUILD: [01:0000000187:INFO  ]     Searching C:\WINCE600\OSDesigns\Z2170P\Z2170P\Wince600\Z2170P_ARMV4I\cesysgen\sdk\lib\ARMV4I\retail\coredll.lib:
BUILD: [01:0000000188:INFO  ]       Found DeleteCriticalSection
BUILD: [01:0000000189:INFO  ]         Referenced in corelib0.lib(cexit.obj)
BUILD: [01:0000000190:INFO  ]         Referenced in corelib0.lib(onexit.obj)
BUILD: [01:0000000191:INFO  ]         Loaded coredll.lib(COREDLL.dll)
BUILD: [01:0000000192:INFO  ]       Found InterlockedExchange
BUILD: [01:0000000193:INFO  ]         Referenced in corelib0.lib(cexit.obj)
BUILD: [01:0000000194:INFO  ]         Loaded coredll.lib(COREDLL.dll)
BUILD: [01:0000000195:INFO  ]       Found TerminateProcess
BUILD: [01:0000000196:INFO  ]         Referenced in corelib0.lib(cexit.obj)
BUILD: [01:0000000197:INFO  ]         Loaded coredll.lib(COREDLL.dll)
BUILD: [01:0000000198:INFO  ]       Found EnterCriticalSection
BUILD: [01:0000000199:INFO  ]         Referenced in corelib0.lib(onexit.obj)
BUILD: [01:0000000200:INFO  ]         Loaded coredll.lib(COREDLL.dll)
BUILD: [01:0000000201:INFO  ]       Found InterlockedCompareExchange
BUILD: [01:0000000202:INFO  ]         Referenced in corelib0.lib(onexit.obj)
BUILD: [01:0000000203:INFO  ]         Loaded coredll.lib(COREDLL.dll)
BUILD: [01:0000000204:INFO  ]       Found InitializeCriticalSection
BUILD: [01:0000000205:INFO  ]         Referenced in corelib0.lib(onexit.obj)
BUILD: [01:0000000206:INFO  ]         Loaded coredll.lib(COREDLL.dll)
BUILD: [01:0000000207:INFO  ]       Found LeaveCriticalSection
BUILD: [01:0000000208:INFO  ]         Referenced in corelib0.lib(onexit.obj)
BUILD: [01:0000000209:INFO  ]         Loaded coredll.lib(COREDLL.dll)
BUILD: [01:0000000210:INFO  ] 
BUILD: [01:0000000211:INFO  ] Finished searching libraries
BUILD: [01:0000000212:INFO  ] 
BUILD: [01:0000000213:INFO  ] Finished pass 1
BUILD: [01:0000000214:INFO  ] 
BUILD: [01:0000000215:INFO  ]     Discarded __imp_malloc from corelib1.lib(COREDLL.dll)
BUILD: [01:0000000216:INFO  ]     Discarded __imp_realloc from corelib1.lib(COREDLL.dll)
BUILD: [01:0000000217:INFO  ]     Discarded __imp__msize from corelib1.lib(COREDLL.dll)
BUILD: [01:0000000218:INFO  ]     Discarded __imp_EnterCriticalSection from coredll.lib(COREDLL.dll)
BUILD: [01:0000000219:INFO  ]     Discarded __imp_InterlockedCompareExchange from coredll.lib(COREDLL.dll)
BUILD: [01:0000000220:INFO  ]     Discarded __imp_InitializeCriticalSection from coredll.lib(COREDLL.dll)
BUILD: [01:0000000221:INFO  ]     Discarded __imp_LeaveCriticalSection from coredll.lib(COREDLL.dll)
BUILD: [01:0000000222:INFO  ]     Discarded '.pdata' from corelib0.lib(cexit.obj)
BUILD: [01:0000000223:INFO  ]     Discarded '.pdata' from corelib0.lib(cexit.obj)
BUILD: [01:0000000224:INFO  ]     Discarded '.pdata' from corelib0.lib(cexit.obj)
BUILD: [01:0000000225:INFO  ]     Discarded '.pdata' from corelib0.lib(onexit.obj)
BUILD: [01:0000000226:INFO  ]     Discarded '.pdata' from corelib0.lib(onexit.obj)
BUILD: [01:0000000227:INFO  ]     Discarded '.pdata' from corelib0.lib(onexit.obj)
BUILD: [01:0000000228:INFO  ]     Discarded '.pdata' from corelib0.lib(onexit.obj)
BUILD: [01:0000000229:INFO  ]     Discarded '.pdata' from corelib0.lib(onexit.obj)
BUILD: [01:0000000230:INFO  ]     Discarded '.pdata' from corelib0.lib(onexit.obj)
BUILD: [01:0000000231:INFO  ]     Discarded GetCurrentProcess from corelib0.lib(cexit.obj)
BUILD: [01:0000000232:INFO  ]     Discarded _cexit from corelib0.lib(cexit.obj)
BUILD: [01:0000000233:INFO  ]     Discarded _c_exit from corelib0.lib(cexit.obj)
BUILD: [01:0000000234:INFO  ]     Discarded lockexit from corelib0.lib(onexit.obj)
BUILD: [01:0000000235:INFO  ]     Discarded unlockexit from corelib0.lib(onexit.obj)
BUILD: [01:0000000236:INFO  ]     Discarded _onexit_nolock from corelib0.lib(onexit.obj)
BUILD: [01:0000000237:INFO  ]     Discarded _onexit from corelib0.lib(onexit.obj)
BUILD: [01:0000000238:INFO  ]     Discarded atexit from corelib0.lib(onexit.obj)
BUILD: [01:0000000239:INFO  ]     Discarded malloc from corelib1.lib(COREDLL.dll)
BUILD: [01:0000000240:INFO  ]     Discarded realloc from corelib1.lib(COREDLL.dll)
BUILD: [01:0000000241:INFO  ]     Discarded _msize from corelib1.lib(COREDLL.dll)
BUILD: [01:0000000242:INFO  ]     Discarded EnterCriticalSection from coredll.lib(COREDLL.dll)
BUILD: [01:0000000243:INFO  ]     Discarded InterlockedCompareExchange from coredll.lib(COREDLL.dll)
BUILD: [01:0000000244:INFO  ]     Discarded InitializeCriticalSection from coredll.lib(COREDLL.dll)
BUILD: [01:0000000245:INFO  ]     Discarded LeaveCriticalSection from coredll.lib(COREDLL.dll)
BUILD: [01:0000000246:INFO  ]     Discarded '.xdata' from corelib0.lib(onexit.obj)
BUILD: [01:0000000247:INFO  ]     Discarded '.idata$4' from corelib1.lib(COREDLL.dll)
BUILD: [01:0000000248:INFO  ]     Discarded '.idata$4' from corelib1.lib(COREDLL.dll)
BUILD: [01:0000000249:INFO  ]     Discarded '.idata$4' from corelib1.lib(COREDLL.dll)
BUILD: [01:0000000250:INFO  ]     Discarded '.idata$4' from coredll.lib(COREDLL.dll)
BUILD: [01:0000000251:INFO  ]     Discarded '.idata$4' from coredll.lib(COREDLL.dll)
BUILD: [01:0000000252:INFO  ]     Discarded '.idata$4' from coredll.lib(COREDLL.dll)
BUILD: [01:0000000253:INFO  ]     Discarded '.idata$4' from coredll.lib(COREDLL.dll)
BUILD: [01:0000000254:INFO  ] Starting pass 2
BUILD: [01:0000000255:INFO  ]      main.obj
BUILD: [01:0000000256:INFO  ]      coredll.lib(COREDLL.dll)
BUILD: [01:0000000257:INFO  ]      coredll.lib(COREDLL.dll)
BUILD: [01:0000000258:INFO  ]      coredll.lib(COREDLL.dll)
BUILD: [01:0000000259:INFO  ]      coredll.lib(COREDLL.dll)
BUILD: [01:0000000260:INFO  ]      coredll.lib(COREDLL.dll)
BUILD: [01:0000000261:INFO  ]      coredll.lib(COREDLL.dll)
BUILD: [01:0000000262:INFO  ]      coredll.lib(COREDLL.dll)
BUILD: [01:0000000263:INFO  ]      coredll.lib(COREDLL.dll)
BUILD: [01:0000000264:INFO  ]      coredll.lib(COREDLL.dll)
BUILD: [01:0000000265:INFO  ]      coredll.lib(COREDLL.dll)
BUILD: [01:0000000266:INFO  ]      coredll.lib(COREDLL.dll)
BUILD: [01:0000000267:INFO  ]      coredll.lib(COREDLL.dll)
BUILD: [01:0000000268:INFO  ]      coredll.lib(COREDLL.dll)
BUILD: [01:0000000269:INFO  ]      coredll.lib(COREDLL.dll)
BUILD: [01:0000000270:INFO  ]      coredll.lib(COREDLL.dll)
BUILD: [01:0000000271:INFO  ]      coredll.lib(COREDLL.dll)
BUILD: [01:0000000272:INFO  ]      coredll.lib(COREDLL.dll)
BUILD: [01:0000000273:INFO  ]      coredll.lib(COREDLL.dll)
BUILD: [01:0000000274:INFO  ]      coredll.lib(COREDLL.dll)
BUILD: [01:0000000275:INFO  ]      coredll.lib(COREDLL.dll)
BUILD: [01:0000000276:INFO  ]      coredll.lib(COREDLL.dll)
BUILD: [01:0000000277:INFO  ]      coredll.lib(COREDLL.dll)
BUILD: [01:0000000278:INFO  ]      coredll.lib(COREDLL.dll)
BUILD: [01:0000000279:INFO  ]      coredll.lib(COREDLL.dll)
BUILD: [01:0000000280:INFO  ]      coredll.lib(COREDLL.dll)
BUILD: [01:0000000281:INFO  ]      corelib0.lib(seccinit.obj)
BUILD: [01:0000000282:INFO  ]      corelib0.lib(pegwmain.obj)
BUILD: [01:0000000283:INFO  ]      corelib0.lib(onexit.obj)
BUILD: [01:0000000284:INFO  ]      corelib0.lib(crt0init.obj)
BUILD: [01:0000000285:INFO  ]      corelib0.lib(crt0dat.obj)
BUILD: [01:0000000286:INFO  ]      corelib0.lib(cexit.obj)
BUILD: [01:0000000287:INFO  ]      corelib0.lib(gshandler.obj)
BUILD: [01:0000000288:INFO  ]      corelib0.lib(armsecgs.obj)
BUILD: [01:0000000289:INFO  ]      corelib1.lib(COREDLL.dll)
BUILD: [01:0000000290:INFO  ]      corelib1.lib(COREDLL.dll)
BUILD: [01:0000000291:INFO  ]      corelib1.lib(COREDLL.dll)
BUILD: [01:0000000292:INFO  ]      corelib1.lib(COREDLL.dll)
BUILD: [01:0000000293:INFO  ]      corelib1.lib(COREDLL.dll)
BUILD: [01:0000000294:INFO  ]      corelib1.lib(COREDLL.dll)
BUILD: [01:0000000295:INFO  ]      corelib1.lib(COREDLL.dll)
BUILD: [01:0000000296:INFO  ]      corelib1.lib(COREDLL.dll)
BUILD: [01:0000000297:INFO  ]      corelib1.lib(COREDLL.dll)
BUILD: [01:0000000298:INFO  ]      corelib1.lib(COREDLL.dll)
BUILD: [01:0000000299:INFO  ] Finished pass 2
BUILD: [01:0000000300:INFO  ] 	editbin /nxcompat C:\WINCE600\platform\Z2170P\target\ARMV4I\retail\bsppnl.exe
BUILD: [01:0000000301:INFO  ] Microsoft (R) COFF/PE Editor Version 8.00.50727.42
BUILD: [01:0000000302:INFO  ] Copyright (C) Microsoft Corporation.  All rights reserved.
BUILD: [01:0000000303:INFO  ] 
BUILD: [01:0000000304:INFO  ] 
BUILD: [01:0000000305:INFO  ] 	copylink /S:a /D:f /E:a /R:n C:\WINCE600\platform\Z2170P\target\ARMV4I\retail\bsppnl.exe C:\WINCE600\OSDesigns\Z2170P\Z2170P\RelDir\Z2170P_ARMV4I_Release\bsppnl.exe
BUILD: [01:0000000306:INFO  ] 	copylink /S:a /D:f /E:a /R:n C:\WINCE600\platform\Z2170P\target\ARMV4I\retail\bsppnl.map C:\WINCE600\OSDesigns\Z2170P\Z2170P\RelDir\Z2170P_ARMV4I_Release\bsppnl.map
BUILD: [01:0000000307:INFO  ] 	if exist C:\WINCE600\platform\Z2170P\target\ARMV4I\retail\bsppnl.pdb copylink /S:a /D:f /E:a /R:n C:\WINCE600\platform\Z2170P\target\ARMV4I\retail\bsppnl.pdb C:\WINCE600\OSDesigns\Z2170P\Z2170P\RelDir\Z2170P_ARMV4I_Release
BUILD: [01:0000000308:INFO  ] 	if exist C:\WINCE600\platform\Z2170P\target\ARMV4I\retail\bsppnl.rel copylink /S:a /D:f /E:a /R:n C:\WINCE600\platform\Z2170P\target\ARMV4I\retail\bsppnl.rel C:\WINCE600\OSDesigns\Z2170P\Z2170P\RelDir\Z2170P_ARMV4I_Release\bsppnl.rel
BUILD: [00:0000000309:PROGC ] Saving C:\WINCE600\PLATFORM\Z2170P\Build.dat.
BUILD: [00:0000000310:INFO  ] Done.
BUILD: [00:0000000311:PROGC ] Done.
BUILD: [00:0000000312:PROGC ]                        Files  Warnings  Errors
BUILD: [00:0000000313:PROGC ] Midl                       0         0       0
BUILD: [00:0000000314:PROGC ] Message                    0         0       0
BUILD: [00:0000000315:PROGC ] Precomp Header             0         0       0
BUILD: [00:0000000316:PROGC ] Resource                   0         0       0
BUILD: [00:0000000317:PROGC ] MASM                       0         0       0
BUILD: [00:0000000318:PROGC ] SHASM                      0         0       0
BUILD: [00:0000000319:PROGC ] ARMASM                     0         0       0
BUILD: [00:0000000320:PROGC ] MIPSASM                    0         0       0
BUILD: [00:0000000321:PROGC ] C++                        1         0       0
BUILD: [00:0000000322:PROGC ] C                          0         0       0
BUILD: [00:0000000323:PROGC ] Static Libraries           0         0       0
BUILD: [00:0000000324:PROGC ] Exe's                      1         0       0
BUILD: [00:0000000325:PROGC ] Dll's                      0         0       0
BUILD: [00:0000000326:PROGC ] Preprocess deffile         0         0       0
BUILD: [00:0000000327:PROGC ] Resx                       0         0       0
BUILD: [00:0000000328:PROGC ] CSharp Compile             0         0       0
BUILD: [00:0000000329:PROGC ] Other                      0         0       0
BUILD: [00:0000000330:PROGC ] 
BUILD: [00:0000000331:PROGC ] Total                      2         0       0
BUILD: [00:0000000332:PROGC ] 
BUILD: [00:0000000333:PROGC ] 0 Warnings,  0 Errors
BUILD: [00:0000000334:PROGC ] GetSystemTimes (seconds): Idle: 3     Kernel: 4     User: 1    
BUILD: [00:0000000335:PROGC ] Elapsed  time  (seconds): 3    
